[0.030s] Invoking command in '/data/home/yanzezhang/Documents/roboClaw/RoboClaw_Nav/robotics/ros_ws/build/dynamixel_sdk': CMAKE_PREFIX_PATH=${CMAKE_PREFIX_PATH}:/data/home/yanzezhang/turtlebot3_ws/install/turtlebot3_teleop:/data/home/yanzezhang/turtlebot3_ws/install/turtlebot3_example:/opt/ros/humble /usr/bin/cmake /data/home/yanzezhang/Documents/roboClaw/RoboClaw_Nav/robotics/ros_ws/src/DynamixelSDK/ros/dynamixel_sdk -DAMENT_CMAKE_SYMLINK_INSTALL=1 -DCMAKE_INSTALL_PREFIX=/data/home/yanzezhang/Documents/roboClaw/RoboClaw_Nav/robotics/ros_ws/install/dynamixel_sdk
[0.108s] -- The C compiler identification is GNU 11.4.0
[0.161s] -- The CXX compiler identification is GNU 11.4.0
[0.170s] -- Detecting C compiler ABI info
[0.254s] -- Detecting C compiler ABI info - done
[0.258s] -- Check for working C compiler: /usr/bin/cc - skipped
[0.258s] -- Detecting C compile features
[0.258s] -- Detecting C compile features - done
[0.260s] -- Detecting CXX compiler ABI info
[0.349s] -- Detecting CXX compiler ABI info - done
[0.355s] -- Check for working CXX compiler: /usr/bin/c++ - skipped
[0.355s] -- Detecting CXX compile features
[0.355s] -- Detecting CXX compile features - done
[0.359s] -- Found ament_cmake: 1.3.11 (/opt/ros/humble/share/ament_cmake/cmake)
[0.484s] -- Found Python3: /usr/bin/python3 (found version "3.10.12") found components: Interpreter 
[0.532s] -- Override CMake install command with custom implementation using symlinks instead of copying resources
[0.728s] -- Configuring done
[0.734s] -- Generating done
[0.736s] -- Build files have been written to: /data/home/yanzezhang/Documents/roboClaw/RoboClaw_Nav/robotics/ros_ws/build/dynamixel_sdk
[0.741s] Invoked command in '/data/home/yanzezhang/Documents/roboClaw/RoboClaw_Nav/robotics/ros_ws/build/dynamixel_sdk' returned '0': CMAKE_PREFIX_PATH=${CMAKE_PREFIX_PATH}:/data/home/yanzezhang/turtlebot3_ws/install/turtlebot3_teleop:/data/home/yanzezhang/turtlebot3_ws/install/turtlebot3_example:/opt/ros/humble /usr/bin/cmake /data/home/yanzezhang/Documents/roboClaw/RoboClaw_Nav/robotics/ros_ws/src/DynamixelSDK/ros/dynamixel_sdk -DAMENT_CMAKE_SYMLINK_INSTALL=1 -DCMAKE_INSTALL_PREFIX=/data/home/yanzezhang/Documents/roboClaw/RoboClaw_Nav/robotics/ros_ws/install/dynamixel_sdk
[0.742s] Invoking command in '/data/home/yanzezhang/Documents/roboClaw/RoboClaw_Nav/robotics/ros_ws/build/dynamixel_sdk': CMAKE_PREFIX_PATH=${CMAKE_PREFIX_PATH}:/data/home/yanzezhang/turtlebot3_ws/install/turtlebot3_teleop:/data/home/yanzezhang/turtlebot3_ws/install/turtlebot3_example:/opt/ros/humble /usr/bin/cmake --build /data/home/yanzezhang/Documents/roboClaw/RoboClaw_Nav/robotics/ros_ws/build/dynamixel_sdk -- -j48 -l48
[0.806s] [  5%] [32mBuilding CXX object CMakeFiles/dynamixel_sdk.dir/src/dynamixel_sdk/protocol2_packet_handler.cpp.o[0m
[0.806s] [ 11%] [32mBuilding CXX object CMakeFiles/dynamixel_sdk.dir/src/dynamixel_sdk/group_sync_read.cpp.o[0m
[0.806s] [ 16%] [32mBuilding CXX object CMakeFiles/dynamixel_sdk.dir/src/dynamixel_sdk/group_sync_write.cpp.o[0m
[0.806s] [ 22%] [32mBuilding CXX object CMakeFiles/dynamixel_sdk.dir/src/dynamixel_sdk/group_bulk_write.cpp.o[0m
[0.807s] [ 27%] [32mBuilding CXX object CMakeFiles/dynamixel_sdk.dir/src/dynamixel_sdk/protocol1_packet_handler.cpp.o[0m
[0.807s] [ 44%] [32mBuilding CXX object CMakeFiles/dynamixel_sdk.dir/src/dynamixel_sdk/group_bulk_read.cpp.o[0m
[0.807s] [ 44%] [32mBuilding CXX object CMakeFiles/dynamixel_sdk.dir/src/dynamixel_sdk/packet_handler.cpp.o[0m
[0.807s] [ 44%] [32mBuilding CXX object CMakeFiles/dynamixel_sdk.dir/src/dynamixel_sdk/group_fast_sync_read.cpp.o[0m
[0.807s] [ 50%] [32mBuilding CXX object CMakeFiles/dynamixel_sdk.dir/src/dynamixel_sdk/group_handler.cpp.o[0m
[0.808s] [ 55%] [32mBuilding CXX object CMakeFiles/dynamixel_sdk.dir/src/dynamixel_easy_sdk/group_executor.cpp.o[0m
[0.809s] [ 66%] [32mBuilding CXX object CMakeFiles/dynamixel_sdk.dir/src/dynamixel_sdk/group_fast_bulk_read.cpp.o[0m
[0.809s] [ 66%] [32mBuilding CXX object CMakeFiles/dynamixel_sdk.dir/src/dynamixel_easy_sdk/connector.cpp.o[0m
[0.809s] [ 72%] [32mBuilding CXX object CMakeFiles/dynamixel_sdk.dir/src/dynamixel_easy_sdk/control_table.cpp.o[0m
[0.810s] [ 77%] [32mBuilding CXX object CMakeFiles/dynamixel_sdk.dir/src/dynamixel_easy_sdk/motor.cpp.o[0m
[0.810s] [ 83%] [32mBuilding CXX object CMakeFiles/dynamixel_sdk.dir/src/dynamixel_easy_sdk/dynamixel_error.cpp.o[0m
[0.810s] [ 88%] [32mBuilding CXX object CMakeFiles/dynamixel_sdk.dir/src/dynamixel_sdk/port_handler.cpp.o[0m
[0.810s] [ 94%] [32mBuilding CXX object CMakeFiles/dynamixel_sdk.dir/src/dynamixel_sdk/port_handler_linux.cpp.o[0m
[0.816s] [ 94%] Built target ament_cmake_python_symlink_dynamixel_easy_sdk
[0.817s] [ 94%] Built target ament_cmake_python_symlink_dynamixel_sdk
[0.989s] running egg_info
[0.990s] creating dynamixel_easy_sdk.egg-info
[0.990s] writing dynamixel_easy_sdk.egg-info/PKG-INFO
[0.990s] writing dependency_links to dynamixel_easy_sdk.egg-info/dependency_links.txt
[0.990s] writing top-level names to dynamixel_easy_sdk.egg-info/top_level.txt
[0.990s] writing manifest file 'dynamixel_easy_sdk.egg-info/SOURCES.txt'
[0.990s] reading manifest file 'dynamixel_easy_sdk.egg-info/SOURCES.txt'
[0.991s] writing manifest file 'dynamixel_easy_sdk.egg-info/SOURCES.txt'
[0.992s] running egg_info
[0.992s] creating dynamixel_sdk.egg-info
[0.992s] writing dynamixel_sdk.egg-info/PKG-INFO
[0.992s] writing dependency_links to dynamixel_sdk.egg-info/dependency_links.txt
[0.992s] writing top-level names to dynamixel_sdk.egg-info/top_level.txt
[0.992s] writing manifest file 'dynamixel_sdk.egg-info/SOURCES.txt'
[0.994s] reading manifest file 'dynamixel_sdk.egg-info/SOURCES.txt'
[0.994s] writing manifest file 'dynamixel_sdk.egg-info/SOURCES.txt'
[1.015s] [ 94%] Built target ament_cmake_python_build_dynamixel_easy_sdk_egg
[1.020s] [ 94%] Built target ament_cmake_python_build_dynamixel_sdk_egg
[1.389s] [100%] [32m[1mLinking CXX shared library libdynamixel_sdk.so[0m
[1.490s] [100%] Built target dynamixel_sdk
[1.505s] Invoked command in '/data/home/yanzezhang/Documents/roboClaw/RoboClaw_Nav/robotics/ros_ws/build/dynamixel_sdk' returned '0': CMAKE_PREFIX_PATH=${CMAKE_PREFIX_PATH}:/data/home/yanzezhang/turtlebot3_ws/install/turtlebot3_teleop:/data/home/yanzezhang/turtlebot3_ws/install/turtlebot3_example:/opt/ros/humble /usr/bin/cmake --build /data/home/yanzezhang/Documents/roboClaw/RoboClaw_Nav/robotics/ros_ws/build/dynamixel_sdk -- -j48 -l48
[1.506s] Invoking command in '/data/home/yanzezhang/Documents/roboClaw/RoboClaw_Nav/robotics/ros_ws/build/dynamixel_sdk': CMAKE_PREFIX_PATH=${CMAKE_PREFIX_PATH}:/data/home/yanzezhang/turtlebot3_ws/install/turtlebot3_teleop:/data/home/yanzezhang/turtlebot3_ws/install/turtlebot3_example:/opt/ros/humble /usr/bin/cmake --install /data/home/yanzezhang/Documents/roboClaw/RoboClaw_Nav/robotics/ros_ws/build/dynamixel_sdk
[1.513s] -- Install configuration: ""
[1.514s] -- Execute custom install script
[1.514s] -- Symlinking: /data/home/yanzezhang/Documents/roboClaw/RoboClaw_Nav/robotics/ros_ws/install/dynamixel_sdk/include//dynamixel_easy_sdk/connector.hpp
[1.524s] -- Symlinking: /data/home/yanzezhang/Documents/roboClaw/RoboClaw_Nav/robotics/ros_ws/install/dynamixel_sdk/include//dynamixel_easy_sdk/control_table.hpp
[1.534s] -- Symlinking: /data/home/yanzezhang/Documents/roboClaw/RoboClaw_Nav/robotics/ros_ws/install/dynamixel_sdk/include//dynamixel_easy_sdk/data_types.hpp
[1.545s] -- Symlinking: /data/home/yanzezhang/Documents/roboClaw/RoboClaw_Nav/robotics/ros_ws/install/dynamixel_sdk/include//dynamixel_easy_sdk/dynamixel_easy_sdk.hpp
[1.555s] -- Symlinking: /data/home/yanzezhang/Documents/roboClaw/RoboClaw_Nav/robotics/ros_ws/install/dynamixel_sdk/include//dynamixel_easy_sdk/dynamixel_error.hpp
[1.565s] -- Symlinking: /data/home/yanzezhang/Documents/roboClaw/RoboClaw_Nav/robotics/ros_ws/install/dynamixel_sdk/include//dynamixel_easy_sdk/group_executor.hpp
[1.576s] -- Symlinking: /data/home/yanzezhang/Documents/roboClaw/RoboClaw_Nav/robotics/ros_ws/install/dynamixel_sdk/include//dynamixel_easy_sdk/motor.hpp
[1.587s] -- Symlinking: /data/home/yanzezhang/Documents/roboClaw/RoboClaw_Nav/robotics/ros_ws/install/dynamixel_sdk/include//dynamixel_sdk/dynamixel_sdk.h
[1.596s] -- Symlinking: /data/home/yanzezhang/Documents/roboClaw/RoboClaw_Nav/robotics/ros_ws/install/dynamixel_sdk/include//dynamixel_sdk/group_bulk_read.h
[1.605s] -- Symlinking: /data/home/yanzezhang/Documents/roboClaw/RoboClaw_Nav/robotics/ros_ws/install/dynamixel_sdk/include//dynamixel_sdk/group_bulk_write.h
[1.615s] -- Symlinking: /data/home/yanzezhang/Documents/roboClaw/RoboClaw_Nav/robotics/ros_ws/install/dynamixel_sdk/include//dynamixel_sdk/group_fast_bulk_read.h
[1.624s] -- Symlinking: /data/home/yanzezhang/Documents/roboClaw/RoboClaw_Nav/robotics/ros_ws/install/dynamixel_sdk/include//dynamixel_sdk/group_fast_sync_read.h
[1.634s] -- Symlinking: /data/home/yanzezhang/Documents/roboClaw/RoboClaw_Nav/robotics/ros_ws/install/dynamixel_sdk/include//dynamixel_sdk/group_handler.h
[1.644s] -- Symlinking: /data/home/yanzezhang/Documents/roboClaw/RoboClaw_Nav/robotics/ros_ws/install/dynamixel_sdk/include//dynamixel_sdk/group_sync_read.h
[1.654s] -- Symlinking: /data/home/yanzezhang/Documents/roboClaw/RoboClaw_Nav/robotics/ros_ws/install/dynamixel_sdk/include//dynamixel_sdk/group_sync_write.h
[1.665s] -- Symlinking: /data/home/yanzezhang/Documents/roboClaw/RoboClaw_Nav/robotics/ros_ws/install/dynamixel_sdk/include//dynamixel_sdk/packet_handler.h
[1.676s] -- Symlinking: /data/home/yanzezhang/Documents/roboClaw/RoboClaw_Nav/robotics/ros_ws/install/dynamixel_sdk/include//dynamixel_sdk/port_handler.h
[1.686s] -- Symlinking: /data/home/yanzezhang/Documents/roboClaw/RoboClaw_Nav/robotics/ros_ws/install/dynamixel_sdk/include//dynamixel_sdk/port_handler_arduino.h
[1.696s] -- Symlinking: /data/home/yanzezhang/Documents/roboClaw/RoboClaw_Nav/robotics/ros_ws/install/dynamixel_sdk/include//dynamixel_sdk/port_handler_linux.h
[1.707s] -- Symlinking: /data/home/yanzezhang/Documents/roboClaw/RoboClaw_Nav/robotics/ros_ws/install/dynamixel_sdk/include//dynamixel_sdk/port_handler_mac.h
[1.718s] -- Symlinking: /data/home/yanzezhang/Documents/roboClaw/RoboClaw_Nav/robotics/ros_ws/install/dynamixel_sdk/include//dynamixel_sdk/port_handler_windows.h
[1.728s] -- Symlinking: /data/home/yanzezhang/Documents/roboClaw/RoboClaw_Nav/robotics/ros_ws/install/dynamixel_sdk/include//dynamixel_sdk/protocol1_packet_handler.h
[1.738s] -- Symlinking: /data/home/yanzezhang/Documents/roboClaw/RoboClaw_Nav/robotics/ros_ws/install/dynamixel_sdk/include//dynamixel_sdk/protocol2_packet_handler.h
[1.749s] -- Symlinking: /data/home/yanzezhang/Documents/roboClaw/RoboClaw_Nav/robotics/ros_ws/install/dynamixel_sdk/share/dynamixel_sdk/control_table/2xc430_w250.model
[1.758s] -- Symlinking: /data/home/yanzezhang/Documents/roboClaw/RoboClaw_Nav/robotics/ros_ws/install/dynamixel_sdk/share/dynamixel_sdk/control_table/2xl430_w250.model
[1.770s] -- Symlinking: /data/home/yanzezhang/Documents/roboClaw/RoboClaw_Nav/robotics/ros_ws/install/dynamixel_sdk/share/dynamixel_sdk/control_table/dynamixel.model
[1.781s] -- Symlinking: /data/home/yanzezhang/Documents/roboClaw/RoboClaw_Nav/robotics/ros_ws/install/dynamixel_sdk/share/dynamixel_sdk/control_table/h42_20_s300_ra.model
[1.791s] -- Symlinking: /data/home/yanzezhang/Documents/roboClaw/RoboClaw_Nav/robotics/ros_ws/install/dynamixel_sdk/share/dynamixel_sdk/control_table/h54_100_s500_ra.model
[1.803s] -- Symlinking: /data/home/yanzezhang/Documents/roboClaw/RoboClaw_Nav/robotics/ros_ws/install/dynamixel_sdk/share/dynamixel_sdk/control_table/h54_200_s500_ra.model
[1.814s] -- Symlinking: /data/home/yanzezhang/Documents/roboClaw/RoboClaw_Nav/robotics/ros_ws/install/dynamixel_sdk/share/dynamixel_sdk/control_table/m42_10_s260_ra.model
[1.826s] -- Symlinking: /data/home/yanzezhang/Documents/roboClaw/RoboClaw_Nav/robotics/ros_ws/install/dynamixel_sdk/share/dynamixel_sdk/control_table/m54_40_s250_ra.model
[1.837s] -- Symlinking: /data/home/yanzezhang/Documents/roboClaw/RoboClaw_Nav/robotics/ros_ws/install/dynamixel_sdk/share/dynamixel_sdk/control_table/m54_60_s250_ra.model
[1.847s] -- Symlinking: /data/home/yanzezhang/Documents/roboClaw/RoboClaw_Nav/robotics/ros_ws/install/dynamixel_sdk/share/dynamixel_sdk/control_table/mx_106.model
[1.857s] -- Symlinking: /data/home/yanzezhang/Documents/roboClaw/RoboClaw_Nav/robotics/ros_ws/install/dynamixel_sdk/share/dynamixel_sdk/control_table/mx_28.model
[1.867s] -- Symlinking: /data/home/yanzezhang/Documents/roboClaw/RoboClaw_Nav/robotics/ros_ws/install/dynamixel_sdk/share/dynamixel_sdk/control_table/mx_64.model
[1.879s] -- Symlinking: /data/home/yanzezhang/Documents/roboClaw/RoboClaw_Nav/robotics/ros_ws/install/dynamixel_sdk/share/dynamixel_sdk/control_table/ph42_020_s300.model
[1.890s] -- Symlinking: /data/home/yanzezhang/Documents/roboClaw/RoboClaw_Nav/robotics/ros_ws/install/dynamixel_sdk/share/dynamixel_sdk/control_table/ph54_100_s500.model
[1.900s] -- Symlinking: /data/home/yanzezhang/Documents/roboClaw/RoboClaw_Nav/robotics/ros_ws/install/dynamixel_sdk/share/dynamixel_sdk/control_table/ph54_200_s500.model
[1.911s] -- Symlinking: /data/home/yanzezhang/Documents/roboClaw/RoboClaw_Nav/robotics/ros_ws/install/dynamixel_sdk/share/dynamixel_sdk/control_table/pm42_010_s260.model
[1.922s] -- Symlinking: /data/home/yanzezhang/Documents/roboClaw/RoboClaw_Nav/robotics/ros_ws/install/dynamixel_sdk/share/dynamixel_sdk/control_table/pm54_040_s250.model
[1.932s] -- Symlinking: /data/home/yanzezhang/Documents/roboClaw/RoboClaw_Nav/robotics/ros_ws/install/dynamixel_sdk/share/dynamixel_sdk/control_table/pm54_060_s250.model
[1.942s] -- Symlinking: /data/home/yanzezhang/Documents/roboClaw/RoboClaw_Nav/robotics/ros_ws/install/dynamixel_sdk/share/dynamixel_sdk/control_table/rh_p12_rn.model
[1.951s] -- Symlinking: /data/home/yanzezhang/Documents/roboClaw/RoboClaw_Nav/robotics/ros_ws/install/dynamixel_sdk/share/dynamixel_sdk/control_table/xc330_m181.model
[1.962s] -- Symlinking: /data/home/yanzezhang/Documents/roboClaw/RoboClaw_Nav/robotics/ros_ws/install/dynamixel_sdk/share/dynamixel_sdk/control_table/xc330_m181_fw52.model
[1.973s] -- Symlinking: /data/home/yanzezhang/Documents/roboClaw/RoboClaw_Nav/robotics/ros_ws/install/dynamixel_sdk/share/dynamixel_sdk/control_table/xc330_m288.model
[1.983s] -- Symlinking: /data/home/yanzezhang/Documents/roboClaw/RoboClaw_Nav/robotics/ros_ws/install/dynamixel_sdk/share/dynamixel_sdk/control_table/xc330_m288_fw52.model
[1.996s] -- Symlinking: /data/home/yanzezhang/Documents/roboClaw/RoboClaw_Nav/robotics/ros_ws/install/dynamixel_sdk/share/dynamixel_sdk/control_table/xc330_t181.model
[2.007s] -- Symlinking: /data/home/yanzezhang/Documents/roboClaw/RoboClaw_Nav/robotics/ros_ws/install/dynamixel_sdk/share/dynamixel_sdk/control_table/xc330_t181_fw52.model
[2.018s] -- Symlinking: /data/home/yanzezhang/Documents/roboClaw/RoboClaw_Nav/robotics/ros_ws/install/dynamixel_sdk/share/dynamixel_sdk/control_table/xc330_t288.model
[2.029s] -- Symlinking: /data/home/yanzezhang/Documents/roboClaw/RoboClaw_Nav/robotics/ros_ws/install/dynamixel_sdk/share/dynamixel_sdk/control_table/xc330_t288_fw52.model
[2.039s] -- Symlinking: /data/home/yanzezhang/Documents/roboClaw/RoboClaw_Nav/robotics/ros_ws/install/dynamixel_sdk/share/dynamixel_sdk/control_table/xc430_w150.model
[2.049s] -- Symlinking: /data/home/yanzezhang/Documents/roboClaw/RoboClaw_Nav/robotics/ros_ws/install/dynamixel_sdk/share/dynamixel_sdk/control_table/xc430_w240.model
[2.059s] -- Symlinking: /data/home/yanzezhang/Documents/roboClaw/RoboClaw_Nav/robotics/ros_ws/install/dynamixel_sdk/share/dynamixel_sdk/control_table/xd430_t210.model
[2.070s] -- Symlinking: /data/home/yanzezhang/Documents/roboClaw/RoboClaw_Nav/robotics/ros_ws/install/dynamixel_sdk/share/dynamixel_sdk/control_table/xd430_t350.model
[2.080s] -- Symlinking: /data/home/yanzezhang/Documents/roboClaw/RoboClaw_Nav/robotics/ros_ws/install/dynamixel_sdk/share/dynamixel_sdk/control_table/xd540_t150.model
[2.091s] -- Symlinking: /data/home/yanzezhang/Documents/roboClaw/RoboClaw_Nav/robotics/ros_ws/install/dynamixel_sdk/share/dynamixel_sdk/control_table/xd540_t270.model
[2.100s] -- Symlinking: /data/home/yanzezhang/Documents/roboClaw/RoboClaw_Nav/robotics/ros_ws/install/dynamixel_sdk/share/dynamixel_sdk/control_table/xh430_v210.model
[2.111s] -- Symlinking: /data/home/yanzezhang/Documents/roboClaw/RoboClaw_Nav/robotics/ros_ws/install/dynamixel_sdk/share/dynamixel_sdk/control_table/xh430_v350.model
[2.121s] -- Symlinking: /data/home/yanzezhang/Documents/roboClaw/RoboClaw_Nav/robotics/ros_ws/install/dynamixel_sdk/share/dynamixel_sdk/control_table/xh430_w210.model
[2.131s] -- Symlinking: /data/home/yanzezhang/Documents/roboClaw/RoboClaw_Nav/robotics/ros_ws/install/dynamixel_sdk/share/dynamixel_sdk/control_table/xh430_w350.model
[2.140s] -- Symlinking: /data/home/yanzezhang/Documents/roboClaw/RoboClaw_Nav/robotics/ros_ws/install/dynamixel_sdk/share/dynamixel_sdk/control_table/xh540_v150.model
[2.151s] -- Symlinking: /data/home/yanzezhang/Documents/roboClaw/RoboClaw_Nav/robotics/ros_ws/install/dynamixel_sdk/share/dynamixel_sdk/control_table/xh540_v270.model
[2.162s] -- Symlinking: /data/home/yanzezhang/Documents/roboClaw/RoboClaw_Nav/robotics/ros_ws/install/dynamixel_sdk/share/dynamixel_sdk/control_table/xh540_w150.model
[2.172s] -- Symlinking: /data/home/yanzezhang/Documents/roboClaw/RoboClaw_Nav/robotics/ros_ws/install/dynamixel_sdk/share/dynamixel_sdk/control_table/xh540_w270.model
[2.183s] -- Symlinking: /data/home/yanzezhang/Documents/roboClaw/RoboClaw_Nav/robotics/ros_ws/install/dynamixel_sdk/share/dynamixel_sdk/control_table/xl320.model
[2.193s] -- Symlinking: /data/home/yanzezhang/Documents/roboClaw/RoboClaw_Nav/robotics/ros_ws/install/dynamixel_sdk/share/dynamixel_sdk/control_table/xl330_m077.model
[2.204s] -- Symlinking: /data/home/yanzezhang/Documents/roboClaw/RoboClaw_Nav/robotics/ros_ws/install/dynamixel_sdk/share/dynamixel_sdk/control_table/xl330_m077_fw52.model
[2.214s] -- Symlinking: /data/home/yanzezhang/Documents/roboClaw/RoboClaw_Nav/robotics/ros_ws/install/dynamixel_sdk/share/dynamixel_sdk/control_table/xl330_m288.model
[2.225s] -- Symlinking: /data/home/yanzezhang/Documents/roboClaw/RoboClaw_Nav/robotics/ros_ws/install/dynamixel_sdk/share/dynamixel_sdk/control_table/xl330_m288_fw52.model
[2.236s] -- Symlinking: /data/home/yanzezhang/Documents/roboClaw/RoboClaw_Nav/robotics/ros_ws/install/dynamixel_sdk/share/dynamixel_sdk/control_table/xl430_w250.model
[2.246s] -- Symlinking: /data/home/yanzezhang/Documents/roboClaw/RoboClaw_Nav/robotics/ros_ws/install/dynamixel_sdk/share/dynamixel_sdk/control_table/xm430_w210.model
[2.259s] -- Symlinking: /data/home/yanzezhang/Documents/roboClaw/RoboClaw_Nav/robotics/ros_ws/install/dynamixel_sdk/share/dynamixel_sdk/control_table/xm430_w350.model
[2.269s] -- Symlinking: /data/home/yanzezhang/Documents/roboClaw/RoboClaw_Nav/robotics/ros_ws/install/dynamixel_sdk/share/dynamixel_sdk/control_table/xm540_w150.model
[2.280s] -- Symlinking: /data/home/yanzezhang/Documents/roboClaw/RoboClaw_Nav/robotics/ros_ws/install/dynamixel_sdk/share/dynamixel_sdk/control_table/xm540_w270.model
[2.290s] -- Symlinking: /data/home/yanzezhang/Documents/roboClaw/RoboClaw_Nav/robotics/ros_ws/install/dynamixel_sdk/share/dynamixel_sdk/control_table/xw430_t200.model
[2.301s] -- Symlinking: /data/home/yanzezhang/Documents/roboClaw/RoboClaw_Nav/robotics/ros_ws/install/dynamixel_sdk/share/dynamixel_sdk/control_table/xw430_t333.model
[2.310s] -- Symlinking: /data/home/yanzezhang/Documents/roboClaw/RoboClaw_Nav/robotics/ros_ws/install/dynamixel_sdk/share/dynamixel_sdk/control_table/xw540_h260.model
[2.319s] -- Symlinking: /data/home/yanzezhang/Documents/roboClaw/RoboClaw_Nav/robotics/ros_ws/install/dynamixel_sdk/share/dynamixel_sdk/control_table/xw540_t140.model
[2.329s] -- Symlinking: /data/home/yanzezhang/Documents/roboClaw/RoboClaw_Nav/robotics/ros_ws/install/dynamixel_sdk/share/dynamixel_sdk/control_table/xw540_t260.model
[2.340s] -- Symlinking: /data/home/yanzezhang/Documents/roboClaw/RoboClaw_Nav/robotics/ros_ws/install/dynamixel_sdk/share/dynamixel_sdk/control_table/ym070_210_a051.model
[2.352s] -- Symlinking: /data/home/yanzezhang/Documents/roboClaw/RoboClaw_Nav/robotics/ros_ws/install/dynamixel_sdk/share/dynamixel_sdk/control_table/ym070_210_a099.model
[2.361s] -- Symlinking: /data/home/yanzezhang/Documents/roboClaw/RoboClaw_Nav/robotics/ros_ws/install/dynamixel_sdk/share/dynamixel_sdk/control_table/ym070_210_b001.model
[2.371s] -- Symlinking: /data/home/yanzezhang/Documents/roboClaw/RoboClaw_Nav/robotics/ros_ws/install/dynamixel_sdk/share/dynamixel_sdk/control_table/ym070_210_m001.model
[2.381s] -- Symlinking: /data/home/yanzezhang/Documents/roboClaw/RoboClaw_Nav/robotics/ros_ws/install/dynamixel_sdk/share/dynamixel_sdk/control_table/ym070_210_r051.model
[2.391s] -- Symlinking: /data/home/yanzezhang/Documents/roboClaw/RoboClaw_Nav/robotics/ros_ws/install/dynamixel_sdk/share/dynamixel_sdk/control_table/ym070_210_r099.model
[2.400s] -- Symlinking: /data/home/yanzezhang/Documents/roboClaw/RoboClaw_Nav/robotics/ros_ws/install/dynamixel_sdk/share/dynamixel_sdk/control_table/ym080_230_a051.model
[2.410s] -- Symlinking: /data/home/yanzezhang/Documents/roboClaw/RoboClaw_Nav/robotics/ros_ws/install/dynamixel_sdk/share/dynamixel_sdk/control_table/ym080_230_a099.model
[2.421s] -- Symlinking: /data/home/yanzezhang/Documents/roboClaw/RoboClaw_Nav/robotics/ros_ws/install/dynamixel_sdk/share/dynamixel_sdk/control_table/ym080_230_b001.model
[2.433s] -- Symlinking: /data/home/yanzezhang/Documents/roboClaw/RoboClaw_Nav/robotics/ros_ws/install/dynamixel_sdk/share/dynamixel_sdk/control_table/ym080_230_m001.model
[2.443s] -- Symlinking: /data/home/yanzezhang/Documents/roboClaw/RoboClaw_Nav/robotics/ros_ws/install/dynamixel_sdk/share/dynamixel_sdk/control_table/ym080_230_r051.model
[2.452s] -- Symlinking: /data/home/yanzezhang/Documents/roboClaw/RoboClaw_Nav/robotics/ros_ws/install/dynamixel_sdk/share/dynamixel_sdk/control_table/ym080_230_r099.model
[2.463s] -- Symlinking: /data/home/yanzezhang/Documents/roboClaw/RoboClaw_Nav/robotics/ros_ws/install/dynamixel_sdk/share/dynamixel_sdk/environment/pythonpath.sh
[2.472s] -- Symlinking: /data/home/yanzezhang/Documents/roboClaw/RoboClaw_Nav/robotics/ros_ws/install/dynamixel_sdk/share/dynamixel_sdk/environment/pythonpath.dsv
[2.482s] -- Symlinking: /data/home/yanzezhang/Documents/roboClaw/RoboClaw_Nav/robotics/ros_ws/install/dynamixel_sdk/local/lib/python3.10/dist-packages/dynamixel_sdk-4.0.3-py3.10.egg-info/PKG-INFO
[2.492s] -- Symlinking: /data/home/yanzezhang/Documents/roboClaw/RoboClaw_Nav/robotics/ros_ws/install/dynamixel_sdk/local/lib/python3.10/dist-packages/dynamixel_sdk-4.0.3-py3.10.egg-info/SOURCES.txt
[2.502s] -- Symlinking: /data/home/yanzezhang/Documents/roboClaw/RoboClaw_Nav/robotics/ros_ws/install/dynamixel_sdk/local/lib/python3.10/dist-packages/dynamixel_sdk-4.0.3-py3.10.egg-info/dependency_links.txt
[2.511s] -- Symlinking: /data/home/yanzezhang/Documents/roboClaw/RoboClaw_Nav/robotics/ros_ws/install/dynamixel_sdk/local/lib/python3.10/dist-packages/dynamixel_sdk-4.0.3-py3.10.egg-info/top_level.txt
[2.523s] -- Symlinking: /data/home/yanzezhang/Documents/roboClaw/RoboClaw_Nav/robotics/ros_ws/install/dynamixel_sdk/local/lib/python3.10/dist-packages/dynamixel_sdk/__init__.py
[2.533s] -- Symlinking: /data/home/yanzezhang/Documents/roboClaw/RoboClaw_Nav/robotics/ros_ws/install/dynamixel_sdk/local/lib/python3.10/dist-packages/dynamixel_sdk/group_bulk_read.cpp
[2.543s] -- Symlinking: /data/home/yanzezhang/Documents/roboClaw/RoboClaw_Nav/robotics/ros_ws/install/dynamixel_sdk/local/lib/python3.10/dist-packages/dynamixel_sdk/group_bulk_read.py
[2.554s] -- Symlinking: /data/home/yanzezhang/Documents/roboClaw/RoboClaw_Nav/robotics/ros_ws/install/dynamixel_sdk/local/lib/python3.10/dist-packages/dynamixel_sdk/group_bulk_write.cpp
[2.564s] -- Symlinking: /data/home/yanzezhang/Documents/roboClaw/RoboClaw_Nav/robotics/ros_ws/install/dynamixel_sdk/local/lib/python3.10/dist-packages/dynamixel_sdk/group_bulk_write.py
[2.574s] -- Symlinking: /data/home/yanzezhang/Documents/roboClaw/RoboClaw_Nav/robotics/ros_ws/install/dynamixel_sdk/local/lib/python3.10/dist-packages/dynamixel_sdk/group_fast_bulk_read.cpp
[2.584s] -- Symlinking: /data/home/yanzezhang/Documents/roboClaw/RoboClaw_Nav/robotics/ros_ws/install/dynamixel_sdk/local/lib/python3.10/dist-packages/dynamixel_sdk/group_fast_sync_read.cpp
[2.593s] -- Symlinking: /data/home/yanzezhang/Documents/roboClaw/RoboClaw_Nav/robotics/ros_ws/install/dynamixel_sdk/local/lib/python3.10/dist-packages/dynamixel_sdk/group_handler.cpp
[2.603s] -- Symlinking: /data/home/yanzezhang/Documents/roboClaw/RoboClaw_Nav/robotics/ros_ws/install/dynamixel_sdk/local/lib/python3.10/dist-packages/dynamixel_sdk/group_sync_read.cpp
[2.614s] -- Symlinking: /data/home/yanzezhang/Documents/roboClaw/RoboClaw_Nav/robotics/ros_ws/install/dynamixel_sdk/local/lib/python3.10/dist-packages/dynamixel_sdk/group_sync_read.py
[2.625s] -- Symlinking: /data/home/yanzezhang/Documents/roboClaw/RoboClaw_Nav/robotics/ros_ws/install/dynamixel_sdk/local/lib/python3.10/dist-packages/dynamixel_sdk/group_sync_write.cpp
[2.634s] -- Symlinking: /data/home/yanzezhang/Documents/roboClaw/RoboClaw_Nav/robotics/ros_ws/install/dynamixel_sdk/local/lib/python3.10/dist-packages/dynamixel_sdk/group_sync_write.py
[2.644s] -- Symlinking: /data/home/yanzezhang/Documents/roboClaw/RoboClaw_Nav/robotics/ros_ws/install/dynamixel_sdk/local/lib/python3.10/dist-packages/dynamixel_sdk/packet_handler.cpp
[2.653s] -- Symlinking: /data/home/yanzezhang/Documents/roboClaw/RoboClaw_Nav/robotics/ros_ws/install/dynamixel_sdk/local/lib/python3.10/dist-packages/dynamixel_sdk/packet_handler.py
[2.663s] -- Symlinking: /data/home/yanzezhang/Documents/roboClaw/RoboClaw_Nav/robotics/ros_ws/install/dynamixel_sdk/local/lib/python3.10/dist-packages/dynamixel_sdk/port_handler.cpp
[2.672s] -- Symlinking: /data/home/yanzezhang/Documents/roboClaw/RoboClaw_Nav/robotics/ros_ws/install/dynamixel_sdk/local/lib/python3.10/dist-packages/dynamixel_sdk/port_handler.py
[2.683s] -- Symlinking: /data/home/yanzezhang/Documents/roboClaw/RoboClaw_Nav/robotics/ros_ws/install/dynamixel_sdk/local/lib/python3.10/dist-packages/dynamixel_sdk/port_handler_arduino.cpp
[2.693s] -- Symlinking: /data/home/yanzezhang/Documents/roboClaw/RoboClaw_Nav/robotics/ros_ws/install/dynamixel_sdk/local/lib/python3.10/dist-packages/dynamixel_sdk/port_handler_linux.cpp
[2.705s] -- Symlinking: /data/home/yanzezhang/Documents/roboClaw/RoboClaw_Nav/robotics/ros_ws/install/dynamixel_sdk/local/lib/python3.10/dist-packages/dynamixel_sdk/port_handler_mac.cpp
[2.716s] -- Symlinking: /data/home/yanzezhang/Documents/roboClaw/RoboClaw_Nav/robotics/ros_ws/install/dynamixel_sdk/local/lib/python3.10/dist-packages/dynamixel_sdk/port_handler_windows.cpp
[2.726s] -- Symlinking: /data/home/yanzezhang/Documents/roboClaw/RoboClaw_Nav/robotics/ros_ws/install/dynamixel_sdk/local/lib/python3.10/dist-packages/dynamixel_sdk/protocol1_packet_handler.cpp
[2.737s] -- Symlinking: /data/home/yanzezhang/Documents/roboClaw/RoboClaw_Nav/robotics/ros_ws/install/dynamixel_sdk/local/lib/python3.10/dist-packages/dynamixel_sdk/protocol1_packet_handler.py
[2.749s] -- Symlinking: /data/home/yanzezhang/Documents/roboClaw/RoboClaw_Nav/robotics/ros_ws/install/dynamixel_sdk/local/lib/python3.10/dist-packages/dynamixel_sdk/protocol2_packet_handler.cpp
[2.762s] -- Symlinking: /data/home/yanzezhang/Documents/roboClaw/RoboClaw_Nav/robotics/ros_ws/install/dynamixel_sdk/local/lib/python3.10/dist-packages/dynamixel_sdk/protocol2_packet_handler.py
[2.775s] -- Symlinking: /data/home/yanzezhang/Documents/roboClaw/RoboClaw_Nav/robotics/ros_ws/install/dynamixel_sdk/local/lib/python3.10/dist-packages/dynamixel_sdk/robotis_def.py
[2.788s] -- Symlinking: /data/home/yanzezhang/Documents/roboClaw/RoboClaw_Nav/robotics/ros_ws/install/dynamixel_sdk/local/lib/python3.10/dist-packages/dynamixel_easy_sdk-4.0.3-py3.10.egg-info/PKG-INFO
[2.805s] -- Symlinking: /data/home/yanzezhang/Documents/roboClaw/RoboClaw_Nav/robotics/ros_ws/install/dynamixel_sdk/local/lib/python3.10/dist-packages/dynamixel_easy_sdk-4.0.3-py3.10.egg-info/SOURCES.txt
[2.818s] -- Symlinking: /data/home/yanzezhang/Documents/roboClaw/RoboClaw_Nav/robotics/ros_ws/install/dynamixel_sdk/local/lib/python3.10/dist-packages/dynamixel_easy_sdk-4.0.3-py3.10.egg-info/dependency_links.txt
[2.832s] -- Symlinking: /data/home/yanzezhang/Documents/roboClaw/RoboClaw_Nav/robotics/ros_ws/install/dynamixel_sdk/local/lib/python3.10/dist-packages/dynamixel_easy_sdk-4.0.3-py3.10.egg-info/top_level.txt
[2.846s] -- Symlinking: /data/home/yanzezhang/Documents/roboClaw/RoboClaw_Nav/robotics/ros_ws/install/dynamixel_sdk/local/lib/python3.10/dist-packages/dynamixel_easy_sdk/__init__.py
[2.859s] -- Symlinking: /data/home/yanzezhang/Documents/roboClaw/RoboClaw_Nav/robotics/ros_ws/install/dynamixel_sdk/local/lib/python3.10/dist-packages/dynamixel_easy_sdk/connector.cpp
[2.877s] -- Symlinking: /data/home/yanzezhang/Documents/roboClaw/RoboClaw_Nav/robotics/ros_ws/install/dynamixel_sdk/local/lib/python3.10/dist-packages/dynamixel_easy_sdk/connector.py
[2.889s] -- Symlinking: /data/home/yanzezhang/Documents/roboClaw/RoboClaw_Nav/robotics/ros_ws/install/dynamixel_sdk/local/lib/python3.10/dist-packages/dynamixel_easy_sdk/control_table.cpp
[2.899s] -- Symlinking: /data/home/yanzezhang/Documents/roboClaw/RoboClaw_Nav/robotics/ros_ws/install/dynamixel_sdk/local/lib/python3.10/dist-packages/dynamixel_easy_sdk/control_table.py
[2.911s] -- Symlinking: /data/home/yanzezhang/Documents/roboClaw/RoboClaw_Nav/robotics/ros_ws/install/dynamixel_sdk/local/lib/python3.10/dist-packages/dynamixel_easy_sdk/data_types.py
[2.924s] -- Symlinking: /data/home/yanzezhang/Documents/roboClaw/RoboClaw_Nav/robotics/ros_ws/install/dynamixel_sdk/local/lib/python3.10/dist-packages/dynamixel_easy_sdk/dynamixel_error.cpp
[2.940s] -- Symlinking: /data/home/yanzezhang/Documents/roboClaw/RoboClaw_Nav/robotics/ros_ws/install/dynamixel_sdk/local/lib/python3.10/dist-packages/dynamixel_easy_sdk/dynamixel_error.py
[2.952s] -- Symlinking: /data/home/yanzezhang/Documents/roboClaw/RoboClaw_Nav/robotics/ros_ws/install/dynamixel_sdk/local/lib/python3.10/dist-packages/dynamixel_easy_sdk/group_executor.cpp
[2.965s] -- Symlinking: /data/home/yanzezhang/Documents/roboClaw/RoboClaw_Nav/robotics/ros_ws/install/dynamixel_sdk/local/lib/python3.10/dist-packages/dynamixel_easy_sdk/group_executor.py
[2.977s] -- Symlinking: /data/home/yanzezhang/Documents/roboClaw/RoboClaw_Nav/robotics/ros_ws/install/dynamixel_sdk/local/lib/python3.10/dist-packages/dynamixel_easy_sdk/motor.cpp
[2.988s] -- Symlinking: /data/home/yanzezhang/Documents/roboClaw/RoboClaw_Nav/robotics/ros_ws/install/dynamixel_sdk/local/lib/python3.10/dist-packages/dynamixel_easy_sdk/motor.py
[3.000s] -- Symlinking: /data/home/yanzezhang/Documents/roboClaw/RoboClaw_Nav/robotics/ros_ws/install/dynamixel_sdk/share/dynamixel_sdk/environment/library_path.sh
[3.010s] -- Symlinking: /data/home/yanzezhang/Documents/roboClaw/RoboClaw_Nav/robotics/ros_ws/install/dynamixel_sdk/share/dynamixel_sdk/environment/library_path.dsv
[3.023s] -- Symlinking: /data/home/yanzezhang/Documents/roboClaw/RoboClaw_Nav/robotics/ros_ws/install/dynamixel_sdk/share/ament_index/resource_index/package_run_dependencies/dynamixel_sdk
[3.035s] -- Symlinking: /data/home/yanzezhang/Documents/roboClaw/RoboClaw_Nav/robotics/ros_ws/install/dynamixel_sdk/share/ament_index/resource_index/parent_prefix_path/dynamixel_sdk
[3.046s] -- Symlinking: /data/home/yanzezhang/Documents/roboClaw/RoboClaw_Nav/robotics/ros_ws/install/dynamixel_sdk/share/dynamixel_sdk/environment/ament_prefix_path.sh
[3.060s] -- Symlinking: /data/home/yanzezhang/Documents/roboClaw/RoboClaw_Nav/robotics/ros_ws/install/dynamixel_sdk/share/dynamixel_sdk/environment/ament_prefix_path.dsv
[3.071s] -- Symlinking: /data/home/yanzezhang/Documents/roboClaw/RoboClaw_Nav/robotics/ros_ws/install/dynamixel_sdk/share/dynamixel_sdk/environment/path.sh
[3.083s] -- Symlinking: /data/home/yanzezhang/Documents/roboClaw/RoboClaw_Nav/robotics/ros_ws/install/dynamixel_sdk/share/dynamixel_sdk/environment/path.dsv
[3.094s] -- Symlinking: /data/home/yanzezhang/Documents/roboClaw/RoboClaw_Nav/robotics/ros_ws/install/dynamixel_sdk/share/dynamixel_sdk/local_setup.bash
[3.105s] -- Symlinking: /data/home/yanzezhang/Documents/roboClaw/RoboClaw_Nav/robotics/ros_ws/install/dynamixel_sdk/share/dynamixel_sdk/local_setup.sh
[3.117s] -- Symlinking: /data/home/yanzezhang/Documents/roboClaw/RoboClaw_Nav/robotics/ros_ws/install/dynamixel_sdk/share/dynamixel_sdk/local_setup.zsh
[3.128s] -- Symlinking: /data/home/yanzezhang/Documents/roboClaw/RoboClaw_Nav/robotics/ros_ws/install/dynamixel_sdk/share/dynamixel_sdk/local_setup.dsv
[3.138s] -- Symlinking: /data/home/yanzezhang/Documents/roboClaw/RoboClaw_Nav/robotics/ros_ws/install/dynamixel_sdk/share/dynamixel_sdk/package.dsv
[3.148s] -- Symlinking: /data/home/yanzezhang/Documents/roboClaw/RoboClaw_Nav/robotics/ros_ws/install/dynamixel_sdk/share/ament_index/resource_index/packages/dynamixel_sdk
[3.160s] -- Symlinking: /data/home/yanzezhang/Documents/roboClaw/RoboClaw_Nav/robotics/ros_ws/install/dynamixel_sdk/share/dynamixel_sdk/cmake/ament_cmake_export_targets-extras.cmake
[3.172s] -- Symlinking: /data/home/yanzezhang/Documents/roboClaw/RoboClaw_Nav/robotics/ros_ws/install/dynamixel_sdk/share/dynamixel_sdk/cmake/ament_cmake_export_include_directories-extras.cmake
[3.182s] -- Symlinking: /data/home/yanzezhang/Documents/roboClaw/RoboClaw_Nav/robotics/ros_ws/install/dynamixel_sdk/share/dynamixel_sdk/cmake/ament_cmake_export_libraries-extras.cmake
[3.193s] -- Symlinking: /data/home/yanzezhang/Documents/roboClaw/RoboClaw_Nav/robotics/ros_ws/install/dynamixel_sdk/share/dynamixel_sdk/cmake/dynamixel_sdkConfig.cmake
[3.204s] -- Symlinking: /data/home/yanzezhang/Documents/roboClaw/RoboClaw_Nav/robotics/ros_ws/install/dynamixel_sdk/share/dynamixel_sdk/cmake/dynamixel_sdkConfig-version.cmake
[3.214s] -- Symlinking: /data/home/yanzezhang/Documents/roboClaw/RoboClaw_Nav/robotics/ros_ws/install/dynamixel_sdk/share/dynamixel_sdk/package.xml
[3.225s] -- Installing: /data/home/yanzezhang/Documents/roboClaw/RoboClaw_Nav/robotics/ros_ws/install/dynamixel_sdk/lib/libdynamixel_sdk.so
[3.262s] Listing '/data/home/yanzezhang/Documents/roboClaw/RoboClaw_Nav/robotics/ros_ws/install/dynamixel_sdk/local/lib/python3.10/dist-packages/dynamixel_sdk'...
[3.262s] Compiling '/data/home/yanzezhang/Documents/roboClaw/RoboClaw_Nav/robotics/ros_ws/install/dynamixel_sdk/local/lib/python3.10/dist-packages/dynamixel_sdk/__init__.py'...
[3.262s] Compiling '/data/home/yanzezhang/Documents/roboClaw/RoboClaw_Nav/robotics/ros_ws/install/dynamixel_sdk/local/lib/python3.10/dist-packages/dynamixel_sdk/group_bulk_read.py'...
[3.262s] Compiling '/data/home/yanzezhang/Documents/roboClaw/RoboClaw_Nav/robotics/ros_ws/install/dynamixel_sdk/local/lib/python3.10/dist-packages/dynamixel_sdk/group_bulk_write.py'...
[3.262s] Compiling '/data/home/yanzezhang/Documents/roboClaw/RoboClaw_Nav/robotics/ros_ws/install/dynamixel_sdk/local/lib/python3.10/dist-packages/dynamixel_sdk/group_sync_read.py'...
[3.262s] Compiling '/data/home/yanzezhang/Documents/roboClaw/RoboClaw_Nav/robotics/ros_ws/install/dynamixel_sdk/local/lib/python3.10/dist-packages/dynamixel_sdk/group_sync_write.py'...
[3.262s] Compiling '/data/home/yanzezhang/Documents/roboClaw/RoboClaw_Nav/robotics/ros_ws/install/dynamixel_sdk/local/lib/python3.10/dist-packages/dynamixel_sdk/packet_handler.py'...
[3.262s] Compiling '/data/home/yanzezhang/Documents/roboClaw/RoboClaw_Nav/robotics/ros_ws/install/dynamixel_sdk/local/lib/python3.10/dist-packages/dynamixel_sdk/port_handler.py'...
[3.262s] Compiling '/data/home/yanzezhang/Documents/roboClaw/RoboClaw_Nav/robotics/ros_ws/install/dynamixel_sdk/local/lib/python3.10/dist-packages/dynamixel_sdk/protocol1_packet_handler.py'...
[3.262s] Compiling '/data/home/yanzezhang/Documents/roboClaw/RoboClaw_Nav/robotics/ros_ws/install/dynamixel_sdk/local/lib/python3.10/dist-packages/dynamixel_sdk/protocol2_packet_handler.py'...
[3.262s] Compiling '/data/home/yanzezhang/Documents/roboClaw/RoboClaw_Nav/robotics/ros_ws/install/dynamixel_sdk/local/lib/python3.10/dist-packages/dynamixel_sdk/robotis_def.py'...
[3.296s] Listing '/data/home/yanzezhang/Documents/roboClaw/RoboClaw_Nav/robotics/ros_ws/install/dynamixel_sdk/local/lib/python3.10/dist-packages/dynamixel_easy_sdk'...
[3.297s] Compiling '/data/home/yanzezhang/Documents/roboClaw/RoboClaw_Nav/robotics/ros_ws/install/dynamixel_sdk/local/lib/python3.10/dist-packages/dynamixel_easy_sdk/__init__.py'...
[3.297s] Compiling '/data/home/yanzezhang/Documents/roboClaw/RoboClaw_Nav/robotics/ros_ws/install/dynamixel_sdk/local/lib/python3.10/dist-packages/dynamixel_easy_sdk/connector.py'...
[3.297s] Compiling '/data/home/yanzezhang/Documents/roboClaw/RoboClaw_Nav/robotics/ros_ws/install/dynamixel_sdk/local/lib/python3.10/dist-packages/dynamixel_easy_sdk/control_table.py'...
[3.297s] Compiling '/data/home/yanzezhang/Documents/roboClaw/RoboClaw_Nav/robotics/ros_ws/install/dynamixel_sdk/local/lib/python3.10/dist-packages/dynamixel_easy_sdk/data_types.py'...
[3.297s] Compiling '/data/home/yanzezhang/Documents/roboClaw/RoboClaw_Nav/robotics/ros_ws/install/dynamixel_sdk/local/lib/python3.10/dist-packages/dynamixel_easy_sdk/dynamixel_error.py'...
[3.297s] Compiling '/data/home/yanzezhang/Documents/roboClaw/RoboClaw_Nav/robotics/ros_ws/install/dynamixel_sdk/local/lib/python3.10/dist-packages/dynamixel_easy_sdk/group_executor.py'...
[3.297s] Compiling '/data/home/yanzezhang/Documents/roboClaw/RoboClaw_Nav/robotics/ros_ws/install/dynamixel_sdk/local/lib/python3.10/dist-packages/dynamixel_easy_sdk/motor.py'...
[3.301s] -- Installing: /data/home/yanzezhang/Documents/roboClaw/RoboClaw_Nav/robotics/ros_ws/install/dynamixel_sdk/share/dynamixel_sdk/cmake/dynamixel_sdkExport.cmake
[3.301s] -- Installing: /data/home/yanzezhang/Documents/roboClaw/RoboClaw_Nav/robotics/ros_ws/install/dynamixel_sdk/share/dynamixel_sdk/cmake/dynamixel_sdkExport-noconfig.cmake
[3.304s] Invoked command in '/data/home/yanzezhang/Documents/roboClaw/RoboClaw_Nav/robotics/ros_ws/build/dynamixel_sdk' returned '0': CMAKE_PREFIX_PATH=${CMAKE_PREFIX_PATH}:/data/home/yanzezhang/turtlebot3_ws/install/turtlebot3_teleop:/data/home/yanzezhang/turtlebot3_ws/install/turtlebot3_example:/opt/ros/humble /usr/bin/cmake --install /data/home/yanzezhang/Documents/roboClaw/RoboClaw_Nav/robotics/ros_ws/build/dynamixel_sdk
