[0.484s] Invoking command in '/data/home/yanzezhang/Documents/roboClaw/RoboClaw_Nav/robotics/ros_ws/build/turtlebot3_teleop': PYTHONPATH=/data/home/yanzezhang/Documents/roboClaw/RoboClaw_Nav/robotics/ros_ws/build/turtlebot3_teleop/prefix_override:/usr/lib/python3/dist-packages/colcon_core/task/python/colcon_distutils_commands:/data/home/yanzezhang/Documents/roboClaw/RoboClaw_Nav/robotics/ros_ws/install/turtlebot3_teleop/lib/python3.10/site-packages:${PYTHONPATH} /usr/bin/python3 -W ignore:setup.py install is deprecated -W ignore:easy_install command is deprecated setup.py develop --editable --build-directory /data/home/yanzezhang/Documents/roboClaw/RoboClaw_Nav/robotics/ros_ws/build/turtlebot3_teleop/build --no-deps symlink_data
[0.649s] running develop
[0.764s] running egg_info
[0.764s] creating turtlebot3_teleop.egg-info
[0.764s] writing turtlebot3_teleop.egg-info/PKG-INFO
[0.764s] writing dependency_links to turtlebot3_teleop.egg-info/dependency_links.txt
[0.764s] writing entry points to turtlebot3_teleop.egg-info/entry_points.txt
[0.764s] writing requirements to turtlebot3_teleop.egg-info/requires.txt
[0.764s] writing top-level names to turtlebot3_teleop.egg-info/top_level.txt
[0.764s] writing manifest file 'turtlebot3_teleop.egg-info/SOURCES.txt'
[0.765s] reading manifest file 'turtlebot3_teleop.egg-info/SOURCES.txt'
[0.766s] writing manifest file 'turtlebot3_teleop.egg-info/SOURCES.txt'
[0.767s] running build_ext
[0.767s] Creating /data/home/yanzezhang/Documents/roboClaw/RoboClaw_Nav/robotics/ros_ws/install/turtlebot3_teleop/lib/python3.10/site-packages/turtlebot3-teleop.egg-link (link to .)
[0.767s] Installing teleop_keyboard script to /data/home/yanzezhang/Documents/roboClaw/RoboClaw_Nav/robotics/ros_ws/install/turtlebot3_teleop/lib/turtlebot3_teleop
[0.767s] 
[0.767s] Installed /data/home/yanzezhang/Documents/roboClaw/RoboClaw_Nav/robotics/ros_ws/build/turtlebot3_teleop
[0.767s] running symlink_data
[0.767s] creating /data/home/yanzezhang/Documents/roboClaw/RoboClaw_Nav/robotics/ros_ws/install/turtlebot3_teleop/share/ament_index
[0.768s] creating /data/home/yanzezhang/Documents/roboClaw/RoboClaw_Nav/robotics/ros_ws/install/turtlebot3_teleop/share/ament_index/resource_index
[0.768s] creating /data/home/yanzezhang/Documents/roboClaw/RoboClaw_Nav/robotics/ros_ws/install/turtlebot3_teleop/share/ament_index/resource_index/packages
[0.768s] symbolically linking /data/home/yanzezhang/Documents/roboClaw/RoboClaw_Nav/robotics/ros_ws/build/turtlebot3_teleop/resource/turtlebot3_teleop -> /data/home/yanzezhang/Documents/roboClaw/RoboClaw_Nav/robotics/ros_ws/install/turtlebot3_teleop/share/ament_index/resource_index/packages
[0.768s] symbolically linking /data/home/yanzezhang/Documents/roboClaw/RoboClaw_Nav/robotics/ros_ws/build/turtlebot3_teleop/package.xml -> /data/home/yanzezhang/Documents/roboClaw/RoboClaw_Nav/robotics/ros_ws/install/turtlebot3_teleop/share/turtlebot3_teleop
[0.790s] Invoked command in '/data/home/yanzezhang/Documents/roboClaw/RoboClaw_Nav/robotics/ros_ws/build/turtlebot3_teleop' returned '0': PYTHONPATH=/data/home/yanzezhang/Documents/roboClaw/RoboClaw_Nav/robotics/ros_ws/build/turtlebot3_teleop/prefix_override:/usr/lib/python3/dist-packages/colcon_core/task/python/colcon_distutils_commands:/data/home/yanzezhang/Documents/roboClaw/RoboClaw_Nav/robotics/ros_ws/install/turtlebot3_teleop/lib/python3.10/site-packages:${PYTHONPATH} /usr/bin/python3 -W ignore:setup.py install is deprecated -W ignore:easy_install command is deprecated setup.py develop --editable --build-directory /data/home/yanzezhang/Documents/roboClaw/RoboClaw_Nav/robotics/ros_ws/build/turtlebot3_teleop/build --no-deps symlink_data
