[0.027s] Invoking command in '/data/home/yanzezhang/Documents/roboClaw/RoboClaw_Nav/robotics/ros_ws/build/dynamixel_sdk_custom_interfaces': CMAKE_PREFIX_PATH=${CMAKE_PREFIX_PATH}:/data/home/yanzezhang/turtlebot3_ws/install/turtlebot3_teleop:/data/home/yanzezhang/turtlebot3_ws/install/turtlebot3_example:/opt/ros/humble /usr/bin/cmake /data/home/yanzezhang/Documents/roboClaw/RoboClaw_Nav/robotics/ros_ws/src/DynamixelSDK/ros/dynamixel_sdk_custom_interfaces -DAMENT_CMAKE_SYMLINK_INSTALL=1 -DCMAKE_INSTALL_PREFIX=/data/home/yanzezhang/Documents/roboClaw/RoboClaw_Nav/robotics/ros_ws/install/dynamixel_sdk_custom_interfaces
[0.102s] -- The C compiler identification is GNU 11.4.0
[0.156s] -- The CXX compiler identification is GNU 11.4.0
[0.165s] -- Detecting C compiler ABI info
[0.246s] -- Detecting C compiler ABI info - done
[0.251s] -- Check for working C compiler: /usr/bin/cc - skipped
[0.252s] -- Detecting C compile features
[0.252s] -- Detecting C compile features - done
[0.255s] -- Detecting CXX compiler ABI info
[0.344s] -- Detecting CXX compiler ABI info - done
[0.349s] -- Check for working CXX compiler: /usr/bin/c++ - skipped
[0.349s] -- Detecting CXX compile features
[0.349s] -- Detecting CXX compile features - done
[0.352s] -- Found ament_cmake: 1.3.11 (/opt/ros/humble/share/ament_cmake/cmake)
[0.483s] -- Found Python3: /usr/bin/python3 (found version "3.10.12") found components: Interpreter 
[0.530s] -- Override CMake install command with custom implementation using symlinks instead of copying resources
[0.573s] -- Found builtin_interfaces: 1.2.1 (/opt/ros/humble/share/builtin_interfaces/cmake)
[0.608s] -- Found rosidl_generator_c: 3.1.6 (/opt/ros/humble/share/rosidl_generator_c/cmake)
[0.615s] -- Found rosidl_adapter: 3.1.6 (/opt/ros/humble/share/rosidl_adapter/cmake)
[0.625s] -- Found rosidl_generator_cpp: 3.1.6 (/opt/ros/humble/share/rosidl_generator_cpp/cmake)
[0.638s] -- Using all available rosidl_typesupport_c: rosidl_typesupport_fastrtps_c;rosidl_typesupport_introspection_c
[0.653s] -- Using all available rosidl_typesupport_cpp: rosidl_typesupport_fastrtps_cpp;rosidl_typesupport_introspection_cpp
[0.670s] -- Found rosidl_default_generators: 1.2.0 (/opt/ros/humble/share/rosidl_default_generators/cmake)
[0.871s] -- Found ament_cmake_ros: 0.10.0 (/opt/ros/humble/share/ament_cmake_ros/cmake)
[1.130s] -- Using all available rosidl_typesupport_c: rosidl_typesupport_fastrtps_c;rosidl_typesupport_introspection_c
[1.227s] -- Using all available rosidl_typesupport_cpp: rosidl_typesupport_fastrtps_cpp;rosidl_typesupport_introspection_cpp
[1.246s] -- Found PythonInterp: /usr/bin/python3 (found suitable version "3.10.12", minimum required is "3.6") 
[1.248s] -- Found python_cmake_module: 0.10.0 (/opt/ros/humble/share/python_cmake_module/cmake)
[1.271s] -- Found PythonLibs: /usr/lib/x86_64-linux-gnu/libpython3.10.so (found suitable version "3.10.12", minimum required is "3.5") 
[1.271s] -- Using PYTHON_EXECUTABLE: /usr/bin/python3
[1.271s] -- Using PYTHON_INCLUDE_DIRS: /usr/include/python3.10
[1.271s] -- Using PYTHON_LIBRARIES: /usr/lib/x86_64-linux-gnu/libpython3.10.so
[1.289s] -- Found PythonExtra: .so  
[1.325s] -- Configuring done
[1.348s] -- Generating done
[1.355s] -- Build files have been written to: /data/home/yanzezhang/Documents/roboClaw/RoboClaw_Nav/robotics/ros_ws/build/dynamixel_sdk_custom_interfaces
[1.362s] Invoked command in '/data/home/yanzezhang/Documents/roboClaw/RoboClaw_Nav/robotics/ros_ws/build/dynamixel_sdk_custom_interfaces' returned '0': CMAKE_PREFIX_PATH=${CMAKE_PREFIX_PATH}:/data/home/yanzezhang/turtlebot3_ws/install/turtlebot3_teleop:/data/home/yanzezhang/turtlebot3_ws/install/turtlebot3_example:/opt/ros/humble /usr/bin/cmake /data/home/yanzezhang/Documents/roboClaw/RoboClaw_Nav/robotics/ros_ws/src/DynamixelSDK/ros/dynamixel_sdk_custom_interfaces -DAMENT_CMAKE_SYMLINK_INSTALL=1 -DCMAKE_INSTALL_PREFIX=/data/home/yanzezhang/Documents/roboClaw/RoboClaw_Nav/robotics/ros_ws/install/dynamixel_sdk_custom_interfaces
[1.363s] Invoking command in '/data/home/yanzezhang/Documents/roboClaw/RoboClaw_Nav/robotics/ros_ws/build/dynamixel_sdk_custom_interfaces': CMAKE_PREFIX_PATH=${CMAKE_PREFIX_PATH}:/data/home/yanzezhang/turtlebot3_ws/install/turtlebot3_teleop:/data/home/yanzezhang/turtlebot3_ws/install/turtlebot3_example:/opt/ros/humble /usr/bin/cmake --build /data/home/yanzezhang/Documents/roboClaw/RoboClaw_Nav/robotics/ros_ws/build/dynamixel_sdk_custom_interfaces -- -j48 -l48
[1.411s] [  2%] [34m[1mGenerating C code for ROS interfaces[0m
[1.429s] [  5%] [34m[1mGenerating C++ code for ROS interfaces[0m
[1.436s] [  5%] Built target ament_cmake_python_symlink_dynamixel_sdk_custom_interfaces
[1.610s] running egg_info
[1.610s] creating dynamixel_sdk_custom_interfaces.egg-info
[1.611s] writing dynamixel_sdk_custom_interfaces.egg-info/PKG-INFO
[1.611s] writing dependency_links to dynamixel_sdk_custom_interfaces.egg-info/dependency_links.txt
[1.611s] writing top-level names to dynamixel_sdk_custom_interfaces.egg-info/top_level.txt
[1.611s] writing manifest file 'dynamixel_sdk_custom_interfaces.egg-info/SOURCES.txt'
[1.612s] reading manifest file 'dynamixel_sdk_custom_interfaces.egg-info/SOURCES.txt'
[1.612s] writing manifest file 'dynamixel_sdk_custom_interfaces.egg-info/SOURCES.txt'
[1.634s] [  5%] Built target dynamixel_sdk_custom_interfaces__cpp
[1.636s] [  7%] [32mBuilding C object CMakeFiles/dynamixel_sdk_custom_interfaces__rosidl_generator_c.dir/rosidl_generator_c/dynamixel_sdk_custom_interfaces/msg/detail/set_position__functions.c.o[0m
[1.636s] [  7%] Built target ament_cmake_python_build_dynamixel_sdk_custom_interfaces_egg
[1.637s] [ 10%] [32mBuilding C object CMakeFiles/dynamixel_sdk_custom_interfaces__rosidl_generator_c.dir/rosidl_generator_c/dynamixel_sdk_custom_interfaces/srv/detail/get_position__functions.c.o[0m
[1.647s] [ 12%] [34m[1mGenerating C++ type support for eProsima Fast-RTPS[0m
[1.648s] [ 15%] [34m[1mGenerating C++ type support dispatch for ROS interfaces[0m
[1.648s] [ 17%] [34m[1mGenerating C++ introspection for ROS interfaces[0m
[1.686s] [ 20%] [32m[1mLinking C shared library libdynamixel_sdk_custom_interfaces__rosidl_generator_c.so[0m
[1.732s] [ 20%] Built target dynamixel_sdk_custom_interfaces__rosidl_generator_c
[1.745s] [ 23%] [34m[1mGenerating C type support for eProsima Fast-RTPS[0m
[1.747s] [ 25%] [34m[1mGenerating C introspection for ROS interfaces[0m
[1.747s] [ 28%] [34m[1mGenerating C type support dispatch for ROS interfaces[0m
[1.833s] [ 30%] [32mBuilding CXX object CMakeFiles/dynamixel_sdk_custom_interfaces__rosidl_typesupport_cpp.dir/rosidl_typesupport_cpp/dynamixel_sdk_custom_interfaces/msg/set_position__type_support.cpp.o[0m
[1.833s] [ 33%] [32mBuilding CXX object CMakeFiles/dynamixel_sdk_custom_interfaces__rosidl_typesupport_cpp.dir/rosidl_typesupport_cpp/dynamixel_sdk_custom_interfaces/srv/get_position__type_support.cpp.o[0m
[1.846s] [ 35%] [32mBuilding CXX object CMakeFiles/dynamixel_sdk_custom_interfaces__rosidl_typesupport_introspection_cpp.dir/rosidl_typesupport_introspection_cpp/dynamixel_sdk_custom_interfaces/msg/detail/set_position__type_support.cpp.o[0m
[1.847s] [ 38%] [32mBuilding CXX object CMakeFiles/dynamixel_sdk_custom_interfaces__rosidl_typesupport_introspection_cpp.dir/rosidl_typesupport_introspection_cpp/dynamixel_sdk_custom_interfaces/srv/detail/get_position__type_support.cpp.o[0m
[1.848s] [ 41%] [32mBuilding CXX object CMakeFiles/dynamixel_sdk_custom_interfaces__rosidl_typesupport_fastrtps_cpp.dir/rosidl_typesupport_fastrtps_cpp/dynamixel_sdk_custom_interfaces/srv/detail/dds_fastrtps/get_position__type_support.cpp.o[0m
[1.849s] [ 43%] [32mBuilding CXX object CMakeFiles/dynamixel_sdk_custom_interfaces__rosidl_typesupport_fastrtps_cpp.dir/rosidl_typesupport_fastrtps_cpp/dynamixel_sdk_custom_interfaces/msg/detail/dds_fastrtps/set_position__type_support.cpp.o[0m
[1.921s] [ 46%] [32mBuilding CXX object CMakeFiles/dynamixel_sdk_custom_interfaces__rosidl_typesupport_c.dir/rosidl_typesupport_c/dynamixel_sdk_custom_interfaces/srv/get_position__type_support.cpp.o[0m
[1.921s] [ 48%] [32mBuilding CXX object CMakeFiles/dynamixel_sdk_custom_interfaces__rosidl_typesupport_c.dir/rosidl_typesupport_c/dynamixel_sdk_custom_interfaces/msg/set_position__type_support.cpp.o[0m
[1.943s] [ 51%] [32mBuilding C object CMakeFiles/dynamixel_sdk_custom_interfaces__rosidl_typesupport_introspection_c.dir/rosidl_typesupport_introspection_c/dynamixel_sdk_custom_interfaces/srv/detail/get_position__type_support.c.o[0m
[1.944s] [ 53%] [32mBuilding C object CMakeFiles/dynamixel_sdk_custom_interfaces__rosidl_typesupport_introspection_c.dir/rosidl_typesupport_introspection_c/dynamixel_sdk_custom_interfaces/msg/detail/set_position__type_support.c.o[0m
[1.957s] [ 56%] [32m[1mLinking CXX shared library libdynamixel_sdk_custom_interfaces__rosidl_typesupport_c.so[0m
[1.958s] [ 58%] [32mBuilding CXX object CMakeFiles/dynamixel_sdk_custom_interfaces__rosidl_typesupport_fastrtps_c.dir/rosidl_typesupport_fastrtps_c/dynamixel_sdk_custom_interfaces/srv/detail/get_position__type_support_c.cpp.o[0m
[1.958s] [ 61%] [32mBuilding CXX object CMakeFiles/dynamixel_sdk_custom_interfaces__rosidl_typesupport_fastrtps_c.dir/rosidl_typesupport_fastrtps_c/dynamixel_sdk_custom_interfaces/msg/detail/set_position__type_support_c.cpp.o[0m
[1.980s] [ 64%] [32m[1mLinking C shared library libdynamixel_sdk_custom_interfaces__rosidl_typesupport_introspection_c.so[0m
[1.998s] [ 66%] [32m[1mLinking CXX shared library libdynamixel_sdk_custom_interfaces__rosidl_typesupport_cpp.so[0m
[2.004s] [ 66%] Built target dynamixel_sdk_custom_interfaces__rosidl_typesupport_c
[2.021s] [ 66%] Built target dynamixel_sdk_custom_interfaces__rosidl_typesupport_introspection_c
[2.043s] [ 66%] Built target dynamixel_sdk_custom_interfaces__rosidl_typesupport_cpp
[2.076s] [ 69%] [32m[1mLinking CXX shared library libdynamixel_sdk_custom_interfaces__rosidl_typesupport_introspection_cpp.so[0m
[2.091s] [ 71%] [32m[1mLinking CXX shared library libdynamixel_sdk_custom_interfaces__rosidl_typesupport_fastrtps_cpp.so[0m
[2.124s] [ 71%] Built target dynamixel_sdk_custom_interfaces__rosidl_typesupport_introspection_cpp
[2.158s] [ 71%] Built target dynamixel_sdk_custom_interfaces__rosidl_typesupport_fastrtps_cpp
[2.164s] [ 74%] [32m[1mLinking CXX shared library libdynamixel_sdk_custom_interfaces__rosidl_typesupport_fastrtps_c.so[0m
[2.240s] [ 74%] Built target dynamixel_sdk_custom_interfaces__rosidl_typesupport_fastrtps_c
[2.272s] [ 74%] Built target dynamixel_sdk_custom_interfaces
[2.302s] [ 76%] [34m[1mGenerating Python code for ROS interfaces[0m
[2.577s] [ 76%] Built target dynamixel_sdk_custom_interfaces__py
[2.606s] [ 79%] [32mBuilding C object CMakeFiles/dynamixel_sdk_custom_interfaces__rosidl_generator_py.dir/rosidl_generator_py/dynamixel_sdk_custom_interfaces/msg/_set_position_s.c.o[0m
[2.606s] [ 82%] [32mBuilding C object CMakeFiles/dynamixel_sdk_custom_interfaces__rosidl_generator_py.dir/rosidl_generator_py/dynamixel_sdk_custom_interfaces/srv/_get_position_s.c.o[0m
[2.686s] [ 84%] [32m[1mLinking C shared library rosidl_generator_py/dynamixel_sdk_custom_interfaces/libdynamixel_sdk_custom_interfaces__rosidl_generator_py.so[0m
[2.733s] [ 84%] Built target dynamixel_sdk_custom_interfaces__rosidl_generator_py
[2.770s] [ 87%] [32mBuilding C object CMakeFiles/dynamixel_sdk_custom_interfaces__rosidl_typesupport_c__pyext.dir/rosidl_generator_py/dynamixel_sdk_custom_interfaces/_dynamixel_sdk_custom_interfaces_s.ep.rosidl_typesupport_c.c.o[0m
[2.770s] [ 89%] [32mBuilding C object CMakeFiles/dynamixel_sdk_custom_interfaces__rosidl_typesupport_introspection_c__pyext.dir/rosidl_generator_py/dynamixel_sdk_custom_interfaces/_dynamixel_sdk_custom_interfaces_s.ep.rosidl_typesupport_introspection_c.c.o[0m
[2.771s] [ 92%] [32mBuilding C object CMakeFiles/dynamixel_sdk_custom_interfaces__rosidl_typesupport_fastrtps_c__pyext.dir/rosidl_generator_py/dynamixel_sdk_custom_interfaces/_dynamixel_sdk_custom_interfaces_s.ep.rosidl_typesupport_fastrtps_c.c.o[0m
[2.862s] [ 94%] [32m[1mLinking C shared library rosidl_generator_py/dynamixel_sdk_custom_interfaces/dynamixel_sdk_custom_interfaces_s__rosidl_typesupport_fastrtps_c.cpython-310-x86_64-linux-gnu.so[0m
[2.864s] [ 97%] [32m[1mLinking C shared library rosidl_generator_py/dynamixel_sdk_custom_interfaces/dynamixel_sdk_custom_interfaces_s__rosidl_typesupport_introspection_c.cpython-310-x86_64-linux-gnu.so[0m
[2.867s] [100%] [32m[1mLinking C shared library rosidl_generator_py/dynamixel_sdk_custom_interfaces/dynamixel_sdk_custom_interfaces_s__rosidl_typesupport_c.cpython-310-x86_64-linux-gnu.so[0m
[2.918s] [100%] Built target dynamixel_sdk_custom_interfaces__rosidl_typesupport_introspection_c__pyext
[2.918s] [100%] Built target dynamixel_sdk_custom_interfaces__rosidl_typesupport_fastrtps_c__pyext
[2.924s] [100%] Built target dynamixel_sdk_custom_interfaces__rosidl_typesupport_c__pyext
[2.943s] Invoked command in '/data/home/yanzezhang/Documents/roboClaw/RoboClaw_Nav/robotics/ros_ws/build/dynamixel_sdk_custom_interfaces' returned '0': CMAKE_PREFIX_PATH=${CMAKE_PREFIX_PATH}:/data/home/yanzezhang/turtlebot3_ws/install/turtlebot3_teleop:/data/home/yanzezhang/turtlebot3_ws/install/turtlebot3_example:/opt/ros/humble /usr/bin/cmake --build /data/home/yanzezhang/Documents/roboClaw/RoboClaw_Nav/robotics/ros_ws/build/dynamixel_sdk_custom_interfaces -- -j48 -l48
[2.945s] Invoking command in '/data/home/yanzezhang/Documents/roboClaw/RoboClaw_Nav/robotics/ros_ws/build/dynamixel_sdk_custom_interfaces': CMAKE_PREFIX_PATH=${CMAKE_PREFIX_PATH}:/data/home/yanzezhang/turtlebot3_ws/install/turtlebot3_teleop:/data/home/yanzezhang/turtlebot3_ws/install/turtlebot3_example:/opt/ros/humble /usr/bin/cmake --install /data/home/yanzezhang/Documents/roboClaw/RoboClaw_Nav/robotics/ros_ws/build/dynamixel_sdk_custom_interfaces
[2.957s] -- Install configuration: ""
[2.957s] -- Execute custom install script
[2.957s] -- Symlinking: /data/home/yanzezhang/Documents/roboClaw/RoboClaw_Nav/robotics/ros_ws/install/dynamixel_sdk_custom_interfaces/share/ament_index/resource_index/rosidl_interfaces/dynamixel_sdk_custom_interfaces
[2.968s] -- Symlinking: /data/home/yanzezhang/Documents/roboClaw/RoboClaw_Nav/robotics/ros_ws/install/dynamixel_sdk_custom_interfaces/include/dynamixel_sdk_custom_interfaces/dynamixel_sdk_custom_interfaces/msg/detail/set_position__functions.h
[2.982s] -- Symlinking: /data/home/yanzezhang/Documents/roboClaw/RoboClaw_Nav/robotics/ros_ws/install/dynamixel_sdk_custom_interfaces/include/dynamixel_sdk_custom_interfaces/dynamixel_sdk_custom_interfaces/msg/detail/set_position__struct.h
[2.993s] -- Symlinking: /data/home/yanzezhang/Documents/roboClaw/RoboClaw_Nav/robotics/ros_ws/install/dynamixel_sdk_custom_interfaces/include/dynamixel_sdk_custom_interfaces/dynamixel_sdk_custom_interfaces/msg/detail/set_position__type_support.h
[3.004s] -- Symlinking: /data/home/yanzezhang/Documents/roboClaw/RoboClaw_Nav/robotics/ros_ws/install/dynamixel_sdk_custom_interfaces/include/dynamixel_sdk_custom_interfaces/dynamixel_sdk_custom_interfaces/msg/rosidl_generator_c__visibility_control.h
[3.013s] -- Symlinking: /data/home/yanzezhang/Documents/roboClaw/RoboClaw_Nav/robotics/ros_ws/install/dynamixel_sdk_custom_interfaces/include/dynamixel_sdk_custom_interfaces/dynamixel_sdk_custom_interfaces/msg/set_position.h
[3.026s] -- Symlinking: /data/home/yanzezhang/Documents/roboClaw/RoboClaw_Nav/robotics/ros_ws/install/dynamixel_sdk_custom_interfaces/include/dynamixel_sdk_custom_interfaces/dynamixel_sdk_custom_interfaces/srv/detail/get_position__functions.h
[3.037s] -- Symlinking: /data/home/yanzezhang/Documents/roboClaw/RoboClaw_Nav/robotics/ros_ws/install/dynamixel_sdk_custom_interfaces/include/dynamixel_sdk_custom_interfaces/dynamixel_sdk_custom_interfaces/srv/detail/get_position__struct.h
[3.048s] -- Symlinking: /data/home/yanzezhang/Documents/roboClaw/RoboClaw_Nav/robotics/ros_ws/install/dynamixel_sdk_custom_interfaces/include/dynamixel_sdk_custom_interfaces/dynamixel_sdk_custom_interfaces/srv/detail/get_position__type_support.h
[3.061s] -- Symlinking: /data/home/yanzezhang/Documents/roboClaw/RoboClaw_Nav/robotics/ros_ws/install/dynamixel_sdk_custom_interfaces/include/dynamixel_sdk_custom_interfaces/dynamixel_sdk_custom_interfaces/srv/get_position.h
[3.073s] -- Symlinking: /data/home/yanzezhang/Documents/roboClaw/RoboClaw_Nav/robotics/ros_ws/install/dynamixel_sdk_custom_interfaces/share/dynamixel_sdk_custom_interfaces/environment/library_path.sh
[3.085s] -- Symlinking: /data/home/yanzezhang/Documents/roboClaw/RoboClaw_Nav/robotics/ros_ws/install/dynamixel_sdk_custom_interfaces/share/dynamixel_sdk_custom_interfaces/environment/library_path.dsv
[3.095s] -- Symlinking: /data/home/yanzezhang/Documents/roboClaw/RoboClaw_Nav/robotics/ros_ws/install/dynamixel_sdk_custom_interfaces/include/dynamixel_sdk_custom_interfaces/dynamixel_sdk_custom_interfaces/msg/detail/set_position__rosidl_typesupport_fastrtps_c.h
[3.106s] -- Symlinking: /data/home/yanzezhang/Documents/roboClaw/RoboClaw_Nav/robotics/ros_ws/install/dynamixel_sdk_custom_interfaces/include/dynamixel_sdk_custom_interfaces/dynamixel_sdk_custom_interfaces/msg/rosidl_typesupport_fastrtps_c__visibility_control.h
[3.117s] -- Symlinking: /data/home/yanzezhang/Documents/roboClaw/RoboClaw_Nav/robotics/ros_ws/install/dynamixel_sdk_custom_interfaces/include/dynamixel_sdk_custom_interfaces/dynamixel_sdk_custom_interfaces/srv/detail/get_position__rosidl_typesupport_fastrtps_c.h
[3.129s] -- Symlinking: /data/home/yanzezhang/Documents/roboClaw/RoboClaw_Nav/robotics/ros_ws/install/dynamixel_sdk_custom_interfaces/include/dynamixel_sdk_custom_interfaces/dynamixel_sdk_custom_interfaces/msg/detail/set_position__builder.hpp
[3.140s] -- Symlinking: /data/home/yanzezhang/Documents/roboClaw/RoboClaw_Nav/robotics/ros_ws/install/dynamixel_sdk_custom_interfaces/include/dynamixel_sdk_custom_interfaces/dynamixel_sdk_custom_interfaces/msg/detail/set_position__struct.hpp
[3.150s] -- Symlinking: /data/home/yanzezhang/Documents/roboClaw/RoboClaw_Nav/robotics/ros_ws/install/dynamixel_sdk_custom_interfaces/include/dynamixel_sdk_custom_interfaces/dynamixel_sdk_custom_interfaces/msg/detail/set_position__traits.hpp
[3.161s] -- Symlinking: /data/home/yanzezhang/Documents/roboClaw/RoboClaw_Nav/robotics/ros_ws/install/dynamixel_sdk_custom_interfaces/include/dynamixel_sdk_custom_interfaces/dynamixel_sdk_custom_interfaces/msg/detail/set_position__type_support.hpp
[3.172s] -- Symlinking: /data/home/yanzezhang/Documents/roboClaw/RoboClaw_Nav/robotics/ros_ws/install/dynamixel_sdk_custom_interfaces/include/dynamixel_sdk_custom_interfaces/dynamixel_sdk_custom_interfaces/msg/rosidl_generator_cpp__visibility_control.hpp
[3.182s] -- Symlinking: /data/home/yanzezhang/Documents/roboClaw/RoboClaw_Nav/robotics/ros_ws/install/dynamixel_sdk_custom_interfaces/include/dynamixel_sdk_custom_interfaces/dynamixel_sdk_custom_interfaces/msg/set_position.hpp
[3.192s] -- Symlinking: /data/home/yanzezhang/Documents/roboClaw/RoboClaw_Nav/robotics/ros_ws/install/dynamixel_sdk_custom_interfaces/include/dynamixel_sdk_custom_interfaces/dynamixel_sdk_custom_interfaces/srv/detail/get_position__builder.hpp
[3.203s] -- Symlinking: /data/home/yanzezhang/Documents/roboClaw/RoboClaw_Nav/robotics/ros_ws/install/dynamixel_sdk_custom_interfaces/include/dynamixel_sdk_custom_interfaces/dynamixel_sdk_custom_interfaces/srv/detail/get_position__struct.hpp
[3.214s] -- Symlinking: /data/home/yanzezhang/Documents/roboClaw/RoboClaw_Nav/robotics/ros_ws/install/dynamixel_sdk_custom_interfaces/include/dynamixel_sdk_custom_interfaces/dynamixel_sdk_custom_interfaces/srv/detail/get_position__traits.hpp
[3.224s] -- Symlinking: /data/home/yanzezhang/Documents/roboClaw/RoboClaw_Nav/robotics/ros_ws/install/dynamixel_sdk_custom_interfaces/include/dynamixel_sdk_custom_interfaces/dynamixel_sdk_custom_interfaces/srv/detail/get_position__type_support.hpp
[3.236s] -- Symlinking: /data/home/yanzezhang/Documents/roboClaw/RoboClaw_Nav/robotics/ros_ws/install/dynamixel_sdk_custom_interfaces/include/dynamixel_sdk_custom_interfaces/dynamixel_sdk_custom_interfaces/srv/get_position.hpp
[3.247s] -- Symlinking: /data/home/yanzezhang/Documents/roboClaw/RoboClaw_Nav/robotics/ros_ws/install/dynamixel_sdk_custom_interfaces/include/dynamixel_sdk_custom_interfaces/dynamixel_sdk_custom_interfaces/msg/detail/set_position__rosidl_typesupport_fastrtps_cpp.hpp
[3.259s] -- Symlinking: /data/home/yanzezhang/Documents/roboClaw/RoboClaw_Nav/robotics/ros_ws/install/dynamixel_sdk_custom_interfaces/include/dynamixel_sdk_custom_interfaces/dynamixel_sdk_custom_interfaces/msg/rosidl_typesupport_fastrtps_cpp__visibility_control.h
[3.271s] -- Symlinking: /data/home/yanzezhang/Documents/roboClaw/RoboClaw_Nav/robotics/ros_ws/install/dynamixel_sdk_custom_interfaces/include/dynamixel_sdk_custom_interfaces/dynamixel_sdk_custom_interfaces/srv/detail/get_position__rosidl_typesupport_fastrtps_cpp.hpp
[3.280s] -- Symlinking: /data/home/yanzezhang/Documents/roboClaw/RoboClaw_Nav/robotics/ros_ws/install/dynamixel_sdk_custom_interfaces/include/dynamixel_sdk_custom_interfaces/dynamixel_sdk_custom_interfaces/msg/detail/set_position__rosidl_typesupport_introspection_c.h
[3.291s] -- Symlinking: /data/home/yanzezhang/Documents/roboClaw/RoboClaw_Nav/robotics/ros_ws/install/dynamixel_sdk_custom_interfaces/include/dynamixel_sdk_custom_interfaces/dynamixel_sdk_custom_interfaces/msg/rosidl_typesupport_introspection_c__visibility_control.h
[3.302s] -- Symlinking: /data/home/yanzezhang/Documents/roboClaw/RoboClaw_Nav/robotics/ros_ws/install/dynamixel_sdk_custom_interfaces/include/dynamixel_sdk_custom_interfaces/dynamixel_sdk_custom_interfaces/srv/detail/get_position__rosidl_typesupport_introspection_c.h
[3.312s] -- Symlinking: /data/home/yanzezhang/Documents/roboClaw/RoboClaw_Nav/robotics/ros_ws/install/dynamixel_sdk_custom_interfaces/include/dynamixel_sdk_custom_interfaces/dynamixel_sdk_custom_interfaces/msg/detail/set_position__rosidl_typesupport_introspection_cpp.hpp
[3.323s] -- Symlinking: /data/home/yanzezhang/Documents/roboClaw/RoboClaw_Nav/robotics/ros_ws/install/dynamixel_sdk_custom_interfaces/include/dynamixel_sdk_custom_interfaces/dynamixel_sdk_custom_interfaces/srv/detail/get_position__rosidl_typesupport_introspection_cpp.hpp
[3.334s] -- Symlinking: /data/home/yanzezhang/Documents/roboClaw/RoboClaw_Nav/robotics/ros_ws/install/dynamixel_sdk_custom_interfaces/share/dynamixel_sdk_custom_interfaces/environment/pythonpath.sh
[3.344s] -- Symlinking: /data/home/yanzezhang/Documents/roboClaw/RoboClaw_Nav/robotics/ros_ws/install/dynamixel_sdk_custom_interfaces/share/dynamixel_sdk_custom_interfaces/environment/pythonpath.dsv
[3.353s] -- Symlinking: /data/home/yanzezhang/Documents/roboClaw/RoboClaw_Nav/robotics/ros_ws/install/dynamixel_sdk_custom_interfaces/local/lib/python3.10/dist-packages/dynamixel_sdk_custom_interfaces-4.0.3-py3.10.egg-info/PKG-INFO
[3.362s] -- Symlinking: /data/home/yanzezhang/Documents/roboClaw/RoboClaw_Nav/robotics/ros_ws/install/dynamixel_sdk_custom_interfaces/local/lib/python3.10/dist-packages/dynamixel_sdk_custom_interfaces-4.0.3-py3.10.egg-info/SOURCES.txt
[3.371s] -- Symlinking: /data/home/yanzezhang/Documents/roboClaw/RoboClaw_Nav/robotics/ros_ws/install/dynamixel_sdk_custom_interfaces/local/lib/python3.10/dist-packages/dynamixel_sdk_custom_interfaces-4.0.3-py3.10.egg-info/dependency_links.txt
[3.380s] -- Symlinking: /data/home/yanzezhang/Documents/roboClaw/RoboClaw_Nav/robotics/ros_ws/install/dynamixel_sdk_custom_interfaces/local/lib/python3.10/dist-packages/dynamixel_sdk_custom_interfaces-4.0.3-py3.10.egg-info/top_level.txt
[3.392s] -- Symlinking: /data/home/yanzezhang/Documents/roboClaw/RoboClaw_Nav/robotics/ros_ws/install/dynamixel_sdk_custom_interfaces/local/lib/python3.10/dist-packages/dynamixel_sdk_custom_interfaces/__init__.py
[3.401s] -- Symlinking: /data/home/yanzezhang/Documents/roboClaw/RoboClaw_Nav/robotics/ros_ws/install/dynamixel_sdk_custom_interfaces/local/lib/python3.10/dist-packages/dynamixel_sdk_custom_interfaces/_dynamixel_sdk_custom_interfaces_s.ep.rosidl_typesupport_c.c
[3.413s] -- Symlinking: /data/home/yanzezhang/Documents/roboClaw/RoboClaw_Nav/robotics/ros_ws/install/dynamixel_sdk_custom_interfaces/local/lib/python3.10/dist-packages/dynamixel_sdk_custom_interfaces/_dynamixel_sdk_custom_interfaces_s.ep.rosidl_typesupport_fastrtps_c.c
[3.424s] -- Symlinking: /data/home/yanzezhang/Documents/roboClaw/RoboClaw_Nav/robotics/ros_ws/install/dynamixel_sdk_custom_interfaces/local/lib/python3.10/dist-packages/dynamixel_sdk_custom_interfaces/_dynamixel_sdk_custom_interfaces_s.ep.rosidl_typesupport_introspection_c.c
[3.434s] -- Symlinking: /data/home/yanzezhang/Documents/roboClaw/RoboClaw_Nav/robotics/ros_ws/install/dynamixel_sdk_custom_interfaces/local/lib/python3.10/dist-packages/dynamixel_sdk_custom_interfaces/dynamixel_sdk_custom_interfaces_s__rosidl_typesupport_c.cpython-310-x86_64-linux-gnu.so
[3.445s] -- Symlinking: /data/home/yanzezhang/Documents/roboClaw/RoboClaw_Nav/robotics/ros_ws/install/dynamixel_sdk_custom_interfaces/local/lib/python3.10/dist-packages/dynamixel_sdk_custom_interfaces/dynamixel_sdk_custom_interfaces_s__rosidl_typesupport_fastrtps_c.cpython-310-x86_64-linux-gnu.so
[3.456s] -- Symlinking: /data/home/yanzezhang/Documents/roboClaw/RoboClaw_Nav/robotics/ros_ws/install/dynamixel_sdk_custom_interfaces/local/lib/python3.10/dist-packages/dynamixel_sdk_custom_interfaces/dynamixel_sdk_custom_interfaces_s__rosidl_typesupport_introspection_c.cpython-310-x86_64-linux-gnu.so
[3.467s] -- Symlinking: /data/home/yanzezhang/Documents/roboClaw/RoboClaw_Nav/robotics/ros_ws/install/dynamixel_sdk_custom_interfaces/local/lib/python3.10/dist-packages/dynamixel_sdk_custom_interfaces/libdynamixel_sdk_custom_interfaces__rosidl_generator_py.so
[3.477s] -- Symlinking: /data/home/yanzezhang/Documents/roboClaw/RoboClaw_Nav/robotics/ros_ws/install/dynamixel_sdk_custom_interfaces/local/lib/python3.10/dist-packages/dynamixel_sdk_custom_interfaces/msg/__init__.py
[3.487s] -- Symlinking: /data/home/yanzezhang/Documents/roboClaw/RoboClaw_Nav/robotics/ros_ws/install/dynamixel_sdk_custom_interfaces/local/lib/python3.10/dist-packages/dynamixel_sdk_custom_interfaces/msg/_set_position.py
[3.498s] -- Symlinking: /data/home/yanzezhang/Documents/roboClaw/RoboClaw_Nav/robotics/ros_ws/install/dynamixel_sdk_custom_interfaces/local/lib/python3.10/dist-packages/dynamixel_sdk_custom_interfaces/msg/_set_position_s.c
[3.509s] -- Symlinking: /data/home/yanzezhang/Documents/roboClaw/RoboClaw_Nav/robotics/ros_ws/install/dynamixel_sdk_custom_interfaces/local/lib/python3.10/dist-packages/dynamixel_sdk_custom_interfaces/srv/__init__.py
[3.519s] -- Symlinking: /data/home/yanzezhang/Documents/roboClaw/RoboClaw_Nav/robotics/ros_ws/install/dynamixel_sdk_custom_interfaces/local/lib/python3.10/dist-packages/dynamixel_sdk_custom_interfaces/srv/_get_position.py
[3.531s] -- Symlinking: /data/home/yanzezhang/Documents/roboClaw/RoboClaw_Nav/robotics/ros_ws/install/dynamixel_sdk_custom_interfaces/local/lib/python3.10/dist-packages/dynamixel_sdk_custom_interfaces/srv/_get_position_s.c
[3.541s] -- Up-to-date symlink: /data/home/yanzezhang/Documents/roboClaw/RoboClaw_Nav/robotics/ros_ws/install/dynamixel_sdk_custom_interfaces/local/lib/python3.10/dist-packages/dynamixel_sdk_custom_interfaces/dynamixel_sdk_custom_interfaces_s__rosidl_typesupport_fastrtps_c.cpython-310-x86_64-linux-gnu.so
[3.542s] -- Up-to-date symlink: /data/home/yanzezhang/Documents/roboClaw/RoboClaw_Nav/robotics/ros_ws/install/dynamixel_sdk_custom_interfaces/local/lib/python3.10/dist-packages/dynamixel_sdk_custom_interfaces/dynamixel_sdk_custom_interfaces_s__rosidl_typesupport_introspection_c.cpython-310-x86_64-linux-gnu.so
[3.542s] -- Up-to-date symlink: /data/home/yanzezhang/Documents/roboClaw/RoboClaw_Nav/robotics/ros_ws/install/dynamixel_sdk_custom_interfaces/local/lib/python3.10/dist-packages/dynamixel_sdk_custom_interfaces/dynamixel_sdk_custom_interfaces_s__rosidl_typesupport_c.cpython-310-x86_64-linux-gnu.so
[3.542s] -- Symlinking: /data/home/yanzezhang/Documents/roboClaw/RoboClaw_Nav/robotics/ros_ws/install/dynamixel_sdk_custom_interfaces/share/dynamixel_sdk_custom_interfaces/msg/SetPosition.idl
[3.553s] -- Symlinking: /data/home/yanzezhang/Documents/roboClaw/RoboClaw_Nav/robotics/ros_ws/install/dynamixel_sdk_custom_interfaces/share/dynamixel_sdk_custom_interfaces/srv/GetPosition.idl
[3.563s] -- Symlinking: /data/home/yanzezhang/Documents/roboClaw/RoboClaw_Nav/robotics/ros_ws/install/dynamixel_sdk_custom_interfaces/share/dynamixel_sdk_custom_interfaces/msg/SetPosition.msg
[3.573s] -- Symlinking: /data/home/yanzezhang/Documents/roboClaw/RoboClaw_Nav/robotics/ros_ws/install/dynamixel_sdk_custom_interfaces/share/dynamixel_sdk_custom_interfaces/srv/GetPosition.srv
[3.583s] -- Symlinking: /data/home/yanzezhang/Documents/roboClaw/RoboClaw_Nav/robotics/ros_ws/install/dynamixel_sdk_custom_interfaces/share/dynamixel_sdk_custom_interfaces/srv/GetPosition_Request.msg
[3.593s] -- Symlinking: /data/home/yanzezhang/Documents/roboClaw/RoboClaw_Nav/robotics/ros_ws/install/dynamixel_sdk_custom_interfaces/share/dynamixel_sdk_custom_interfaces/srv/GetPosition_Response.msg
[3.603s] -- Symlinking: /data/home/yanzezhang/Documents/roboClaw/RoboClaw_Nav/robotics/ros_ws/install/dynamixel_sdk_custom_interfaces/share/ament_index/resource_index/package_run_dependencies/dynamixel_sdk_custom_interfaces
[3.611s] -- Symlinking: /data/home/yanzezhang/Documents/roboClaw/RoboClaw_Nav/robotics/ros_ws/install/dynamixel_sdk_custom_interfaces/share/ament_index/resource_index/parent_prefix_path/dynamixel_sdk_custom_interfaces
[3.622s] -- Symlinking: /data/home/yanzezhang/Documents/roboClaw/RoboClaw_Nav/robotics/ros_ws/install/dynamixel_sdk_custom_interfaces/share/dynamixel_sdk_custom_interfaces/environment/ament_prefix_path.sh
[3.634s] -- Symlinking: /data/home/yanzezhang/Documents/roboClaw/RoboClaw_Nav/robotics/ros_ws/install/dynamixel_sdk_custom_interfaces/share/dynamixel_sdk_custom_interfaces/environment/ament_prefix_path.dsv
[3.646s] -- Symlinking: /data/home/yanzezhang/Documents/roboClaw/RoboClaw_Nav/robotics/ros_ws/install/dynamixel_sdk_custom_interfaces/share/dynamixel_sdk_custom_interfaces/environment/path.sh
[3.655s] -- Symlinking: /data/home/yanzezhang/Documents/roboClaw/RoboClaw_Nav/robotics/ros_ws/install/dynamixel_sdk_custom_interfaces/share/dynamixel_sdk_custom_interfaces/environment/path.dsv
[3.664s] -- Symlinking: /data/home/yanzezhang/Documents/roboClaw/RoboClaw_Nav/robotics/ros_ws/install/dynamixel_sdk_custom_interfaces/share/dynamixel_sdk_custom_interfaces/local_setup.bash
[3.673s] -- Symlinking: /data/home/yanzezhang/Documents/roboClaw/RoboClaw_Nav/robotics/ros_ws/install/dynamixel_sdk_custom_interfaces/share/dynamixel_sdk_custom_interfaces/local_setup.sh
[3.685s] -- Symlinking: /data/home/yanzezhang/Documents/roboClaw/RoboClaw_Nav/robotics/ros_ws/install/dynamixel_sdk_custom_interfaces/share/dynamixel_sdk_custom_interfaces/local_setup.zsh
[3.695s] -- Symlinking: /data/home/yanzezhang/Documents/roboClaw/RoboClaw_Nav/robotics/ros_ws/install/dynamixel_sdk_custom_interfaces/share/dynamixel_sdk_custom_interfaces/local_setup.dsv
[3.706s] -- Symlinking: /data/home/yanzezhang/Documents/roboClaw/RoboClaw_Nav/robotics/ros_ws/install/dynamixel_sdk_custom_interfaces/share/dynamixel_sdk_custom_interfaces/package.dsv
[3.717s] -- Symlinking: /data/home/yanzezhang/Documents/roboClaw/RoboClaw_Nav/robotics/ros_ws/install/dynamixel_sdk_custom_interfaces/share/ament_index/resource_index/packages/dynamixel_sdk_custom_interfaces
[3.729s] -- Symlinking: /data/home/yanzezhang/Documents/roboClaw/RoboClaw_Nav/robotics/ros_ws/install/dynamixel_sdk_custom_interfaces/share/dynamixel_sdk_custom_interfaces/cmake/rosidl_cmake-extras.cmake
[3.739s] -- Symlinking: /data/home/yanzezhang/Documents/roboClaw/RoboClaw_Nav/robotics/ros_ws/install/dynamixel_sdk_custom_interfaces/share/dynamixel_sdk_custom_interfaces/cmake/ament_cmake_export_dependencies-extras.cmake
[3.749s] -- Symlinking: /data/home/yanzezhang/Documents/roboClaw/RoboClaw_Nav/robotics/ros_ws/install/dynamixel_sdk_custom_interfaces/share/dynamixel_sdk_custom_interfaces/cmake/ament_cmake_export_include_directories-extras.cmake
[3.759s] -- Symlinking: /data/home/yanzezhang/Documents/roboClaw/RoboClaw_Nav/robotics/ros_ws/install/dynamixel_sdk_custom_interfaces/share/dynamixel_sdk_custom_interfaces/cmake/ament_cmake_export_libraries-extras.cmake
[3.770s] -- Symlinking: /data/home/yanzezhang/Documents/roboClaw/RoboClaw_Nav/robotics/ros_ws/install/dynamixel_sdk_custom_interfaces/share/dynamixel_sdk_custom_interfaces/cmake/ament_cmake_export_targets-extras.cmake
[3.781s] -- Symlinking: /data/home/yanzezhang/Documents/roboClaw/RoboClaw_Nav/robotics/ros_ws/install/dynamixel_sdk_custom_interfaces/share/dynamixel_sdk_custom_interfaces/cmake/rosidl_cmake_export_typesupport_targets-extras.cmake
[3.791s] -- Symlinking: /data/home/yanzezhang/Documents/roboClaw/RoboClaw_Nav/robotics/ros_ws/install/dynamixel_sdk_custom_interfaces/share/dynamixel_sdk_custom_interfaces/cmake/rosidl_cmake_export_typesupport_libraries-extras.cmake
[3.800s] -- Symlinking: /data/home/yanzezhang/Documents/roboClaw/RoboClaw_Nav/robotics/ros_ws/install/dynamixel_sdk_custom_interfaces/share/dynamixel_sdk_custom_interfaces/cmake/dynamixel_sdk_custom_interfacesConfig.cmake
[3.811s] -- Symlinking: /data/home/yanzezhang/Documents/roboClaw/RoboClaw_Nav/robotics/ros_ws/install/dynamixel_sdk_custom_interfaces/share/dynamixel_sdk_custom_interfaces/cmake/dynamixel_sdk_custom_interfacesConfig-version.cmake
[3.822s] -- Symlinking: /data/home/yanzezhang/Documents/roboClaw/RoboClaw_Nav/robotics/ros_ws/install/dynamixel_sdk_custom_interfaces/share/dynamixel_sdk_custom_interfaces/package.xml
[3.832s] -- Installing: /data/home/yanzezhang/Documents/roboClaw/RoboClaw_Nav/robotics/ros_ws/install/dynamixel_sdk_custom_interfaces/lib/libdynamixel_sdk_custom_interfaces__rosidl_generator_c.so
[3.832s] -- Set runtime path of "/data/home/yanzezhang/Documents/roboClaw/RoboClaw_Nav/robotics/ros_ws/install/dynamixel_sdk_custom_interfaces/lib/libdynamixel_sdk_custom_interfaces__rosidl_generator_c.so" to ""
[3.832s] -- Installing: /data/home/yanzezhang/Documents/roboClaw/RoboClaw_Nav/robotics/ros_ws/install/dynamixel_sdk_custom_interfaces/lib/libdynamixel_sdk_custom_interfaces__rosidl_typesupport_fastrtps_c.so
[3.832s] -- Set runtime path of "/data/home/yanzezhang/Documents/roboClaw/RoboClaw_Nav/robotics/ros_ws/install/dynamixel_sdk_custom_interfaces/lib/libdynamixel_sdk_custom_interfaces__rosidl_typesupport_fastrtps_c.so" to ""
[3.832s] -- Installing: /data/home/yanzezhang/Documents/roboClaw/RoboClaw_Nav/robotics/ros_ws/install/dynamixel_sdk_custom_interfaces/lib/libdynamixel_sdk_custom_interfaces__rosidl_typesupport_fastrtps_cpp.so
[3.833s] -- Set runtime path of "/data/home/yanzezhang/Documents/roboClaw/RoboClaw_Nav/robotics/ros_ws/install/dynamixel_sdk_custom_interfaces/lib/libdynamixel_sdk_custom_interfaces__rosidl_typesupport_fastrtps_cpp.so" to ""
[3.833s] -- Installing: /data/home/yanzezhang/Documents/roboClaw/RoboClaw_Nav/robotics/ros_ws/install/dynamixel_sdk_custom_interfaces/lib/libdynamixel_sdk_custom_interfaces__rosidl_typesupport_introspection_c.so
[3.833s] -- Set runtime path of "/data/home/yanzezhang/Documents/roboClaw/RoboClaw_Nav/robotics/ros_ws/install/dynamixel_sdk_custom_interfaces/lib/libdynamixel_sdk_custom_interfaces__rosidl_typesupport_introspection_c.so" to ""
[3.833s] -- Installing: /data/home/yanzezhang/Documents/roboClaw/RoboClaw_Nav/robotics/ros_ws/install/dynamixel_sdk_custom_interfaces/lib/libdynamixel_sdk_custom_interfaces__rosidl_typesupport_c.so
[3.833s] -- Set runtime path of "/data/home/yanzezhang/Documents/roboClaw/RoboClaw_Nav/robotics/ros_ws/install/dynamixel_sdk_custom_interfaces/lib/libdynamixel_sdk_custom_interfaces__rosidl_typesupport_c.so" to ""
[3.833s] -- Installing: /data/home/yanzezhang/Documents/roboClaw/RoboClaw_Nav/robotics/ros_ws/install/dynamixel_sdk_custom_interfaces/lib/libdynamixel_sdk_custom_interfaces__rosidl_typesupport_introspection_cpp.so
[3.834s] -- Set runtime path of "/data/home/yanzezhang/Documents/roboClaw/RoboClaw_Nav/robotics/ros_ws/install/dynamixel_sdk_custom_interfaces/lib/libdynamixel_sdk_custom_interfaces__rosidl_typesupport_introspection_cpp.so" to ""
[3.834s] -- Installing: /data/home/yanzezhang/Documents/roboClaw/RoboClaw_Nav/robotics/ros_ws/install/dynamixel_sdk_custom_interfaces/lib/libdynamixel_sdk_custom_interfaces__rosidl_typesupport_cpp.so
[3.834s] -- Set runtime path of "/data/home/yanzezhang/Documents/roboClaw/RoboClaw_Nav/robotics/ros_ws/install/dynamixel_sdk_custom_interfaces/lib/libdynamixel_sdk_custom_interfaces__rosidl_typesupport_cpp.so" to ""
[3.860s] Listing '/data/home/yanzezhang/Documents/roboClaw/RoboClaw_Nav/robotics/ros_ws/install/dynamixel_sdk_custom_interfaces/local/lib/python3.10/dist-packages/dynamixel_sdk_custom_interfaces'...
[3.860s] Compiling '/data/home/yanzezhang/Documents/roboClaw/RoboClaw_Nav/robotics/ros_ws/install/dynamixel_sdk_custom_interfaces/local/lib/python3.10/dist-packages/dynamixel_sdk_custom_interfaces/__init__.py'...
[3.860s] Listing '/data/home/yanzezhang/Documents/roboClaw/RoboClaw_Nav/robotics/ros_ws/install/dynamixel_sdk_custom_interfaces/local/lib/python3.10/dist-packages/dynamixel_sdk_custom_interfaces/msg'...
[3.860s] Compiling '/data/home/yanzezhang/Documents/roboClaw/RoboClaw_Nav/robotics/ros_ws/install/dynamixel_sdk_custom_interfaces/local/lib/python3.10/dist-packages/dynamixel_sdk_custom_interfaces/msg/__init__.py'...
[3.860s] Compiling '/data/home/yanzezhang/Documents/roboClaw/RoboClaw_Nav/robotics/ros_ws/install/dynamixel_sdk_custom_interfaces/local/lib/python3.10/dist-packages/dynamixel_sdk_custom_interfaces/msg/_set_position.py'...
[3.861s] Listing '/data/home/yanzezhang/Documents/roboClaw/RoboClaw_Nav/robotics/ros_ws/install/dynamixel_sdk_custom_interfaces/local/lib/python3.10/dist-packages/dynamixel_sdk_custom_interfaces/srv'...
[3.861s] Compiling '/data/home/yanzezhang/Documents/roboClaw/RoboClaw_Nav/robotics/ros_ws/install/dynamixel_sdk_custom_interfaces/local/lib/python3.10/dist-packages/dynamixel_sdk_custom_interfaces/srv/__init__.py'...
[3.861s] Compiling '/data/home/yanzezhang/Documents/roboClaw/RoboClaw_Nav/robotics/ros_ws/install/dynamixel_sdk_custom_interfaces/local/lib/python3.10/dist-packages/dynamixel_sdk_custom_interfaces/srv/_get_position.py'...
[3.863s] -- Installing: /data/home/yanzezhang/Documents/roboClaw/RoboClaw_Nav/robotics/ros_ws/install/dynamixel_sdk_custom_interfaces/lib/libdynamixel_sdk_custom_interfaces__rosidl_generator_py.so
[3.864s] -- Set runtime path of "/data/home/yanzezhang/Documents/roboClaw/RoboClaw_Nav/robotics/ros_ws/install/dynamixel_sdk_custom_interfaces/lib/libdynamixel_sdk_custom_interfaces__rosidl_generator_py.so" to ""
[3.864s] -- Installing: /data/home/yanzezhang/Documents/roboClaw/RoboClaw_Nav/robotics/ros_ws/install/dynamixel_sdk_custom_interfaces/share/dynamixel_sdk_custom_interfaces/cmake/export_dynamixel_sdk_custom_interfaces__rosidl_generator_cExport.cmake
[3.864s] -- Installing: /data/home/yanzezhang/Documents/roboClaw/RoboClaw_Nav/robotics/ros_ws/install/dynamixel_sdk_custom_interfaces/share/dynamixel_sdk_custom_interfaces/cmake/export_dynamixel_sdk_custom_interfaces__rosidl_generator_cExport-noconfig.cmake
[3.864s] -- Installing: /data/home/yanzezhang/Documents/roboClaw/RoboClaw_Nav/robotics/ros_ws/install/dynamixel_sdk_custom_interfaces/share/dynamixel_sdk_custom_interfaces/cmake/export_dynamixel_sdk_custom_interfaces__rosidl_typesupport_fastrtps_cExport.cmake
[3.864s] -- Installing: /data/home/yanzezhang/Documents/roboClaw/RoboClaw_Nav/robotics/ros_ws/install/dynamixel_sdk_custom_interfaces/share/dynamixel_sdk_custom_interfaces/cmake/export_dynamixel_sdk_custom_interfaces__rosidl_typesupport_fastrtps_cExport-noconfig.cmake
[3.864s] -- Installing: /data/home/yanzezhang/Documents/roboClaw/RoboClaw_Nav/robotics/ros_ws/install/dynamixel_sdk_custom_interfaces/share/dynamixel_sdk_custom_interfaces/cmake/export_dynamixel_sdk_custom_interfaces__rosidl_generator_cppExport.cmake
[3.864s] -- Installing: /data/home/yanzezhang/Documents/roboClaw/RoboClaw_Nav/robotics/ros_ws/install/dynamixel_sdk_custom_interfaces/share/dynamixel_sdk_custom_interfaces/cmake/export_dynamixel_sdk_custom_interfaces__rosidl_typesupport_fastrtps_cppExport.cmake
[3.864s] -- Installing: /data/home/yanzezhang/Documents/roboClaw/RoboClaw_Nav/robotics/ros_ws/install/dynamixel_sdk_custom_interfaces/share/dynamixel_sdk_custom_interfaces/cmake/export_dynamixel_sdk_custom_interfaces__rosidl_typesupport_fastrtps_cppExport-noconfig.cmake
[3.864s] -- Installing: /data/home/yanzezhang/Documents/roboClaw/RoboClaw_Nav/robotics/ros_ws/install/dynamixel_sdk_custom_interfaces/share/dynamixel_sdk_custom_interfaces/cmake/dynamixel_sdk_custom_interfaces__rosidl_typesupport_introspection_cExport.cmake
[3.864s] -- Installing: /data/home/yanzezhang/Documents/roboClaw/RoboClaw_Nav/robotics/ros_ws/install/dynamixel_sdk_custom_interfaces/share/dynamixel_sdk_custom_interfaces/cmake/dynamixel_sdk_custom_interfaces__rosidl_typesupport_introspection_cExport-noconfig.cmake
[3.865s] -- Installing: /data/home/yanzezhang/Documents/roboClaw/RoboClaw_Nav/robotics/ros_ws/install/dynamixel_sdk_custom_interfaces/share/dynamixel_sdk_custom_interfaces/cmake/dynamixel_sdk_custom_interfaces__rosidl_typesupport_cExport.cmake
[3.865s] -- Installing: /data/home/yanzezhang/Documents/roboClaw/RoboClaw_Nav/robotics/ros_ws/install/dynamixel_sdk_custom_interfaces/share/dynamixel_sdk_custom_interfaces/cmake/dynamixel_sdk_custom_interfaces__rosidl_typesupport_cExport-noconfig.cmake
[3.865s] -- Installing: /data/home/yanzezhang/Documents/roboClaw/RoboClaw_Nav/robotics/ros_ws/install/dynamixel_sdk_custom_interfaces/share/dynamixel_sdk_custom_interfaces/cmake/dynamixel_sdk_custom_interfaces__rosidl_typesupport_introspection_cppExport.cmake
[3.865s] -- Installing: /data/home/yanzezhang/Documents/roboClaw/RoboClaw_Nav/robotics/ros_ws/install/dynamixel_sdk_custom_interfaces/share/dynamixel_sdk_custom_interfaces/cmake/dynamixel_sdk_custom_interfaces__rosidl_typesupport_introspection_cppExport-noconfig.cmake
[3.865s] -- Installing: /data/home/yanzezhang/Documents/roboClaw/RoboClaw_Nav/robotics/ros_ws/install/dynamixel_sdk_custom_interfaces/share/dynamixel_sdk_custom_interfaces/cmake/dynamixel_sdk_custom_interfaces__rosidl_typesupport_cppExport.cmake
[3.865s] -- Installing: /data/home/yanzezhang/Documents/roboClaw/RoboClaw_Nav/robotics/ros_ws/install/dynamixel_sdk_custom_interfaces/share/dynamixel_sdk_custom_interfaces/cmake/dynamixel_sdk_custom_interfaces__rosidl_typesupport_cppExport-noconfig.cmake
[3.865s] -- Installing: /data/home/yanzezhang/Documents/roboClaw/RoboClaw_Nav/robotics/ros_ws/install/dynamixel_sdk_custom_interfaces/share/dynamixel_sdk_custom_interfaces/cmake/export_dynamixel_sdk_custom_interfaces__rosidl_generator_pyExport.cmake
[3.865s] -- Installing: /data/home/yanzezhang/Documents/roboClaw/RoboClaw_Nav/robotics/ros_ws/install/dynamixel_sdk_custom_interfaces/share/dynamixel_sdk_custom_interfaces/cmake/export_dynamixel_sdk_custom_interfaces__rosidl_generator_pyExport-noconfig.cmake
[3.869s] Invoked command in '/data/home/yanzezhang/Documents/roboClaw/RoboClaw_Nav/robotics/ros_ws/build/dynamixel_sdk_custom_interfaces' returned '0': CMAKE_PREFIX_PATH=${CMAKE_PREFIX_PATH}:/data/home/yanzezhang/turtlebot3_ws/install/turtlebot3_teleop:/data/home/yanzezhang/turtlebot3_ws/install/turtlebot3_example:/opt/ros/humble /usr/bin/cmake --install /data/home/yanzezhang/Documents/roboClaw/RoboClaw_Nav/robotics/ros_ws/build/dynamixel_sdk_custom_interfaces
