[0.198s] Invoking command in '/data/home/yanzezhang/Documents/roboClaw/RoboClaw_Nav/robotics/ros_ws/build/turtlebot3_node': AMENT_PREFIX_PATH=/data/home/yanzezhang/Documents/roboClaw/RoboClaw_Nav/robotics/ros_ws/install/turtlebot3_msgs:/data/home/yanzezhang/Documents/roboClaw/RoboClaw_Nav/robotics/ros_ws/install/dynamixel_sdk:${AMENT_PREFIX_PATH} CMAKE_PREFIX_PATH=/data/home/yanzezhang/Documents/roboClaw/RoboClaw_Nav/robotics/ros_ws/install/turtlebot3_msgs:/data/home/yanzezhang/Documents/roboClaw/RoboClaw_Nav/robotics/ros_ws/install/dynamixel_sdk:/data/home/yanzezhang/turtlebot3_ws/install/turtlebot3:/data/home/yanzezhang/turtlebot3_ws/install/turtlebot3_simulations:/data/home/yanzezhang/turtlebot3_ws/install/turtlebot3_bringup:/data/home/yanzezhang/turtlebot3_ws/install/turtlebot3_node:/data/home/yanzezhang/turtlebot3_ws/install/turtlebot3_navigation2:/data/home/yanzezhang/turtlebot3_ws/install/turtlebot3_fake_node:/data/home/yanzezhang/turtlebot3_ws/install/turtlebot3_msgs:/data/home/yanzezhang/turtlebot3_ws/install/turtlebot3_manipulation_gazebo:/data/home/yanzezhang/turtlebot3_ws/install/turtlebot3_gazebo:/data/home/yanzezhang/turtlebot3_ws/install/turtlebot3_description:/data/home/yanzezhang/turtlebot3_ws/install/turtlebot3_cartographer:/data/home/yanzezhang/turtlebot3_ws/install/dynamixel_sdk_examples:/data/home/yanzezhang/turtlebot3_ws/install/dynamixel_sdk_custom_interfaces:/data/home/yanzezhang/turtlebot3_ws/install/dynamixel_sdk:/data/home/yanzezhang/turtlebot3_ws/install/turtlebot3_teleop:/data/home/yanzezhang/turtlebot3_ws/install/turtlebot3_example:/opt/ros/humble LD_LIBRARY_PATH=/data/home/yanzezhang/Documents/roboClaw/RoboClaw_Nav/robotics/ros_ws/install/turtlebot3_msgs/lib:/data/home/yanzezhang/Documents/roboClaw/RoboClaw_Nav/robotics/ros_ws/install/dynamixel_sdk/lib:/data/home/yanzezhang/turtlebot3_ws/install/turtlebot3_msgs/lib:/data/home/yanzezhang/turtlebot3_ws/install/dynamixel_sdk_custom_interfaces/lib:/data/home/yanzezhang/turtlebot3_ws/install/dynamixel_sdk/lib:/usr/lib/x86_64-linux-gnu/gazebo-11/plugins:/opt/ros/humble/opt/rviz_ogre_vendor/lib:/opt/ros/humble/lib/x86_64-linux-gnu:/opt/ros/humble/lib:/usr/lib/x86_64-linux-gnu/gazebo-11/plugins PYTHONPATH=/data/home/yanzezhang/Documents/roboClaw/RoboClaw_Nav/robotics/ros_ws/install/turtlebot3_msgs/local/lib/python3.10/dist-packages:/data/home/yanzezhang/Documents/roboClaw/RoboClaw_Nav/robotics/ros_ws/install/dynamixel_sdk/local/lib/python3.10/dist-packages:${PYTHONPATH} /usr/bin/cmake /data/home/yanzezhang/Documents/roboClaw/RoboClaw_Nav/robotics/ros_ws/src/turtlebot3/turtlebot3_node -DAMENT_CMAKE_SYMLINK_INSTALL=1 -DCMAKE_INSTALL_PREFIX=/data/home/yanzezhang/Documents/roboClaw/RoboClaw_Nav/robotics/ros_ws/install/turtlebot3_node
[0.259s] -- The C compiler identification is GNU 11.4.0
[0.310s] -- The CXX compiler identification is GNU 11.4.0
[0.317s] -- Detecting C compiler ABI info
[0.396s] -- Detecting C compiler ABI info - done
[0.401s] -- Check for working C compiler: /usr/bin/cc - skipped
[0.401s] -- Detecting C compile features
[0.401s] -- Detecting C compile features - done
[0.403s] -- Detecting CXX compiler ABI info
[0.491s] -- Detecting CXX compiler ABI info - done
[0.498s] -- Check for working CXX compiler: /usr/bin/c++ - skipped
[0.499s] -- Detecting CXX compile features
[0.499s] -- Detecting CXX compile features - done
[0.502s] -- Found ament_cmake: 1.3.11 (/opt/ros/humble/share/ament_cmake/cmake)
[0.632s] -- Found Python3: /usr/bin/python3 (found version "3.10.12") found components: Interpreter 
[0.676s] -- Override CMake install command with custom implementation using symlinks instead of copying resources
[0.718s] -- Found dynamixel_sdk: 4.0.3 (/data/home/yanzezhang/Documents/roboClaw/RoboClaw_Nav/robotics/ros_ws/install/dynamixel_sdk/share/dynamixel_sdk/cmake)
[0.722s] -- Found geometry_msgs: 4.8.0 (/opt/ros/humble/share/geometry_msgs/cmake)
[0.762s] -- Found rosidl_generator_c: 3.1.6 (/opt/ros/humble/share/rosidl_generator_c/cmake)
[0.768s] -- Found rosidl_adapter: 3.1.6 (/opt/ros/humble/share/rosidl_adapter/cmake)
[0.776s] -- Found rosidl_generator_cpp: 3.1.6 (/opt/ros/humble/share/rosidl_generator_cpp/cmake)
[0.786s] -- Using all available rosidl_typesupport_c: rosidl_typesupport_fastrtps_c;rosidl_typesupport_introspection_c
[0.801s] -- Using all available rosidl_typesupport_cpp: rosidl_typesupport_fastrtps_cpp;rosidl_typesupport_introspection_cpp
[0.830s] -- Found message_filters: 4.3.7 (/opt/ros/humble/share/message_filters/cmake)
[0.873s] -- Found rmw_implementation_cmake: 6.1.2 (/opt/ros/humble/share/rmw_implementation_cmake/cmake)
[0.876s] -- Found rmw_cyclonedds_cpp: 1.3.4 (/opt/ros/humble/share/rmw_cyclonedds_cpp/cmake)
[0.897s] -- Using RMW implementation 'rmw_cyclonedds_cpp' as default
[0.908s] -- Looking for pthread.h
[0.994s] -- Looking for pthread.h - found
[0.994s] -- Performing Test CMAKE_HAVE_LIBC_PTHREAD
[1.078s] -- Performing Test CMAKE_HAVE_LIBC_PTHREAD - Success
[1.079s] -- Found Threads: TRUE  
[1.109s] -- Found nav_msgs: 4.8.0 (/opt/ros/humble/share/nav_msgs/cmake)
[1.121s] -- Found sensor_msgs: 4.8.0 (/opt/ros/humble/share/sensor_msgs/cmake)
[1.133s] -- Found std_srvs: 4.8.0 (/opt/ros/humble/share/std_srvs/cmake)
[1.143s] -- Found tf2: 0.25.16 (/opt/ros/humble/share/tf2/cmake)
[1.154s] -- Found tf2_ros: 0.25.16 (/opt/ros/humble/share/tf2_ros/cmake)
[1.222s] -- Found turtlebot3_msgs: 2.4.0 (/data/home/yanzezhang/Documents/roboClaw/RoboClaw_Nav/robotics/ros_ws/install/turtlebot3_msgs/share/turtlebot3_msgs/cmake)
[1.282s] -- Configuring done
[1.296s] -- Generating done
[1.300s] -- Build files have been written to: /data/home/yanzezhang/Documents/roboClaw/RoboClaw_Nav/robotics/ros_ws/build/turtlebot3_node
[1.310s] Invoked command in '/data/home/yanzezhang/Documents/roboClaw/RoboClaw_Nav/robotics/ros_ws/build/turtlebot3_node' returned '0': AMENT_PREFIX_PATH=/data/home/yanzezhang/Documents/roboClaw/RoboClaw_Nav/robotics/ros_ws/install/turtlebot3_msgs:/data/home/yanzezhang/Documents/roboClaw/RoboClaw_Nav/robotics/ros_ws/install/dynamixel_sdk:${AMENT_PREFIX_PATH} CMAKE_PREFIX_PATH=/data/home/yanzezhang/Documents/roboClaw/RoboClaw_Nav/robotics/ros_ws/install/turtlebot3_msgs:/data/home/yanzezhang/Documents/roboClaw/RoboClaw_Nav/robotics/ros_ws/install/dynamixel_sdk:/data/home/yanzezhang/turtlebot3_ws/install/turtlebot3:/data/home/yanzezhang/turtlebot3_ws/install/turtlebot3_simulations:/data/home/yanzezhang/turtlebot3_ws/install/turtlebot3_bringup:/data/home/yanzezhang/turtlebot3_ws/install/turtlebot3_node:/data/home/yanzezhang/turtlebot3_ws/install/turtlebot3_navigation2:/data/home/yanzezhang/turtlebot3_ws/install/turtlebot3_fake_node:/data/home/yanzezhang/turtlebot3_ws/install/turtlebot3_msgs:/data/home/yanzezhang/turtlebot3_ws/install/turtlebot3_manipulation_gazebo:/data/home/yanzezhang/turtlebot3_ws/install/turtlebot3_gazebo:/data/home/yanzezhang/turtlebot3_ws/install/turtlebot3_description:/data/home/yanzezhang/turtlebot3_ws/install/turtlebot3_cartographer:/data/home/yanzezhang/turtlebot3_ws/install/dynamixel_sdk_examples:/data/home/yanzezhang/turtlebot3_ws/install/dynamixel_sdk_custom_interfaces:/data/home/yanzezhang/turtlebot3_ws/install/dynamixel_sdk:/data/home/yanzezhang/turtlebot3_ws/install/turtlebot3_teleop:/data/home/yanzezhang/turtlebot3_ws/install/turtlebot3_example:/opt/ros/humble LD_LIBRARY_PATH=/data/home/yanzezhang/Documents/roboClaw/RoboClaw_Nav/robotics/ros_ws/install/turtlebot3_msgs/lib:/data/home/yanzezhang/Documents/roboClaw/RoboClaw_Nav/robotics/ros_ws/install/dynamixel_sdk/lib:/data/home/yanzezhang/turtlebot3_ws/install/turtlebot3_msgs/lib:/data/home/yanzezhang/turtlebot3_ws/install/dynamixel_sdk_custom_interfaces/lib:/data/home/yanzezhang/turtlebot3_ws/install/dynamixel_sdk/lib:/usr/lib/x86_64-linux-gnu/gazebo-11/plugins:/opt/ros/humble/opt/rviz_ogre_vendor/lib:/opt/ros/humble/lib/x86_64-linux-gnu:/opt/ros/humble/lib:/usr/lib/x86_64-linux-gnu/gazebo-11/plugins PYTHONPATH=/data/home/yanzezhang/Documents/roboClaw/RoboClaw_Nav/robotics/ros_ws/install/turtlebot3_msgs/local/lib/python3.10/dist-packages:/data/home/yanzezhang/Documents/roboClaw/RoboClaw_Nav/robotics/ros_ws/install/dynamixel_sdk/local/lib/python3.10/dist-packages:${PYTHONPATH} /usr/bin/cmake /data/home/yanzezhang/Documents/roboClaw/RoboClaw_Nav/robotics/ros_ws/src/turtlebot3/turtlebot3_node -DAMENT_CMAKE_SYMLINK_INSTALL=1 -DCMAKE_INSTALL_PREFIX=/data/home/yanzezhang/Documents/roboClaw/RoboClaw_Nav/robotics/ros_ws/install/turtlebot3_node
[1.311s] Invoking command in '/data/home/yanzezhang/Documents/roboClaw/RoboClaw_Nav/robotics/ros_ws/build/turtlebot3_node': AMENT_PREFIX_PATH=/data/home/yanzezhang/Documents/roboClaw/RoboClaw_Nav/robotics/ros_ws/install/turtlebot3_msgs:/data/home/yanzezhang/Documents/roboClaw/RoboClaw_Nav/robotics/ros_ws/install/dynamixel_sdk:${AMENT_PREFIX_PATH} CMAKE_PREFIX_PATH=/data/home/yanzezhang/Documents/roboClaw/RoboClaw_Nav/robotics/ros_ws/install/turtlebot3_msgs:/data/home/yanzezhang/Documents/roboClaw/RoboClaw_Nav/robotics/ros_ws/install/dynamixel_sdk:/data/home/yanzezhang/turtlebot3_ws/install/turtlebot3:/data/home/yanzezhang/turtlebot3_ws/install/turtlebot3_simulations:/data/home/yanzezhang/turtlebot3_ws/install/turtlebot3_bringup:/data/home/yanzezhang/turtlebot3_ws/install/turtlebot3_node:/data/home/yanzezhang/turtlebot3_ws/install/turtlebot3_navigation2:/data/home/yanzezhang/turtlebot3_ws/install/turtlebot3_fake_node:/data/home/yanzezhang/turtlebot3_ws/install/turtlebot3_msgs:/data/home/yanzezhang/turtlebot3_ws/install/turtlebot3_manipulation_gazebo:/data/home/yanzezhang/turtlebot3_ws/install/turtlebot3_gazebo:/data/home/yanzezhang/turtlebot3_ws/install/turtlebot3_description:/data/home/yanzezhang/turtlebot3_ws/install/turtlebot3_cartographer:/data/home/yanzezhang/turtlebot3_ws/install/dynamixel_sdk_examples:/data/home/yanzezhang/turtlebot3_ws/install/dynamixel_sdk_custom_interfaces:/data/home/yanzezhang/turtlebot3_ws/install/dynamixel_sdk:/data/home/yanzezhang/turtlebot3_ws/install/turtlebot3_teleop:/data/home/yanzezhang/turtlebot3_ws/install/turtlebot3_example:/opt/ros/humble LD_LIBRARY_PATH=/data/home/yanzezhang/Documents/roboClaw/RoboClaw_Nav/robotics/ros_ws/install/turtlebot3_msgs/lib:/data/home/yanzezhang/Documents/roboClaw/RoboClaw_Nav/robotics/ros_ws/install/dynamixel_sdk/lib:/data/home/yanzezhang/turtlebot3_ws/install/turtlebot3_msgs/lib:/data/home/yanzezhang/turtlebot3_ws/install/dynamixel_sdk_custom_interfaces/lib:/data/home/yanzezhang/turtlebot3_ws/install/dynamixel_sdk/lib:/usr/lib/x86_64-linux-gnu/gazebo-11/plugins:/opt/ros/humble/opt/rviz_ogre_vendor/lib:/opt/ros/humble/lib/x86_64-linux-gnu:/opt/ros/humble/lib:/usr/lib/x86_64-linux-gnu/gazebo-11/plugins PYTHONPATH=/data/home/yanzezhang/Documents/roboClaw/RoboClaw_Nav/robotics/ros_ws/install/turtlebot3_msgs/local/lib/python3.10/dist-packages:/data/home/yanzezhang/Documents/roboClaw/RoboClaw_Nav/robotics/ros_ws/install/dynamixel_sdk/local/lib/python3.10/dist-packages:${PYTHONPATH} /usr/bin/cmake --build /data/home/yanzezhang/Documents/roboClaw/RoboClaw_Nav/robotics/ros_ws/build/turtlebot3_node -- -j48 -l48
[1.377s] [ 21%] [32mBuilding CXX object CMakeFiles/turtlebot3_node_lib.dir/src/devices/reset.cpp.o[0m
[1.377s] [ 21%] [32mBuilding CXX object CMakeFiles/turtlebot3_node_lib.dir/src/diff_drive_controller.cpp.o[0m
[1.377s] [ 21%] [32mBuilding CXX object CMakeFiles/turtlebot3_node_lib.dir/src/devices/motor_power.cpp.o[0m
[1.377s] [ 28%] [32mBuilding CXX object CMakeFiles/turtlebot3_node_lib.dir/src/odometry.cpp.o[0m
[1.377s] [ 35%] [32mBuilding CXX object CMakeFiles/turtlebot3_node_lib.dir/src/sensors/battery_state.cpp.o[0m
[1.377s] [ 42%] [32mBuilding CXX object CMakeFiles/turtlebot3_node_lib.dir/src/dynamixel_sdk_wrapper.cpp.o[0m
[1.377s] [ 57%] [32mBuilding CXX object CMakeFiles/turtlebot3_node_lib.dir/src/sensors/imu.cpp.o[0m
[1.378s] [ 57%] [32mBuilding CXX object CMakeFiles/turtlebot3_node_lib.dir/src/turtlebot3.cpp.o[0m
[1.378s] [ 71%] [32mBuilding CXX object CMakeFiles/turtlebot3_node_lib.dir/src/sensors/sensor_state.cpp.o[0m
[1.378s] [ 71%] [32mBuilding CXX object CMakeFiles/turtlebot3_node_lib.dir/src/sensors/joint_state.cpp.o[0m
[1.378s] [ 78%] [32mBuilding CXX object CMakeFiles/turtlebot3_node_lib.dir/src/devices/sound.cpp.o[0m
[10.596s] [ 85%] [32m[1mLinking CXX static library libturtlebot3_node_lib.a[0m
[11.090s] [ 85%] Built target turtlebot3_node_lib
[11.119s] [ 92%] [32mBuilding CXX object CMakeFiles/turtlebot3_ros.dir/src/node_main.cpp.o[0m
[13.189s] [100%] [32m[1mLinking CXX executable turtlebot3_ros[0m
[14.224s] [100%] Built target turtlebot3_ros
[14.237s] Invoked command in '/data/home/yanzezhang/Documents/roboClaw/RoboClaw_Nav/robotics/ros_ws/build/turtlebot3_node' returned '0': AMENT_PREFIX_PATH=/data/home/yanzezhang/Documents/roboClaw/RoboClaw_Nav/robotics/ros_ws/install/turtlebot3_msgs:/data/home/yanzezhang/Documents/roboClaw/RoboClaw_Nav/robotics/ros_ws/install/dynamixel_sdk:${AMENT_PREFIX_PATH} CMAKE_PREFIX_PATH=/data/home/yanzezhang/Documents/roboClaw/RoboClaw_Nav/robotics/ros_ws/install/turtlebot3_msgs:/data/home/yanzezhang/Documents/roboClaw/RoboClaw_Nav/robotics/ros_ws/install/dynamixel_sdk:/data/home/yanzezhang/turtlebot3_ws/install/turtlebot3:/data/home/yanzezhang/turtlebot3_ws/install/turtlebot3_simulations:/data/home/yanzezhang/turtlebot3_ws/install/turtlebot3_bringup:/data/home/yanzezhang/turtlebot3_ws/install/turtlebot3_node:/data/home/yanzezhang/turtlebot3_ws/install/turtlebot3_navigation2:/data/home/yanzezhang/turtlebot3_ws/install/turtlebot3_fake_node:/data/home/yanzezhang/turtlebot3_ws/install/turtlebot3_msgs:/data/home/yanzezhang/turtlebot3_ws/install/turtlebot3_manipulation_gazebo:/data/home/yanzezhang/turtlebot3_ws/install/turtlebot3_gazebo:/data/home/yanzezhang/turtlebot3_ws/install/turtlebot3_description:/data/home/yanzezhang/turtlebot3_ws/install/turtlebot3_cartographer:/data/home/yanzezhang/turtlebot3_ws/install/dynamixel_sdk_examples:/data/home/yanzezhang/turtlebot3_ws/install/dynamixel_sdk_custom_interfaces:/data/home/yanzezhang/turtlebot3_ws/install/dynamixel_sdk:/data/home/yanzezhang/turtlebot3_ws/install/turtlebot3_teleop:/data/home/yanzezhang/turtlebot3_ws/install/turtlebot3_example:/opt/ros/humble LD_LIBRARY_PATH=/data/home/yanzezhang/Documents/roboClaw/RoboClaw_Nav/robotics/ros_ws/install/turtlebot3_msgs/lib:/data/home/yanzezhang/Documents/roboClaw/RoboClaw_Nav/robotics/ros_ws/install/dynamixel_sdk/lib:/data/home/yanzezhang/turtlebot3_ws/install/turtlebot3_msgs/lib:/data/home/yanzezhang/turtlebot3_ws/install/dynamixel_sdk_custom_interfaces/lib:/data/home/yanzezhang/turtlebot3_ws/install/dynamixel_sdk/lib:/usr/lib/x86_64-linux-gnu/gazebo-11/plugins:/opt/ros/humble/opt/rviz_ogre_vendor/lib:/opt/ros/humble/lib/x86_64-linux-gnu:/opt/ros/humble/lib:/usr/lib/x86_64-linux-gnu/gazebo-11/plugins PYTHONPATH=/data/home/yanzezhang/Documents/roboClaw/RoboClaw_Nav/robotics/ros_ws/install/turtlebot3_msgs/local/lib/python3.10/dist-packages:/data/home/yanzezhang/Documents/roboClaw/RoboClaw_Nav/robotics/ros_ws/install/dynamixel_sdk/local/lib/python3.10/dist-packages:${PYTHONPATH} /usr/bin/cmake --build /data/home/yanzezhang/Documents/roboClaw/RoboClaw_Nav/robotics/ros_ws/build/turtlebot3_node -- -j48 -l48
[14.239s] Invoking command in '/data/home/yanzezhang/Documents/roboClaw/RoboClaw_Nav/robotics/ros_ws/build/turtlebot3_node': AMENT_PREFIX_PATH=/data/home/yanzezhang/Documents/roboClaw/RoboClaw_Nav/robotics/ros_ws/install/turtlebot3_msgs:/data/home/yanzezhang/Documents/roboClaw/RoboClaw_Nav/robotics/ros_ws/install/dynamixel_sdk:${AMENT_PREFIX_PATH} CMAKE_PREFIX_PATH=/data/home/yanzezhang/Documents/roboClaw/RoboClaw_Nav/robotics/ros_ws/install/turtlebot3_msgs:/data/home/yanzezhang/Documents/roboClaw/RoboClaw_Nav/robotics/ros_ws/install/dynamixel_sdk:/data/home/yanzezhang/turtlebot3_ws/install/turtlebot3:/data/home/yanzezhang/turtlebot3_ws/install/turtlebot3_simulations:/data/home/yanzezhang/turtlebot3_ws/install/turtlebot3_bringup:/data/home/yanzezhang/turtlebot3_ws/install/turtlebot3_node:/data/home/yanzezhang/turtlebot3_ws/install/turtlebot3_navigation2:/data/home/yanzezhang/turtlebot3_ws/install/turtlebot3_fake_node:/data/home/yanzezhang/turtlebot3_ws/install/turtlebot3_msgs:/data/home/yanzezhang/turtlebot3_ws/install/turtlebot3_manipulation_gazebo:/data/home/yanzezhang/turtlebot3_ws/install/turtlebot3_gazebo:/data/home/yanzezhang/turtlebot3_ws/install/turtlebot3_description:/data/home/yanzezhang/turtlebot3_ws/install/turtlebot3_cartographer:/data/home/yanzezhang/turtlebot3_ws/install/dynamixel_sdk_examples:/data/home/yanzezhang/turtlebot3_ws/install/dynamixel_sdk_custom_interfaces:/data/home/yanzezhang/turtlebot3_ws/install/dynamixel_sdk:/data/home/yanzezhang/turtlebot3_ws/install/turtlebot3_teleop:/data/home/yanzezhang/turtlebot3_ws/install/turtlebot3_example:/opt/ros/humble LD_LIBRARY_PATH=/data/home/yanzezhang/Documents/roboClaw/RoboClaw_Nav/robotics/ros_ws/install/turtlebot3_msgs/lib:/data/home/yanzezhang/Documents/roboClaw/RoboClaw_Nav/robotics/ros_ws/install/dynamixel_sdk/lib:/data/home/yanzezhang/turtlebot3_ws/install/turtlebot3_msgs/lib:/data/home/yanzezhang/turtlebot3_ws/install/dynamixel_sdk_custom_interfaces/lib:/data/home/yanzezhang/turtlebot3_ws/install/dynamixel_sdk/lib:/usr/lib/x86_64-linux-gnu/gazebo-11/plugins:/opt/ros/humble/opt/rviz_ogre_vendor/lib:/opt/ros/humble/lib/x86_64-linux-gnu:/opt/ros/humble/lib:/usr/lib/x86_64-linux-gnu/gazebo-11/plugins PYTHONPATH=/data/home/yanzezhang/Documents/roboClaw/RoboClaw_Nav/robotics/ros_ws/install/turtlebot3_msgs/local/lib/python3.10/dist-packages:/data/home/yanzezhang/Documents/roboClaw/RoboClaw_Nav/robotics/ros_ws/install/dynamixel_sdk/local/lib/python3.10/dist-packages:${PYTHONPATH} /usr/bin/cmake --install /data/home/yanzezhang/Documents/roboClaw/RoboClaw_Nav/robotics/ros_ws/build/turtlebot3_node
[14.247s] -- Install configuration: ""
[14.247s] -- Execute custom install script
[14.247s] -- Symlinking: /data/home/yanzezhang/Documents/roboClaw/RoboClaw_Nav/robotics/ros_ws/install/turtlebot3_node/share/turtlebot3_node/param/burger.yaml
[14.257s] -- Symlinking: /data/home/yanzezhang/Documents/roboClaw/RoboClaw_Nav/robotics/ros_ws/install/turtlebot3_node/share/turtlebot3_node/param/waffle.yaml
[14.266s] -- Symlinking: /data/home/yanzezhang/Documents/roboClaw/RoboClaw_Nav/robotics/ros_ws/install/turtlebot3_node/share/turtlebot3_node/param/waffle_pi.yaml
[14.275s] -- Symlinking: /data/home/yanzezhang/Documents/roboClaw/RoboClaw_Nav/robotics/ros_ws/install/turtlebot3_node/lib/turtlebot3_node/turtlebot3_ros
[14.285s] -- Symlinking: /data/home/yanzezhang/Documents/roboClaw/RoboClaw_Nav/robotics/ros_ws/install/turtlebot3_node/share/ament_index/resource_index/package_run_dependencies/turtlebot3_node
[14.295s] -- Symlinking: /data/home/yanzezhang/Documents/roboClaw/RoboClaw_Nav/robotics/ros_ws/install/turtlebot3_node/share/ament_index/resource_index/parent_prefix_path/turtlebot3_node
[14.304s] -- Symlinking: /data/home/yanzezhang/Documents/roboClaw/RoboClaw_Nav/robotics/ros_ws/install/turtlebot3_node/share/turtlebot3_node/environment/ament_prefix_path.sh
[14.313s] -- Symlinking: /data/home/yanzezhang/Documents/roboClaw/RoboClaw_Nav/robotics/ros_ws/install/turtlebot3_node/share/turtlebot3_node/environment/ament_prefix_path.dsv
[14.322s] -- Symlinking: /data/home/yanzezhang/Documents/roboClaw/RoboClaw_Nav/robotics/ros_ws/install/turtlebot3_node/share/turtlebot3_node/environment/path.sh
[14.332s] -- Symlinking: /data/home/yanzezhang/Documents/roboClaw/RoboClaw_Nav/robotics/ros_ws/install/turtlebot3_node/share/turtlebot3_node/environment/path.dsv
[14.341s] -- Symlinking: /data/home/yanzezhang/Documents/roboClaw/RoboClaw_Nav/robotics/ros_ws/install/turtlebot3_node/share/turtlebot3_node/local_setup.bash
[14.350s] -- Symlinking: /data/home/yanzezhang/Documents/roboClaw/RoboClaw_Nav/robotics/ros_ws/install/turtlebot3_node/share/turtlebot3_node/local_setup.sh
[14.359s] -- Symlinking: /data/home/yanzezhang/Documents/roboClaw/RoboClaw_Nav/robotics/ros_ws/install/turtlebot3_node/share/turtlebot3_node/local_setup.zsh
[14.369s] -- Symlinking: /data/home/yanzezhang/Documents/roboClaw/RoboClaw_Nav/robotics/ros_ws/install/turtlebot3_node/share/turtlebot3_node/local_setup.dsv
[14.378s] -- Symlinking: /data/home/yanzezhang/Documents/roboClaw/RoboClaw_Nav/robotics/ros_ws/install/turtlebot3_node/share/turtlebot3_node/package.dsv
[14.388s] -- Symlinking: /data/home/yanzezhang/Documents/roboClaw/RoboClaw_Nav/robotics/ros_ws/install/turtlebot3_node/share/ament_index/resource_index/packages/turtlebot3_node
[14.397s] -- Symlinking: /data/home/yanzezhang/Documents/roboClaw/RoboClaw_Nav/robotics/ros_ws/install/turtlebot3_node/share/turtlebot3_node/cmake/ament_cmake_export_dependencies-extras.cmake
[14.407s] -- Symlinking: /data/home/yanzezhang/Documents/roboClaw/RoboClaw_Nav/robotics/ros_ws/install/turtlebot3_node/share/turtlebot3_node/cmake/ament_cmake_export_include_directories-extras.cmake
[14.416s] -- Symlinking: /data/home/yanzezhang/Documents/roboClaw/RoboClaw_Nav/robotics/ros_ws/install/turtlebot3_node/share/turtlebot3_node/cmake/turtlebot3_nodeConfig.cmake
[14.425s] -- Symlinking: /data/home/yanzezhang/Documents/roboClaw/RoboClaw_Nav/robotics/ros_ws/install/turtlebot3_node/share/turtlebot3_node/cmake/turtlebot3_nodeConfig-version.cmake
[14.435s] -- Symlinking: /data/home/yanzezhang/Documents/roboClaw/RoboClaw_Nav/robotics/ros_ws/install/turtlebot3_node/share/turtlebot3_node/package.xml
[14.446s] Invoked command in '/data/home/yanzezhang/Documents/roboClaw/RoboClaw_Nav/robotics/ros_ws/build/turtlebot3_node' returned '0': AMENT_PREFIX_PATH=/data/home/yanzezhang/Documents/roboClaw/RoboClaw_Nav/robotics/ros_ws/install/turtlebot3_msgs:/data/home/yanzezhang/Documents/roboClaw/RoboClaw_Nav/robotics/ros_ws/install/dynamixel_sdk:${AMENT_PREFIX_PATH} CMAKE_PREFIX_PATH=/data/home/yanzezhang/Documents/roboClaw/RoboClaw_Nav/robotics/ros_ws/install/turtlebot3_msgs:/data/home/yanzezhang/Documents/roboClaw/RoboClaw_Nav/robotics/ros_ws/install/dynamixel_sdk:/data/home/yanzezhang/turtlebot3_ws/install/turtlebot3:/data/home/yanzezhang/turtlebot3_ws/install/turtlebot3_simulations:/data/home/yanzezhang/turtlebot3_ws/install/turtlebot3_bringup:/data/home/yanzezhang/turtlebot3_ws/install/turtlebot3_node:/data/home/yanzezhang/turtlebot3_ws/install/turtlebot3_navigation2:/data/home/yanzezhang/turtlebot3_ws/install/turtlebot3_fake_node:/data/home/yanzezhang/turtlebot3_ws/install/turtlebot3_msgs:/data/home/yanzezhang/turtlebot3_ws/install/turtlebot3_manipulation_gazebo:/data/home/yanzezhang/turtlebot3_ws/install/turtlebot3_gazebo:/data/home/yanzezhang/turtlebot3_ws/install/turtlebot3_description:/data/home/yanzezhang/turtlebot3_ws/install/turtlebot3_cartographer:/data/home/yanzezhang/turtlebot3_ws/install/dynamixel_sdk_examples:/data/home/yanzezhang/turtlebot3_ws/install/dynamixel_sdk_custom_interfaces:/data/home/yanzezhang/turtlebot3_ws/install/dynamixel_sdk:/data/home/yanzezhang/turtlebot3_ws/install/turtlebot3_teleop:/data/home/yanzezhang/turtlebot3_ws/install/turtlebot3_example:/opt/ros/humble LD_LIBRARY_PATH=/data/home/yanzezhang/Documents/roboClaw/RoboClaw_Nav/robotics/ros_ws/install/turtlebot3_msgs/lib:/data/home/yanzezhang/Documents/roboClaw/RoboClaw_Nav/robotics/ros_ws/install/dynamixel_sdk/lib:/data/home/yanzezhang/turtlebot3_ws/install/turtlebot3_msgs/lib:/data/home/yanzezhang/turtlebot3_ws/install/dynamixel_sdk_custom_interfaces/lib:/data/home/yanzezhang/turtlebot3_ws/install/dynamixel_sdk/lib:/usr/lib/x86_64-linux-gnu/gazebo-11/plugins:/opt/ros/humble/opt/rviz_ogre_vendor/lib:/opt/ros/humble/lib/x86_64-linux-gnu:/opt/ros/humble/lib:/usr/lib/x86_64-linux-gnu/gazebo-11/plugins PYTHONPATH=/data/home/yanzezhang/Documents/roboClaw/RoboClaw_Nav/robotics/ros_ws/install/turtlebot3_msgs/local/lib/python3.10/dist-packages:/data/home/yanzezhang/Documents/roboClaw/RoboClaw_Nav/robotics/ros_ws/install/dynamixel_sdk/local/lib/python3.10/dist-packages:${PYTHONPATH} /usr/bin/cmake --install /data/home/yanzezhang/Documents/roboClaw/RoboClaw_Nav/robotics/ros_ws/build/turtlebot3_node
