[0.024s] Invoking command in '/data/home/yanzezhang/Documents/roboClaw/RoboClaw_Nav/robotics/ros_ws/build/turtlebot3_gazebo': CMAKE_PREFIX_PATH=${CMAKE_PREFIX_PATH}:/data/home/yanzezhang/turtlebot3_ws/install/turtlebot3_teleop:/data/home/yanzezhang/turtlebot3_ws/install/turtlebot3_example:/opt/ros/humble /usr/bin/cmake /data/home/yanzezhang/Documents/roboClaw/RoboClaw_Nav/robotics/ros_ws/src/turtlebot3_simulations/turtlebot3_gazebo -DAMENT_CMAKE_SYMLINK_INSTALL=1 -DCMAKE_INSTALL_PREFIX=/data/home/yanzezhang/Documents/roboClaw/RoboClaw_Nav/robotics/ros_ws/install/turtlebot3_gazebo
[0.096s] -- The C compiler identification is GNU 11.4.0
[0.152s] -- The CXX compiler identification is GNU 11.4.0
[0.160s] -- Detecting C compiler ABI info
[0.241s] -- Detecting C compiler ABI info - done
[0.246s] -- Check for working C compiler: /usr/bin/cc - skipped
[0.246s] -- Detecting C compile features
[0.246s] -- Detecting C compile features - done
[0.249s] -- Detecting CXX compiler ABI info
[0.339s] -- Detecting CXX compiler ABI info - done
[0.343s] -- Check for working CXX compiler: /usr/bin/c++ - skipped
[0.343s] -- Detecting CXX compile features
[0.344s] -- Detecting CXX compile features - done
[0.347s] -- Found ament_cmake: 1.3.11 (/opt/ros/humble/share/ament_cmake/cmake)
[0.479s] -- Found Python3: /usr/bin/python3 (found version "3.10.12") found components: Interpreter 
[0.522s] -- Override CMake install command with custom implementation using symlinks instead of copying resources
[0.575s] [33mCMake Warning (dev) at /usr/share/cmake-3.22/Modules/FindPackageHandleStandardArgs.cmake:438 (message):
[0.575s]   The package name passed to `find_package_handle_standard_args` (PkgConfig)
[0.575s]   does not match the name of the calling package (gazebo).  This can lead to
[0.575s]   problems in calling code that expects `find_package` result variables
[0.575s]   (e.g., `_FOUND`) to follow a certain pattern.
[0.576s] Call Stack (most recent call first):
[0.576s]   /usr/share/cmake-3.22/Modules/FindPkgConfig.cmake:99 (find_package_handle_standard_args)
[0.576s]   /usr/lib/x86_64-linux-gnu/cmake/gazebo/gazebo-config.cmake:72 (include)
[0.576s]   CMakeLists.txt:23 (find_package)
[0.576s] This warning is for project developers.  Use -Wno-dev to suppress it.
[0.576s] [0m
[0.576s] -- Found PkgConfig: /usr/bin/pkg-config (found version "0.29.2") 
[0.578s] -- Checking for module 'bullet>=2.82'
[0.599s] --   Found bullet, version 3.05
[0.776s] -- Found fcl: /usr/include (found suitable version "0.7.0", minimum required is "0.5.0") 
[0.880s] -- Found assimp: /usr/include (found version "5.2.0") 
[0.905s] -- Found DART: /usr/include (Required is at least version "6.6") found components: dart 
[1.117s] -- Found Boost: /usr/lib/x86_64-linux-gnu/cmake/Boost-1.74.0/BoostConfig.cmake (found suitable version "1.74.0", minimum required is "1.40.0") found components: thread system filesystem program_options regex iostreams date_time 
[1.140s] -- Found Protobuf: /usr/lib/x86_64-linux-gnu/libprotobuf.so (found version "3.12.4") 
[1.147s] -- Looking for ignition-math6 -- found version 6.15.1
[1.154s] -- Searching for dependencies of ignition-math6
[1.155s] -- Looking for OGRE...
[1.155s] -- OGRE_PREFIX_WATCH changed.
[1.162s] -- Checking for module 'OGRE'
[1.184s] --   Found OGRE, version 1.9.0
[1.246s] -- Found Ogre Ghadamon (1.9.0)
[1.255s] -- Found OGRE: optimized;/usr/lib/x86_64-linux-gnu/libOgreMain.so;debug;/usr/lib/x86_64-linux-gnu/libOgreMain.so
[1.261s] -- Looking for OGRE_Paging...
[1.268s] -- Found OGRE_Paging: optimized;/usr/lib/x86_64-linux-gnu/libOgrePaging.so;debug;/usr/lib/x86_64-linux-gnu/libOgrePaging.so
[1.268s] -- Looking for OGRE_Terrain...
[1.273s] -- Found OGRE_Terrain: optimized;/usr/lib/x86_64-linux-gnu/libOgreTerrain.so;debug;/usr/lib/x86_64-linux-gnu/libOgreTerrain.so
[1.273s] -- Looking for OGRE_Property...
[1.278s] -- Found OGRE_Property: optimized;/usr/lib/x86_64-linux-gnu/libOgreProperty.so;debug;/usr/lib/x86_64-linux-gnu/libOgreProperty.so
[1.278s] -- Looking for OGRE_RTShaderSystem...
[1.282s] -- Found OGRE_RTShaderSystem: optimized;/usr/lib/x86_64-linux-gnu/libOgreRTShaderSystem.so;debug;/usr/lib/x86_64-linux-gnu/libOgreRTShaderSystem.so
[1.282s] -- Looking for OGRE_Volume...
[1.287s] -- Found OGRE_Volume: optimized;/usr/lib/x86_64-linux-gnu/libOgreVolume.so;debug;/usr/lib/x86_64-linux-gnu/libOgreVolume.so
[1.287s] -- Looking for OGRE_Overlay...
[1.291s] -- Found OGRE_Overlay: optimized;/usr/lib/x86_64-linux-gnu/libOgreOverlay.so;debug;/usr/lib/x86_64-linux-gnu/libOgreOverlay.so
[1.399s] -- Looking for ignition-math6 -- found version 6.15.1
[1.402s] -- Looking for ignition-transport8 -- found version 8.2.1
[1.403s] -- Searching for dependencies of ignition-transport8
[1.421s] -- Found Protobuf: /usr/lib/x86_64-linux-gnu/libprotobuf.so (found suitable version "3.12.4", minimum required is "3") 
[1.431s] -- Config-file not installed for ZeroMQ -- checking for pkg-config
[1.438s] -- Checking for module 'libzmq >= 4'
[1.462s] --   Found libzmq , version 4.3.4
[1.528s] -- Found ZeroMQ: TRUE (Required is at least version "4") 
[1.535s] -- Checking for module 'uuid'
[1.556s] --   Found uuid, version 2.37.2
[1.618s] -- Found UUID: TRUE  
[1.622s] -- Looking for ignition-msgs5 -- found version 5.8.1
[1.622s] -- Searching for dependencies of ignition-msgs5
[1.641s] -- Looking for ignition-math6 -- found version 6.15.1
[1.647s] -- Checking for module 'tinyxml2'
[1.674s] --   Found tinyxml2, version 9.0.0
[1.737s] -- Looking for ignition-msgs5 -- found version 5.8.1
[1.741s] -- Looking for ignition-common3 -- found version 3.14.0
[1.741s] -- Searching for dependencies of ignition-common3
[1.741s] -- Looking for dlfcn.h - found
[1.743s] -- Looking for libdl - found
[1.744s] -- Found DL: TRUE  
[1.758s] -- Found tinyobjloader: /usr/lib/x86_64-linux-gnu/cmake/tinyobjloader/tinyobjloader-config.cmake (found version "2.0.0") 
[1.759s] -- Searching for <ignition-common3> component [graphics]
[1.762s] -- Looking for ignition-common3-graphics -- found version 3.14.0
[1.763s] -- Searching for dependencies of ignition-common3-graphics
[1.763s] -- Looking for ignition-math6 -- found version 6.15.1
[1.766s] -- Looking for ignition-fuel_tools4 -- found version 4.4.0
[1.767s] -- Searching for dependencies of ignition-fuel_tools4
[1.899s] -- Found CURL: /usr/lib/x86_64-linux-gnu/libcurl.so (found version "7.81.0")  
[1.910s] -- Checking for module 'jsoncpp'
[1.935s] --   Found jsoncpp, version 1.9.5
[2.003s] -- Found JSONCPP: TRUE  
[2.012s] -- Checking for module 'libzip'
[2.038s] --   Found libzip, version 1.7.3
[2.101s] -- Found ZIP: TRUE  
[2.101s] -- Looking for ignition-common3 -- found version 3.14.0
[2.102s] -- Looking for ignition-math6 -- found version 6.15.1
[2.102s] -- Looking for ignition-msgs5 -- found version 5.8.1
[2.109s] -- Found gazebo_ros_pkgs: 3.9.0 (/opt/ros/humble/share/gazebo_ros_pkgs/cmake)
[2.112s] -- Found geometry_msgs: 4.8.0 (/opt/ros/humble/share/geometry_msgs/cmake)
[2.145s] -- Found rosidl_generator_c: 3.1.6 (/opt/ros/humble/share/rosidl_generator_c/cmake)
[2.151s] -- Found rosidl_adapter: 3.1.6 (/opt/ros/humble/share/rosidl_adapter/cmake)
[2.158s] -- Found rosidl_generator_cpp: 3.1.6 (/opt/ros/humble/share/rosidl_generator_cpp/cmake)
[2.169s] -- Using all available rosidl_typesupport_c: rosidl_typesupport_fastrtps_c;rosidl_typesupport_introspection_c
[2.183s] -- Using all available rosidl_typesupport_cpp: rosidl_typesupport_fastrtps_cpp;rosidl_typesupport_introspection_cpp
[2.210s] -- Found nav_msgs: 4.8.0 (/opt/ros/humble/share/nav_msgs/cmake)
[2.224s] -- Found rclcpp: 16.0.12 (/opt/ros/humble/share/rclcpp/cmake)
[2.271s] -- Found rmw_implementation_cmake: 6.1.2 (/opt/ros/humble/share/rmw_implementation_cmake/cmake)
[2.276s] -- Found rmw_cyclonedds_cpp: 1.3.4 (/opt/ros/humble/share/rmw_cyclonedds_cpp/cmake)
[2.303s] -- Using RMW implementation 'rmw_cyclonedds_cpp' as default
[2.314s] -- Found Threads: TRUE  
[2.350s] -- Found sensor_msgs: 4.8.0 (/opt/ros/humble/share/sensor_msgs/cmake)
[2.365s] -- Found tf2: 0.25.16 (/opt/ros/humble/share/tf2/cmake)
[2.427s] -- Configuring done
[2.470s] -- Generating done
[2.476s] -- Build files have been written to: /data/home/yanzezhang/Documents/roboClaw/RoboClaw_Nav/robotics/ros_ws/build/turtlebot3_gazebo
[2.487s] Invoked command in '/data/home/yanzezhang/Documents/roboClaw/RoboClaw_Nav/robotics/ros_ws/build/turtlebot3_gazebo' returned '0': CMAKE_PREFIX_PATH=${CMAKE_PREFIX_PATH}:/data/home/yanzezhang/turtlebot3_ws/install/turtlebot3_teleop:/data/home/yanzezhang/turtlebot3_ws/install/turtlebot3_example:/opt/ros/humble /usr/bin/cmake /data/home/yanzezhang/Documents/roboClaw/RoboClaw_Nav/robotics/ros_ws/src/turtlebot3_simulations/turtlebot3_gazebo -DAMENT_CMAKE_SYMLINK_INSTALL=1 -DCMAKE_INSTALL_PREFIX=/data/home/yanzezhang/Documents/roboClaw/RoboClaw_Nav/robotics/ros_ws/install/turtlebot3_gazebo
[2.488s] Invoking command in '/data/home/yanzezhang/Documents/roboClaw/RoboClaw_Nav/robotics/ros_ws/build/turtlebot3_gazebo': CMAKE_PREFIX_PATH=${CMAKE_PREFIX_PATH}:/data/home/yanzezhang/turtlebot3_ws/install/turtlebot3_teleop:/data/home/yanzezhang/turtlebot3_ws/install/turtlebot3_example:/opt/ros/humble /usr/bin/cmake --build /data/home/yanzezhang/Documents/roboClaw/RoboClaw_Nav/robotics/ros_ws/build/turtlebot3_gazebo -- -j48 -l48
[2.558s] [  8%] [32mBuilding CXX object CMakeFiles/turtlebot3_drive.dir/src/turtlebot3_drive.cpp.o[0m
[2.558s] [ 16%] [32mBuilding CXX object CMakeFiles/traffic_bar_plugin.dir/src/traffic_bar_plugin.cpp.o[0m
[2.558s] [ 25%] [32mBuilding CXX object CMakeFiles/traffic_light_plugin.dir/src/traffic_light_plugin.cpp.o[0m
[2.559s] [ 33%] [32mBuilding CXX object CMakeFiles/obstacle2.dir/src/obstacle2.cpp.o[0m
[2.559s] [ 41%] [32mBuilding CXX object CMakeFiles/obstacle1.dir/src/obstacle1.cpp.o[0m
[2.562s] [ 50%] [32mBuilding CXX object CMakeFiles/obstacles.dir/src/obstacles.cpp.o[0m
[9.457s] [ 58%] [32m[1mLinking CXX executable turtlebot3_drive[0m
[9.822s] [ 58%] Built target turtlebot3_drive
[9.877s] [ 66%] [32m[1mLinking CXX shared library libobstacle2.so[0m
[9.906s] [ 75%] [32m[1mLinking CXX shared library libobstacles.so[0m
[9.921s] [ 83%] [32m[1mLinking CXX shared library libobstacle1.so[0m
[9.954s] [ 91%] [32m[1mLinking CXX shared library libtraffic_bar_plugin.so[0m
[10.070s] [ 91%] Built target obstacle2
[10.075s] [ 91%] Built target obstacles
[10.078s] [ 91%] Built target obstacle1
[10.092s] [100%] [32m[1mLinking CXX shared library libtraffic_light_plugin.so[0m
[10.115s] [100%] Built target traffic_bar_plugin
[10.282s] [100%] Built target traffic_light_plugin
[10.298s] Invoked command in '/data/home/yanzezhang/Documents/roboClaw/RoboClaw_Nav/robotics/ros_ws/build/turtlebot3_gazebo' returned '0': CMAKE_PREFIX_PATH=${CMAKE_PREFIX_PATH}:/data/home/yanzezhang/turtlebot3_ws/install/turtlebot3_teleop:/data/home/yanzezhang/turtlebot3_ws/install/turtlebot3_example:/opt/ros/humble /usr/bin/cmake --build /data/home/yanzezhang/Documents/roboClaw/RoboClaw_Nav/robotics/ros_ws/build/turtlebot3_gazebo -- -j48 -l48
[10.299s] Invoking command in '/data/home/yanzezhang/Documents/roboClaw/RoboClaw_Nav/robotics/ros_ws/build/turtlebot3_gazebo': CMAKE_PREFIX_PATH=${CMAKE_PREFIX_PATH}:/data/home/yanzezhang/turtlebot3_ws/install/turtlebot3_teleop:/data/home/yanzezhang/turtlebot3_ws/install/turtlebot3_example:/opt/ros/humble /usr/bin/cmake --install /data/home/yanzezhang/Documents/roboClaw/RoboClaw_Nav/robotics/ros_ws/build/turtlebot3_gazebo
[10.308s] -- Install configuration: ""
[10.308s] -- Execute custom install script
[10.308s] -- Symlinking: /data/home/yanzezhang/Documents/roboClaw/RoboClaw_Nav/robotics/ros_ws/install/turtlebot3_gazebo/lib/turtlebot3_gazebo/turtlebot3_drive
[10.319s] -- Symlinking: /data/home/yanzezhang/Documents/roboClaw/RoboClaw_Nav/robotics/ros_ws/install/turtlebot3_gazebo/share/turtlebot3_gazebo//launch/empty_world.launch.py
[10.331s] -- Symlinking: /data/home/yanzezhang/Documents/roboClaw/RoboClaw_Nav/robotics/ros_ws/install/turtlebot3_gazebo/share/turtlebot3_gazebo//launch/multi_robot.launch.py
[10.341s] -- Symlinking: /data/home/yanzezhang/Documents/roboClaw/RoboClaw_Nav/robotics/ros_ws/install/turtlebot3_gazebo/share/turtlebot3_gazebo//launch/multi_spawn_turtlebot3.launch.py
[10.351s] -- Symlinking: /data/home/yanzezhang/Documents/roboClaw/RoboClaw_Nav/robotics/ros_ws/install/turtlebot3_gazebo/share/turtlebot3_gazebo//launch/robot_state_publisher.launch.py
[10.361s] -- Symlinking: /data/home/yanzezhang/Documents/roboClaw/RoboClaw_Nav/robotics/ros_ws/install/turtlebot3_gazebo/share/turtlebot3_gazebo//launch/spawn_turtlebot3.launch.py
[10.372s] -- Symlinking: /data/home/yanzezhang/Documents/roboClaw/RoboClaw_Nav/robotics/ros_ws/install/turtlebot3_gazebo/share/turtlebot3_gazebo//launch/turtlebot3_autorace_2020.launch.py
[10.383s] -- Symlinking: /data/home/yanzezhang/Documents/roboClaw/RoboClaw_Nav/robotics/ros_ws/install/turtlebot3_gazebo/share/turtlebot3_gazebo//launch/turtlebot3_dqn_stage1.launch.py
[10.393s] -- Symlinking: /data/home/yanzezhang/Documents/roboClaw/RoboClaw_Nav/robotics/ros_ws/install/turtlebot3_gazebo/share/turtlebot3_gazebo//launch/turtlebot3_dqn_stage2.launch.py
[10.404s] -- Symlinking: /data/home/yanzezhang/Documents/roboClaw/RoboClaw_Nav/robotics/ros_ws/install/turtlebot3_gazebo/share/turtlebot3_gazebo//launch/turtlebot3_dqn_stage3.launch.py
[10.415s] -- Symlinking: /data/home/yanzezhang/Documents/roboClaw/RoboClaw_Nav/robotics/ros_ws/install/turtlebot3_gazebo/share/turtlebot3_gazebo//launch/turtlebot3_dqn_stage4.launch.py
[10.427s] -- Symlinking: /data/home/yanzezhang/Documents/roboClaw/RoboClaw_Nav/robotics/ros_ws/install/turtlebot3_gazebo/share/turtlebot3_gazebo//launch/turtlebot3_house.launch.py
[10.438s] -- Symlinking: /data/home/yanzezhang/Documents/roboClaw/RoboClaw_Nav/robotics/ros_ws/install/turtlebot3_gazebo/share/turtlebot3_gazebo//launch/turtlebot3_world.launch.py
[10.451s] -- Symlinking: /data/home/yanzezhang/Documents/roboClaw/RoboClaw_Nav/robotics/ros_ws/install/turtlebot3_gazebo/share/turtlebot3_gazebo//models/turtlebot3_autorace_2020/checker/materials/checker.png
[10.460s] -- Symlinking: /data/home/yanzezhang/Documents/roboClaw/RoboClaw_Nav/robotics/ros_ws/install/turtlebot3_gazebo/share/turtlebot3_gazebo//models/turtlebot3_autorace_2020/checker/materials/scripts/checker.material
[10.473s] -- Symlinking: /data/home/yanzezhang/Documents/roboClaw/RoboClaw_Nav/robotics/ros_ws/install/turtlebot3_gazebo/share/turtlebot3_gazebo//models/turtlebot3_autorace_2020/checker/materials/textures/checker.png
[10.484s] -- Symlinking: /data/home/yanzezhang/Documents/roboClaw/RoboClaw_Nav/robotics/ros_ws/install/turtlebot3_gazebo/share/turtlebot3_gazebo//models/turtlebot3_autorace_2020/checker/model.config
[10.494s] -- Symlinking: /data/home/yanzezhang/Documents/roboClaw/RoboClaw_Nav/robotics/ros_ws/install/turtlebot3_gazebo/share/turtlebot3_gazebo//models/turtlebot3_autorace_2020/checker/model.sdf
[10.504s] -- Symlinking: /data/home/yanzezhang/Documents/roboClaw/RoboClaw_Nav/robotics/ros_ws/install/turtlebot3_gazebo/share/turtlebot3_gazebo//models/turtlebot3_autorace_2020/course/materials/scripts/course.material
[10.514s] -- Symlinking: /data/home/yanzezhang/Documents/roboClaw/RoboClaw_Nav/robotics/ros_ws/install/turtlebot3_gazebo/share/turtlebot3_gazebo//models/turtlebot3_autorace_2020/course/materials/textures/course.png
[10.525s] -- Symlinking: /data/home/yanzezhang/Documents/roboClaw/RoboClaw_Nav/robotics/ros_ws/install/turtlebot3_gazebo/share/turtlebot3_gazebo//models/turtlebot3_autorace_2020/course/model.config
[10.535s] -- Symlinking: /data/home/yanzezhang/Documents/roboClaw/RoboClaw_Nav/robotics/ros_ws/install/turtlebot3_gazebo/share/turtlebot3_gazebo//models/turtlebot3_autorace_2020/course/model.sdf
[10.546s] -- Symlinking: /data/home/yanzezhang/Documents/roboClaw/RoboClaw_Nav/robotics/ros_ws/install/turtlebot3_gazebo/share/turtlebot3_gazebo//models/turtlebot3_autorace_2020/traffic_bar/materials/scripts/traffic_bar.material
[10.556s] -- Symlinking: /data/home/yanzezhang/Documents/roboClaw/RoboClaw_Nav/robotics/ros_ws/install/turtlebot3_gazebo/share/turtlebot3_gazebo//models/turtlebot3_autorace_2020/traffic_bar/materials/textures/traffic_bar.png
[10.568s] -- Symlinking: /data/home/yanzezhang/Documents/roboClaw/RoboClaw_Nav/robotics/ros_ws/install/turtlebot3_gazebo/share/turtlebot3_gazebo//models/turtlebot3_autorace_2020/traffic_bar/model.config
[10.578s] -- Symlinking: /data/home/yanzezhang/Documents/roboClaw/RoboClaw_Nav/robotics/ros_ws/install/turtlebot3_gazebo/share/turtlebot3_gazebo//models/turtlebot3_autorace_2020/traffic_bar/model.sdf
[10.590s] -- Symlinking: /data/home/yanzezhang/Documents/roboClaw/RoboClaw_Nav/robotics/ros_ws/install/turtlebot3_gazebo/share/turtlebot3_gazebo//models/turtlebot3_autorace_2020/traffic_construction/materials/scripts/traffic_construction.material
[10.601s] -- Symlinking: /data/home/yanzezhang/Documents/roboClaw/RoboClaw_Nav/robotics/ros_ws/install/turtlebot3_gazebo/share/turtlebot3_gazebo//models/turtlebot3_autorace_2020/traffic_construction/materials/textures/traffic_construction.png
[10.611s] -- Symlinking: /data/home/yanzezhang/Documents/roboClaw/RoboClaw_Nav/robotics/ros_ws/install/turtlebot3_gazebo/share/turtlebot3_gazebo//models/turtlebot3_autorace_2020/traffic_construction/model.config
[10.621s] -- Symlinking: /data/home/yanzezhang/Documents/roboClaw/RoboClaw_Nav/robotics/ros_ws/install/turtlebot3_gazebo/share/turtlebot3_gazebo//models/turtlebot3_autorace_2020/traffic_construction/model.sdf
[10.632s] -- Symlinking: /data/home/yanzezhang/Documents/roboClaw/RoboClaw_Nav/robotics/ros_ws/install/turtlebot3_gazebo/share/turtlebot3_gazebo//models/turtlebot3_autorace_2020/traffic_intersection/materials/scripts/traffic_intersection.material
[10.643s] -- Symlinking: /data/home/yanzezhang/Documents/roboClaw/RoboClaw_Nav/robotics/ros_ws/install/turtlebot3_gazebo/share/turtlebot3_gazebo//models/turtlebot3_autorace_2020/traffic_intersection/materials/textures/traffic_intersection.png
[10.654s] -- Symlinking: /data/home/yanzezhang/Documents/roboClaw/RoboClaw_Nav/robotics/ros_ws/install/turtlebot3_gazebo/share/turtlebot3_gazebo//models/turtlebot3_autorace_2020/traffic_intersection/model.config
[10.665s] -- Symlinking: /data/home/yanzezhang/Documents/roboClaw/RoboClaw_Nav/robotics/ros_ws/install/turtlebot3_gazebo/share/turtlebot3_gazebo//models/turtlebot3_autorace_2020/traffic_intersection/model.sdf
[10.674s] -- Symlinking: /data/home/yanzezhang/Documents/roboClaw/RoboClaw_Nav/robotics/ros_ws/install/turtlebot3_gazebo/share/turtlebot3_gazebo//models/turtlebot3_autorace_2020/traffic_left/materials/scripts/traffic_is_left.material
[10.685s] -- Symlinking: /data/home/yanzezhang/Documents/roboClaw/RoboClaw_Nav/robotics/ros_ws/install/turtlebot3_gazebo/share/turtlebot3_gazebo//models/turtlebot3_autorace_2020/traffic_left/materials/textures/traffic_left.png
[10.694s] -- Symlinking: /data/home/yanzezhang/Documents/roboClaw/RoboClaw_Nav/robotics/ros_ws/install/turtlebot3_gazebo/share/turtlebot3_gazebo//models/turtlebot3_autorace_2020/traffic_left/model.config
[10.705s] -- Symlinking: /data/home/yanzezhang/Documents/roboClaw/RoboClaw_Nav/robotics/ros_ws/install/turtlebot3_gazebo/share/turtlebot3_gazebo//models/turtlebot3_autorace_2020/traffic_left/model.sdf
[10.714s] -- Symlinking: /data/home/yanzezhang/Documents/roboClaw/RoboClaw_Nav/robotics/ros_ws/install/turtlebot3_gazebo/share/turtlebot3_gazebo//models/turtlebot3_autorace_2020/traffic_light/materials/scripts/traffic_light.material
[10.725s] -- Symlinking: /data/home/yanzezhang/Documents/roboClaw/RoboClaw_Nav/robotics/ros_ws/install/turtlebot3_gazebo/share/turtlebot3_gazebo//models/turtlebot3_autorace_2020/traffic_light/materials/textures/traffic_light.png
[10.734s] -- Symlinking: /data/home/yanzezhang/Documents/roboClaw/RoboClaw_Nav/robotics/ros_ws/install/turtlebot3_gazebo/share/turtlebot3_gazebo//models/turtlebot3_autorace_2020/traffic_light/materials/textures/traffic_light_green.png
[10.745s] -- Symlinking: /data/home/yanzezhang/Documents/roboClaw/RoboClaw_Nav/robotics/ros_ws/install/turtlebot3_gazebo/share/turtlebot3_gazebo//models/turtlebot3_autorace_2020/traffic_light/materials/textures/traffic_light_red.png
[10.755s] -- Symlinking: /data/home/yanzezhang/Documents/roboClaw/RoboClaw_Nav/robotics/ros_ws/install/turtlebot3_gazebo/share/turtlebot3_gazebo//models/turtlebot3_autorace_2020/traffic_light/materials/textures/traffic_light_yellow.png
[10.765s] -- Symlinking: /data/home/yanzezhang/Documents/roboClaw/RoboClaw_Nav/robotics/ros_ws/install/turtlebot3_gazebo/share/turtlebot3_gazebo//models/turtlebot3_autorace_2020/traffic_light/model.config
[10.776s] -- Symlinking: /data/home/yanzezhang/Documents/roboClaw/RoboClaw_Nav/robotics/ros_ws/install/turtlebot3_gazebo/share/turtlebot3_gazebo//models/turtlebot3_autorace_2020/traffic_light/model.sdf
[10.786s] -- Symlinking: /data/home/yanzezhang/Documents/roboClaw/RoboClaw_Nav/robotics/ros_ws/install/turtlebot3_gazebo/share/turtlebot3_gazebo//models/turtlebot3_autorace_2020/traffic_noentry/materials/scripts/traffic_noentry.material
[10.796s] -- Symlinking: /data/home/yanzezhang/Documents/roboClaw/RoboClaw_Nav/robotics/ros_ws/install/turtlebot3_gazebo/share/turtlebot3_gazebo//models/turtlebot3_autorace_2020/traffic_noentry/materials/textures/traffic_noentry.png
[10.806s] -- Symlinking: /data/home/yanzezhang/Documents/roboClaw/RoboClaw_Nav/robotics/ros_ws/install/turtlebot3_gazebo/share/turtlebot3_gazebo//models/turtlebot3_autorace_2020/traffic_noentry/model.config
[10.817s] -- Symlinking: /data/home/yanzezhang/Documents/roboClaw/RoboClaw_Nav/robotics/ros_ws/install/turtlebot3_gazebo/share/turtlebot3_gazebo//models/turtlebot3_autorace_2020/traffic_noentry/model.sdf
[10.827s] -- Symlinking: /data/home/yanzezhang/Documents/roboClaw/RoboClaw_Nav/robotics/ros_ws/install/turtlebot3_gazebo/share/turtlebot3_gazebo//models/turtlebot3_autorace_2020/traffic_parking/materials/scripts/traffic_parking.material
[10.837s] -- Symlinking: /data/home/yanzezhang/Documents/roboClaw/RoboClaw_Nav/robotics/ros_ws/install/turtlebot3_gazebo/share/turtlebot3_gazebo//models/turtlebot3_autorace_2020/traffic_parking/materials/textures/traffic_parking.png
[10.848s] -- Symlinking: /data/home/yanzezhang/Documents/roboClaw/RoboClaw_Nav/robotics/ros_ws/install/turtlebot3_gazebo/share/turtlebot3_gazebo//models/turtlebot3_autorace_2020/traffic_parking/model.config
[10.858s] -- Symlinking: /data/home/yanzezhang/Documents/roboClaw/RoboClaw_Nav/robotics/ros_ws/install/turtlebot3_gazebo/share/turtlebot3_gazebo//models/turtlebot3_autorace_2020/traffic_parking/model.sdf
[10.867s] -- Symlinking: /data/home/yanzezhang/Documents/roboClaw/RoboClaw_Nav/robotics/ros_ws/install/turtlebot3_gazebo/share/turtlebot3_gazebo//models/turtlebot3_autorace_2020/traffic_pl_left/materials/scripts/traffic_pl_left.material
[10.876s] -- Symlinking: /data/home/yanzezhang/Documents/roboClaw/RoboClaw_Nav/robotics/ros_ws/install/turtlebot3_gazebo/share/turtlebot3_gazebo//models/turtlebot3_autorace_2020/traffic_pl_left/materials/textures/traffic_pl_left.png
[10.885s] -- Symlinking: /data/home/yanzezhang/Documents/roboClaw/RoboClaw_Nav/robotics/ros_ws/install/turtlebot3_gazebo/share/turtlebot3_gazebo//models/turtlebot3_autorace_2020/traffic_pl_left/model.config
[10.894s] -- Symlinking: /data/home/yanzezhang/Documents/roboClaw/RoboClaw_Nav/robotics/ros_ws/install/turtlebot3_gazebo/share/turtlebot3_gazebo//models/turtlebot3_autorace_2020/traffic_pl_left/model.sdf
[10.905s] -- Symlinking: /data/home/yanzezhang/Documents/roboClaw/RoboClaw_Nav/robotics/ros_ws/install/turtlebot3_gazebo/share/turtlebot3_gazebo//models/turtlebot3_autorace_2020/traffic_right/materials/scripts/traffic_right.material
[10.913s] -- Symlinking: /data/home/yanzezhang/Documents/roboClaw/RoboClaw_Nav/robotics/ros_ws/install/turtlebot3_gazebo/share/turtlebot3_gazebo//models/turtlebot3_autorace_2020/traffic_right/materials/textures/traffic_right.png
[10.924s] -- Symlinking: /data/home/yanzezhang/Documents/roboClaw/RoboClaw_Nav/robotics/ros_ws/install/turtlebot3_gazebo/share/turtlebot3_gazebo//models/turtlebot3_autorace_2020/traffic_right/model.config
[10.934s] -- Symlinking: /data/home/yanzezhang/Documents/roboClaw/RoboClaw_Nav/robotics/ros_ws/install/turtlebot3_gazebo/share/turtlebot3_gazebo//models/turtlebot3_autorace_2020/traffic_right/model.sdf
[10.943s] -- Symlinking: /data/home/yanzezhang/Documents/roboClaw/RoboClaw_Nav/robotics/ros_ws/install/turtlebot3_gazebo/share/turtlebot3_gazebo//models/turtlebot3_autorace_2020/traffic_stop/materials/scripts/traffic_stop.material
[10.954s] -- Symlinking: /data/home/yanzezhang/Documents/roboClaw/RoboClaw_Nav/robotics/ros_ws/install/turtlebot3_gazebo/share/turtlebot3_gazebo//models/turtlebot3_autorace_2020/traffic_stop/materials/textures/traffic_stop.png
[10.963s] -- Symlinking: /data/home/yanzezhang/Documents/roboClaw/RoboClaw_Nav/robotics/ros_ws/install/turtlebot3_gazebo/share/turtlebot3_gazebo//models/turtlebot3_autorace_2020/traffic_stop/model.config
[10.973s] -- Symlinking: /data/home/yanzezhang/Documents/roboClaw/RoboClaw_Nav/robotics/ros_ws/install/turtlebot3_gazebo/share/turtlebot3_gazebo//models/turtlebot3_autorace_2020/traffic_stop/model.sdf
[10.984s] -- Symlinking: /data/home/yanzezhang/Documents/roboClaw/RoboClaw_Nav/robotics/ros_ws/install/turtlebot3_gazebo/share/turtlebot3_gazebo//models/turtlebot3_autorace_2020/traffic_tunnel/materials/scripts/tunnel.material
[10.994s] -- Symlinking: /data/home/yanzezhang/Documents/roboClaw/RoboClaw_Nav/robotics/ros_ws/install/turtlebot3_gazebo/share/turtlebot3_gazebo//models/turtlebot3_autorace_2020/traffic_tunnel/materials/textures/tunnel.png
[11.005s] -- Symlinking: /data/home/yanzezhang/Documents/roboClaw/RoboClaw_Nav/robotics/ros_ws/install/turtlebot3_gazebo/share/turtlebot3_gazebo//models/turtlebot3_autorace_2020/traffic_tunnel/model.config
[11.014s] -- Symlinking: /data/home/yanzezhang/Documents/roboClaw/RoboClaw_Nav/robotics/ros_ws/install/turtlebot3_gazebo/share/turtlebot3_gazebo//models/turtlebot3_autorace_2020/traffic_tunnel/model.sdf
[11.024s] -- Symlinking: /data/home/yanzezhang/Documents/roboClaw/RoboClaw_Nav/robotics/ros_ws/install/turtlebot3_gazebo/share/turtlebot3_gazebo//models/turtlebot3_burger/model-1_4.sdf
[11.035s] -- Symlinking: /data/home/yanzezhang/Documents/roboClaw/RoboClaw_Nav/robotics/ros_ws/install/turtlebot3_gazebo/share/turtlebot3_gazebo//models/turtlebot3_burger/model.config
[11.045s] -- Symlinking: /data/home/yanzezhang/Documents/roboClaw/RoboClaw_Nav/robotics/ros_ws/install/turtlebot3_gazebo/share/turtlebot3_gazebo//models/turtlebot3_burger/model.sdf
[11.056s] -- Symlinking: /data/home/yanzezhang/Documents/roboClaw/RoboClaw_Nav/robotics/ros_ws/install/turtlebot3_gazebo/share/turtlebot3_gazebo//models/turtlebot3_burger_cam/model-1_4.sdf
[11.066s] -- Symlinking: /data/home/yanzezhang/Documents/roboClaw/RoboClaw_Nav/robotics/ros_ws/install/turtlebot3_gazebo/share/turtlebot3_gazebo//models/turtlebot3_burger_cam/model.config
[11.077s] -- Symlinking: /data/home/yanzezhang/Documents/roboClaw/RoboClaw_Nav/robotics/ros_ws/install/turtlebot3_gazebo/share/turtlebot3_gazebo//models/turtlebot3_burger_cam/model.sdf
[11.088s] -- Symlinking: /data/home/yanzezhang/Documents/roboClaw/RoboClaw_Nav/robotics/ros_ws/install/turtlebot3_gazebo/share/turtlebot3_gazebo//models/turtlebot3_common/meshes/bases/burger_base.stl
[11.099s] -- Symlinking: /data/home/yanzezhang/Documents/roboClaw/RoboClaw_Nav/robotics/ros_ws/install/turtlebot3_gazebo/share/turtlebot3_gazebo//models/turtlebot3_common/meshes/bases/waffle_base.stl
[11.109s] -- Symlinking: /data/home/yanzezhang/Documents/roboClaw/RoboClaw_Nav/robotics/ros_ws/install/turtlebot3_gazebo/share/turtlebot3_gazebo//models/turtlebot3_common/meshes/bases/waffle_pi_base.stl
[11.119s] -- Symlinking: /data/home/yanzezhang/Documents/roboClaw/RoboClaw_Nav/robotics/ros_ws/install/turtlebot3_gazebo/share/turtlebot3_gazebo//models/turtlebot3_common/meshes/burger_base.dae
[11.130s] -- Symlinking: /data/home/yanzezhang/Documents/roboClaw/RoboClaw_Nav/robotics/ros_ws/install/turtlebot3_gazebo/share/turtlebot3_gazebo//models/turtlebot3_common/meshes/lds.dae
[11.141s] -- Symlinking: /data/home/yanzezhang/Documents/roboClaw/RoboClaw_Nav/robotics/ros_ws/install/turtlebot3_gazebo/share/turtlebot3_gazebo//models/turtlebot3_common/meshes/r200.dae
[11.151s] -- Symlinking: /data/home/yanzezhang/Documents/roboClaw/RoboClaw_Nav/robotics/ros_ws/install/turtlebot3_gazebo/share/turtlebot3_gazebo//models/turtlebot3_common/meshes/sensors/astra.dae
[11.161s] -- Symlinking: /data/home/yanzezhang/Documents/roboClaw/RoboClaw_Nav/robotics/ros_ws/install/turtlebot3_gazebo/share/turtlebot3_gazebo//models/turtlebot3_common/meshes/sensors/astra.jpg
[11.172s] -- Symlinking: /data/home/yanzezhang/Documents/roboClaw/RoboClaw_Nav/robotics/ros_ws/install/turtlebot3_gazebo/share/turtlebot3_gazebo//models/turtlebot3_common/meshes/sensors/lds.stl
[11.182s] -- Symlinking: /data/home/yanzezhang/Documents/roboClaw/RoboClaw_Nav/robotics/ros_ws/install/turtlebot3_gazebo/share/turtlebot3_gazebo//models/turtlebot3_common/meshes/sensors/r200.dae
[11.192s] -- Symlinking: /data/home/yanzezhang/Documents/roboClaw/RoboClaw_Nav/robotics/ros_ws/install/turtlebot3_gazebo/share/turtlebot3_gazebo//models/turtlebot3_common/meshes/sensors/r200.jpg
[11.204s] -- Symlinking: /data/home/yanzezhang/Documents/roboClaw/RoboClaw_Nav/robotics/ros_ws/install/turtlebot3_gazebo/share/turtlebot3_gazebo//models/turtlebot3_common/meshes/tire.dae
[11.213s] -- Symlinking: /data/home/yanzezhang/Documents/roboClaw/RoboClaw_Nav/robotics/ros_ws/install/turtlebot3_gazebo/share/turtlebot3_gazebo//models/turtlebot3_common/meshes/waffle_base.dae
[11.224s] -- Symlinking: /data/home/yanzezhang/Documents/roboClaw/RoboClaw_Nav/robotics/ros_ws/install/turtlebot3_gazebo/share/turtlebot3_gazebo//models/turtlebot3_common/meshes/waffle_pi_base.dae
[11.235s] -- Symlinking: /data/home/yanzezhang/Documents/roboClaw/RoboClaw_Nav/robotics/ros_ws/install/turtlebot3_gazebo/share/turtlebot3_gazebo//models/turtlebot3_common/meshes/wheels/left_tire.stl
[11.244s] -- Symlinking: /data/home/yanzezhang/Documents/roboClaw/RoboClaw_Nav/robotics/ros_ws/install/turtlebot3_gazebo/share/turtlebot3_gazebo//models/turtlebot3_common/meshes/wheels/right_tire.stl
[11.255s] -- Symlinking: /data/home/yanzezhang/Documents/roboClaw/RoboClaw_Nav/robotics/ros_ws/install/turtlebot3_gazebo/share/turtlebot3_gazebo//models/turtlebot3_common/model.config
[11.265s] -- Symlinking: /data/home/yanzezhang/Documents/roboClaw/RoboClaw_Nav/robotics/ros_ws/install/turtlebot3_gazebo/share/turtlebot3_gazebo//models/turtlebot3_dqn_world/goal_box/model.config
[11.276s] -- Symlinking: /data/home/yanzezhang/Documents/roboClaw/RoboClaw_Nav/robotics/ros_ws/install/turtlebot3_gazebo/share/turtlebot3_gazebo//models/turtlebot3_dqn_world/goal_box/model.sdf
[11.286s] -- Symlinking: /data/home/yanzezhang/Documents/roboClaw/RoboClaw_Nav/robotics/ros_ws/install/turtlebot3_gazebo/share/turtlebot3_gazebo//models/turtlebot3_dqn_world/inner_walls/model.config
[11.298s] -- Symlinking: /data/home/yanzezhang/Documents/roboClaw/RoboClaw_Nav/robotics/ros_ws/install/turtlebot3_gazebo/share/turtlebot3_gazebo//models/turtlebot3_dqn_world/inner_walls/model.sdf
[11.308s] -- Symlinking: /data/home/yanzezhang/Documents/roboClaw/RoboClaw_Nav/robotics/ros_ws/install/turtlebot3_gazebo/share/turtlebot3_gazebo//models/turtlebot3_dqn_world/model.config
[11.320s] -- Symlinking: /data/home/yanzezhang/Documents/roboClaw/RoboClaw_Nav/robotics/ros_ws/install/turtlebot3_gazebo/share/turtlebot3_gazebo//models/turtlebot3_dqn_world/model.sdf
[11.332s] -- Symlinking: /data/home/yanzezhang/Documents/roboClaw/RoboClaw_Nav/robotics/ros_ws/install/turtlebot3_gazebo/share/turtlebot3_gazebo//models/turtlebot3_dqn_world/obstacle1/model.config
[11.343s] -- Symlinking: /data/home/yanzezhang/Documents/roboClaw/RoboClaw_Nav/robotics/ros_ws/install/turtlebot3_gazebo/share/turtlebot3_gazebo//models/turtlebot3_dqn_world/obstacle1/model.sdf
[11.354s] -- Symlinking: /data/home/yanzezhang/Documents/roboClaw/RoboClaw_Nav/robotics/ros_ws/install/turtlebot3_gazebo/share/turtlebot3_gazebo//models/turtlebot3_dqn_world/obstacle2/model.config
[11.366s] -- Symlinking: /data/home/yanzezhang/Documents/roboClaw/RoboClaw_Nav/robotics/ros_ws/install/turtlebot3_gazebo/share/turtlebot3_gazebo//models/turtlebot3_dqn_world/obstacle2/model.sdf
[11.377s] -- Symlinking: /data/home/yanzezhang/Documents/roboClaw/RoboClaw_Nav/robotics/ros_ws/install/turtlebot3_gazebo/share/turtlebot3_gazebo//models/turtlebot3_dqn_world/obstacles/model.config
[11.388s] -- Symlinking: /data/home/yanzezhang/Documents/roboClaw/RoboClaw_Nav/robotics/ros_ws/install/turtlebot3_gazebo/share/turtlebot3_gazebo//models/turtlebot3_dqn_world/obstacles/model.sdf
[11.398s] -- Symlinking: /data/home/yanzezhang/Documents/roboClaw/RoboClaw_Nav/robotics/ros_ws/install/turtlebot3_gazebo/share/turtlebot3_gazebo//models/turtlebot3_house/model.config
[11.407s] -- Symlinking: /data/home/yanzezhang/Documents/roboClaw/RoboClaw_Nav/robotics/ros_ws/install/turtlebot3_gazebo/share/turtlebot3_gazebo//models/turtlebot3_house/model.sdf
[11.418s] -- Symlinking: /data/home/yanzezhang/Documents/roboClaw/RoboClaw_Nav/robotics/ros_ws/install/turtlebot3_gazebo/share/turtlebot3_gazebo//models/turtlebot3_waffle/model-1_4.sdf
[11.427s] -- Symlinking: /data/home/yanzezhang/Documents/roboClaw/RoboClaw_Nav/robotics/ros_ws/install/turtlebot3_gazebo/share/turtlebot3_gazebo//models/turtlebot3_waffle/model.config
[11.438s] -- Symlinking: /data/home/yanzezhang/Documents/roboClaw/RoboClaw_Nav/robotics/ros_ws/install/turtlebot3_gazebo/share/turtlebot3_gazebo//models/turtlebot3_waffle/model.sdf
[11.449s] -- Symlinking: /data/home/yanzezhang/Documents/roboClaw/RoboClaw_Nav/robotics/ros_ws/install/turtlebot3_gazebo/share/turtlebot3_gazebo//models/turtlebot3_waffle_pi/model-1_4_.sdf
[11.461s] -- Symlinking: /data/home/yanzezhang/Documents/roboClaw/RoboClaw_Nav/robotics/ros_ws/install/turtlebot3_gazebo/share/turtlebot3_gazebo//models/turtlebot3_waffle_pi/model.config
[11.472s] -- Symlinking: /data/home/yanzezhang/Documents/roboClaw/RoboClaw_Nav/robotics/ros_ws/install/turtlebot3_gazebo/share/turtlebot3_gazebo//models/turtlebot3_waffle_pi/model.sdf
[11.483s] -- Symlinking: /data/home/yanzezhang/Documents/roboClaw/RoboClaw_Nav/robotics/ros_ws/install/turtlebot3_gazebo/share/turtlebot3_gazebo//models/turtlebot3_world/meshes/hexagon.dae
[11.493s] -- Symlinking: /data/home/yanzezhang/Documents/roboClaw/RoboClaw_Nav/robotics/ros_ws/install/turtlebot3_gazebo/share/turtlebot3_gazebo//models/turtlebot3_world/meshes/wall.dae
[11.503s] -- Symlinking: /data/home/yanzezhang/Documents/roboClaw/RoboClaw_Nav/robotics/ros_ws/install/turtlebot3_gazebo/share/turtlebot3_gazebo//models/turtlebot3_world/model-1_4.sdf
[11.512s] -- Symlinking: /data/home/yanzezhang/Documents/roboClaw/RoboClaw_Nav/robotics/ros_ws/install/turtlebot3_gazebo/share/turtlebot3_gazebo//models/turtlebot3_world/model.config
[11.523s] -- Symlinking: /data/home/yanzezhang/Documents/roboClaw/RoboClaw_Nav/robotics/ros_ws/install/turtlebot3_gazebo/share/turtlebot3_gazebo//models/turtlebot3_world/model.sdf
[11.534s] -- Symlinking: /data/home/yanzezhang/Documents/roboClaw/RoboClaw_Nav/robotics/ros_ws/install/turtlebot3_gazebo/share/turtlebot3_gazebo//rviz/tb3_gazebo.rviz
[11.545s] -- Symlinking: /data/home/yanzezhang/Documents/roboClaw/RoboClaw_Nav/robotics/ros_ws/install/turtlebot3_gazebo/share/turtlebot3_gazebo//urdf/common_properties.urdf
[11.556s] -- Symlinking: /data/home/yanzezhang/Documents/roboClaw/RoboClaw_Nav/robotics/ros_ws/install/turtlebot3_gazebo/share/turtlebot3_gazebo//urdf/turtlebot3_burger.urdf
[11.566s] -- Symlinking: /data/home/yanzezhang/Documents/roboClaw/RoboClaw_Nav/robotics/ros_ws/install/turtlebot3_gazebo/share/turtlebot3_gazebo//urdf/turtlebot3_burger_cam.urdf
[11.575s] -- Symlinking: /data/home/yanzezhang/Documents/roboClaw/RoboClaw_Nav/robotics/ros_ws/install/turtlebot3_gazebo/share/turtlebot3_gazebo//urdf/turtlebot3_waffle.urdf
[11.586s] -- Symlinking: /data/home/yanzezhang/Documents/roboClaw/RoboClaw_Nav/robotics/ros_ws/install/turtlebot3_gazebo/share/turtlebot3_gazebo//urdf/turtlebot3_waffle_pi.urdf
[11.596s] -- Symlinking: /data/home/yanzezhang/Documents/roboClaw/RoboClaw_Nav/robotics/ros_ws/install/turtlebot3_gazebo/share/turtlebot3_gazebo//worlds/empty_world.world
[11.605s] -- Symlinking: /data/home/yanzezhang/Documents/roboClaw/RoboClaw_Nav/robotics/ros_ws/install/turtlebot3_gazebo/share/turtlebot3_gazebo//worlds/turtlebot3_autorace_2020.world
[11.615s] -- Symlinking: /data/home/yanzezhang/Documents/roboClaw/RoboClaw_Nav/robotics/ros_ws/install/turtlebot3_gazebo/share/turtlebot3_gazebo//worlds/turtlebot3_dqn_stage1.world
[11.625s] -- Symlinking: /data/home/yanzezhang/Documents/roboClaw/RoboClaw_Nav/robotics/ros_ws/install/turtlebot3_gazebo/share/turtlebot3_gazebo//worlds/turtlebot3_dqn_stage2.world
[11.634s] -- Symlinking: /data/home/yanzezhang/Documents/roboClaw/RoboClaw_Nav/robotics/ros_ws/install/turtlebot3_gazebo/share/turtlebot3_gazebo//worlds/turtlebot3_dqn_stage3.world
[11.645s] -- Symlinking: /data/home/yanzezhang/Documents/roboClaw/RoboClaw_Nav/robotics/ros_ws/install/turtlebot3_gazebo/share/turtlebot3_gazebo//worlds/turtlebot3_dqn_stage4.world
[11.657s] -- Symlinking: /data/home/yanzezhang/Documents/roboClaw/RoboClaw_Nav/robotics/ros_ws/install/turtlebot3_gazebo/share/turtlebot3_gazebo//worlds/turtlebot3_house.world
[11.666s] -- Symlinking: /data/home/yanzezhang/Documents/roboClaw/RoboClaw_Nav/robotics/ros_ws/install/turtlebot3_gazebo/share/turtlebot3_gazebo//worlds/turtlebot3_world.world
[11.676s] -- Symlinking: /data/home/yanzezhang/Documents/roboClaw/RoboClaw_Nav/robotics/ros_ws/install/turtlebot3_gazebo/include//turtlebot3_gazebo/obstacle1.hpp
[11.686s] -- Symlinking: /data/home/yanzezhang/Documents/roboClaw/RoboClaw_Nav/robotics/ros_ws/install/turtlebot3_gazebo/include//turtlebot3_gazebo/obstacle2.hpp
[11.695s] -- Symlinking: /data/home/yanzezhang/Documents/roboClaw/RoboClaw_Nav/robotics/ros_ws/install/turtlebot3_gazebo/include//turtlebot3_gazebo/obstacles.hpp
[11.705s] -- Symlinking: /data/home/yanzezhang/Documents/roboClaw/RoboClaw_Nav/robotics/ros_ws/install/turtlebot3_gazebo/include//turtlebot3_gazebo/traffic_bar_plugin.hpp
[11.714s] -- Symlinking: /data/home/yanzezhang/Documents/roboClaw/RoboClaw_Nav/robotics/ros_ws/install/turtlebot3_gazebo/include//turtlebot3_gazebo/traffic_light_plugin.hpp
[11.724s] -- Symlinking: /data/home/yanzezhang/Documents/roboClaw/RoboClaw_Nav/robotics/ros_ws/install/turtlebot3_gazebo/include//turtlebot3_gazebo/turtlebot3_drive.hpp
[11.736s] -- Symlinking: /data/home/yanzezhang/Documents/roboClaw/RoboClaw_Nav/robotics/ros_ws/install/turtlebot3_gazebo/share/ament_index/resource_index/package_run_dependencies/turtlebot3_gazebo
[11.746s] -- Symlinking: /data/home/yanzezhang/Documents/roboClaw/RoboClaw_Nav/robotics/ros_ws/install/turtlebot3_gazebo/share/ament_index/resource_index/parent_prefix_path/turtlebot3_gazebo
[11.756s] -- Symlinking: /data/home/yanzezhang/Documents/roboClaw/RoboClaw_Nav/robotics/ros_ws/install/turtlebot3_gazebo/share/turtlebot3_gazebo/environment/ament_prefix_path.sh
[11.766s] -- Symlinking: /data/home/yanzezhang/Documents/roboClaw/RoboClaw_Nav/robotics/ros_ws/install/turtlebot3_gazebo/share/turtlebot3_gazebo/environment/ament_prefix_path.dsv
[11.775s] -- Symlinking: /data/home/yanzezhang/Documents/roboClaw/RoboClaw_Nav/robotics/ros_ws/install/turtlebot3_gazebo/share/turtlebot3_gazebo/environment/path.sh
[11.785s] -- Symlinking: /data/home/yanzezhang/Documents/roboClaw/RoboClaw_Nav/robotics/ros_ws/install/turtlebot3_gazebo/share/turtlebot3_gazebo/environment/path.dsv
[11.796s] -- Symlinking: /data/home/yanzezhang/Documents/roboClaw/RoboClaw_Nav/robotics/ros_ws/install/turtlebot3_gazebo/share/turtlebot3_gazebo/local_setup.bash
[11.805s] -- Symlinking: /data/home/yanzezhang/Documents/roboClaw/RoboClaw_Nav/robotics/ros_ws/install/turtlebot3_gazebo/share/turtlebot3_gazebo/local_setup.sh
[11.815s] -- Symlinking: /data/home/yanzezhang/Documents/roboClaw/RoboClaw_Nav/robotics/ros_ws/install/turtlebot3_gazebo/share/turtlebot3_gazebo/local_setup.zsh
[11.824s] -- Symlinking: /data/home/yanzezhang/Documents/roboClaw/RoboClaw_Nav/robotics/ros_ws/install/turtlebot3_gazebo/share/turtlebot3_gazebo/local_setup.dsv
[11.834s] -- Symlinking: /data/home/yanzezhang/Documents/roboClaw/RoboClaw_Nav/robotics/ros_ws/install/turtlebot3_gazebo/share/turtlebot3_gazebo/package.dsv
[11.844s] -- Symlinking: /data/home/yanzezhang/Documents/roboClaw/RoboClaw_Nav/robotics/ros_ws/install/turtlebot3_gazebo/share/ament_index/resource_index/packages/turtlebot3_gazebo
[11.854s] -- Symlinking: /data/home/yanzezhang/Documents/roboClaw/RoboClaw_Nav/robotics/ros_ws/install/turtlebot3_gazebo/share/turtlebot3_gazebo/cmake/ament_cmake_export_include_directories-extras.cmake
[11.863s] -- Symlinking: /data/home/yanzezhang/Documents/roboClaw/RoboClaw_Nav/robotics/ros_ws/install/turtlebot3_gazebo/share/turtlebot3_gazebo/cmake/ament_cmake_export_dependencies-extras.cmake
[11.873s] -- Symlinking: /data/home/yanzezhang/Documents/roboClaw/RoboClaw_Nav/robotics/ros_ws/install/turtlebot3_gazebo/share/turtlebot3_gazebo/cmake/turtlebot3_gazeboConfig.cmake
[11.882s] -- Symlinking: /data/home/yanzezhang/Documents/roboClaw/RoboClaw_Nav/robotics/ros_ws/install/turtlebot3_gazebo/share/turtlebot3_gazebo/cmake/turtlebot3_gazeboConfig-version.cmake
[11.892s] -- Symlinking: /data/home/yanzezhang/Documents/roboClaw/RoboClaw_Nav/robotics/ros_ws/install/turtlebot3_gazebo/share/turtlebot3_gazebo/package.xml
[11.904s] Invoked command in '/data/home/yanzezhang/Documents/roboClaw/RoboClaw_Nav/robotics/ros_ws/build/turtlebot3_gazebo' returned '0': CMAKE_PREFIX_PATH=${CMAKE_PREFIX_PATH}:/data/home/yanzezhang/turtlebot3_ws/install/turtlebot3_teleop:/data/home/yanzezhang/turtlebot3_ws/install/turtlebot3_example:/opt/ros/humble /usr/bin/cmake --install /data/home/yanzezhang/Documents/roboClaw/RoboClaw_Nav/robotics/ros_ws/build/turtlebot3_gazebo
