[0.438s] Invoking command in '/data/home/yanzezhang/Documents/roboClaw/RoboClaw_Nav/robotics/ros_ws/build/turtlebot3_example': AMENT_PREFIX_PATH=/data/home/yanzezhang/Documents/roboClaw/RoboClaw_Nav/robotics/ros_ws/install/turtlebot3_msgs:${AMENT_PREFIX_PATH} CMAKE_PREFIX_PATH=/data/home/yanzezhang/Documents/roboClaw/RoboClaw_Nav/robotics/ros_ws/install/turtlebot3_msgs:${CMAKE_PREFIX_PATH} LD_LIBRARY_PATH=/data/home/yanzezhang/Documents/roboClaw/RoboClaw_Nav/robotics/ros_ws/install/turtlebot3_msgs/lib:/data/home/yanzezhang/turtlebot3_ws/install/turtlebot3_msgs/lib:/data/home/yanzezhang/turtlebot3_ws/install/dynamixel_sdk_custom_interfaces/lib:/data/home/yanzezhang/turtlebot3_ws/install/dynamixel_sdk/lib:/usr/lib/x86_64-linux-gnu/gazebo-11/plugins:/opt/ros/humble/opt/rviz_ogre_vendor/lib:/opt/ros/humble/lib/x86_64-linux-gnu:/opt/ros/humble/lib:/usr/lib/x86_64-linux-gnu/gazebo-11/plugins PYTHONPATH=/data/home/yanzezhang/Documents/roboClaw/RoboClaw_Nav/robotics/ros_ws/build/turtlebot3_example/prefix_override:/usr/lib/python3/dist-packages/colcon_core/task/python/colcon_distutils_commands:/data/home/yanzezhang/Documents/roboClaw/RoboClaw_Nav/robotics/ros_ws/install/turtlebot3_example/lib/python3.10/site-packages:/data/home/yanzezhang/Documents/roboClaw/RoboClaw_Nav/robotics/ros_ws/install/turtlebot3_msgs/local/lib/python3.10/dist-packages:${PYTHONPATH} /usr/bin/python3 -W ignore:setup.py install is deprecated -W ignore:easy_install command is deprecated setup.py develop --editable --build-directory /data/home/yanzezhang/Documents/roboClaw/RoboClaw_Nav/robotics/ros_ws/build/turtlebot3_example/build --no-deps symlink_data
[0.604s] running develop
[0.720s] running egg_info
[0.720s] creating turtlebot3_example.egg-info
[0.720s] writing turtlebot3_example.egg-info/PKG-INFO
[0.720s] writing dependency_links to turtlebot3_example.egg-info/dependency_links.txt
[0.721s] writing entry points to turtlebot3_example.egg-info/entry_points.txt
[0.721s] writing requirements to turtlebot3_example.egg-info/requires.txt
[0.721s] writing top-level names to turtlebot3_example.egg-info/top_level.txt
[0.721s] writing manifest file 'turtlebot3_example.egg-info/SOURCES.txt'
[0.722s] reading manifest file 'turtlebot3_example.egg-info/SOURCES.txt'
[0.723s] writing manifest file 'turtlebot3_example.egg-info/SOURCES.txt'
[0.724s] running build_ext
[0.724s] Creating /data/home/yanzezhang/Documents/roboClaw/RoboClaw_Nav/robotics/ros_ws/install/turtlebot3_example/lib/python3.10/site-packages/turtlebot3-example.egg-link (link to .)
[0.724s] Installing turtlebot3_absolute_move script to /data/home/yanzezhang/Documents/roboClaw/RoboClaw_Nav/robotics/ros_ws/install/turtlebot3_example/lib/turtlebot3_example
[0.724s] Installing turtlebot3_interactive_marker script to /data/home/yanzezhang/Documents/roboClaw/RoboClaw_Nav/robotics/ros_ws/install/turtlebot3_example/lib/turtlebot3_example
[0.724s] Installing turtlebot3_obstacle_detection script to /data/home/yanzezhang/Documents/roboClaw/RoboClaw_Nav/robotics/ros_ws/install/turtlebot3_example/lib/turtlebot3_example
[0.725s] Installing turtlebot3_patrol_client script to /data/home/yanzezhang/Documents/roboClaw/RoboClaw_Nav/robotics/ros_ws/install/turtlebot3_example/lib/turtlebot3_example
[0.725s] Installing turtlebot3_patrol_server script to /data/home/yanzezhang/Documents/roboClaw/RoboClaw_Nav/robotics/ros_ws/install/turtlebot3_example/lib/turtlebot3_example
[0.725s] Installing turtlebot3_relative_move script to /data/home/yanzezhang/Documents/roboClaw/RoboClaw_Nav/robotics/ros_ws/install/turtlebot3_example/lib/turtlebot3_example
[0.725s] 
[0.725s] Installed /data/home/yanzezhang/Documents/roboClaw/RoboClaw_Nav/robotics/ros_ws/build/turtlebot3_example
[0.725s] running symlink_data
[0.725s] creating /data/home/yanzezhang/Documents/roboClaw/RoboClaw_Nav/robotics/ros_ws/install/turtlebot3_example/share/ament_index
[0.725s] creating /data/home/yanzezhang/Documents/roboClaw/RoboClaw_Nav/robotics/ros_ws/install/turtlebot3_example/share/ament_index/resource_index
[0.725s] creating /data/home/yanzezhang/Documents/roboClaw/RoboClaw_Nav/robotics/ros_ws/install/turtlebot3_example/share/ament_index/resource_index/packages
[0.725s] symbolically linking /data/home/yanzezhang/Documents/roboClaw/RoboClaw_Nav/robotics/ros_ws/build/turtlebot3_example/resource/turtlebot3_example -> /data/home/yanzezhang/Documents/roboClaw/RoboClaw_Nav/robotics/ros_ws/install/turtlebot3_example/share/ament_index/resource_index/packages
[0.725s] symbolically linking /data/home/yanzezhang/Documents/roboClaw/RoboClaw_Nav/robotics/ros_ws/build/turtlebot3_example/package.xml -> /data/home/yanzezhang/Documents/roboClaw/RoboClaw_Nav/robotics/ros_ws/install/turtlebot3_example/share/turtlebot3_example
[0.748s] Invoked command in '/data/home/yanzezhang/Documents/roboClaw/RoboClaw_Nav/robotics/ros_ws/build/turtlebot3_example' returned '0': AMENT_PREFIX_PATH=/data/home/yanzezhang/Documents/roboClaw/RoboClaw_Nav/robotics/ros_ws/install/turtlebot3_msgs:${AMENT_PREFIX_PATH} CMAKE_PREFIX_PATH=/data/home/yanzezhang/Documents/roboClaw/RoboClaw_Nav/robotics/ros_ws/install/turtlebot3_msgs:${CMAKE_PREFIX_PATH} LD_LIBRARY_PATH=/data/home/yanzezhang/Documents/roboClaw/RoboClaw_Nav/robotics/ros_ws/install/turtlebot3_msgs/lib:/data/home/yanzezhang/turtlebot3_ws/install/turtlebot3_msgs/lib:/data/home/yanzezhang/turtlebot3_ws/install/dynamixel_sdk_custom_interfaces/lib:/data/home/yanzezhang/turtlebot3_ws/install/dynamixel_sdk/lib:/usr/lib/x86_64-linux-gnu/gazebo-11/plugins:/opt/ros/humble/opt/rviz_ogre_vendor/lib:/opt/ros/humble/lib/x86_64-linux-gnu:/opt/ros/humble/lib:/usr/lib/x86_64-linux-gnu/gazebo-11/plugins PYTHONPATH=/data/home/yanzezhang/Documents/roboClaw/RoboClaw_Nav/robotics/ros_ws/build/turtlebot3_example/prefix_override:/usr/lib/python3/dist-packages/colcon_core/task/python/colcon_distutils_commands:/data/home/yanzezhang/Documents/roboClaw/RoboClaw_Nav/robotics/ros_ws/install/turtlebot3_example/lib/python3.10/site-packages:/data/home/yanzezhang/Documents/roboClaw/RoboClaw_Nav/robotics/ros_ws/install/turtlebot3_msgs/local/lib/python3.10/dist-packages:${PYTHONPATH} /usr/bin/python3 -W ignore:setup.py install is deprecated -W ignore:easy_install command is deprecated setup.py develop --editable --build-directory /data/home/yanzezhang/Documents/roboClaw/RoboClaw_Nav/robotics/ros_ws/build/turtlebot3_example/build --no-deps symlink_data
