-- The C compiler identification is GNU 11.4.0
-- The CXX compiler identification is GNU 11.4.0
-- Detecting C compiler ABI info
-- Detecting C compiler ABI info - done
-- Check for working C compiler: /usr/bin/cc - skipped
-- Detecting C compile features
-- Detecting C compile features - done
-- Detecting CXX compiler ABI info
-- Detecting CXX compiler ABI info - done
-- Check for working CXX compiler: /usr/bin/c++ - skipped
-- Detecting CXX compile features
-- Detecting CXX compile features - done
-- Found ament_cmake: 1.3.11 (/opt/ros/humble/share/ament_cmake/cmake)
-- Found Python3: /usr/bin/python3 (found version "3.10.12") found components: Interpreter 
-- Override CMake install command with custom implementation using symlinks instead of copying resources
-- Configuring done
-- Generating done
-- Build files have been written to: /data/home/yanzezhang/Documents/roboClaw/RoboClaw_Nav/robotics/ros_ws/build/roboclaw_tb3_sim
-- Install configuration: ""
-- Execute custom install script
-- Symlinking: /data/home/yanzezhang/Documents/roboClaw/RoboClaw_Nav/robotics/ros_ws/install/roboclaw_tb3_sim/share/roboclaw_tb3_sim/config/.gitkeep
-- Symlinking: /data/home/yanzezhang/Documents/roboClaw/RoboClaw_Nav/robotics/ros_ws/install/roboclaw_tb3_sim/share/roboclaw_tb3_sim/launch/.gitkeep
-- Symlinking: /data/home/yanzezhang/Documents/roboClaw/RoboClaw_Nav/robotics/ros_ws/install/roboclaw_tb3_sim/share/roboclaw_tb3_sim/maps/.gitkeep
-- Symlinking: /data/home/yanzezhang/Documents/roboClaw/RoboClaw_Nav/robotics/ros_ws/install/roboclaw_tb3_sim/share/roboclaw_tb3_sim/maps/map.pgm
-- Symlinking: /data/home/yanzezhang/Documents/roboClaw/RoboClaw_Nav/robotics/ros_ws/install/roboclaw_tb3_sim/share/roboclaw_tb3_sim/maps/map.yaml
-- Symlinking: /data/home/yanzezhang/Documents/roboClaw/RoboClaw_Nav/robotics/ros_ws/install/roboclaw_tb3_sim/share/roboclaw_tb3_sim/rviz/.gitkeep
-- Symlinking: /data/home/yanzezhang/Documents/roboClaw/RoboClaw_Nav/robotics/ros_ws/install/roboclaw_tb3_sim/share/roboclaw_tb3_sim/worlds/.gitkeep
-- Symlinking: /data/home/yanzezhang/Documents/roboClaw/RoboClaw_Nav/robotics/ros_ws/install/roboclaw_tb3_sim/share/ament_index/resource_index/package_run_dependencies/roboclaw_tb3_sim
-- Symlinking: /data/home/yanzezhang/Documents/roboClaw/RoboClaw_Nav/robotics/ros_ws/install/roboclaw_tb3_sim/share/ament_index/resource_index/parent_prefix_path/roboclaw_tb3_sim
-- Symlinking: /data/home/yanzezhang/Documents/roboClaw/RoboClaw_Nav/robotics/ros_ws/install/roboclaw_tb3_sim/share/roboclaw_tb3_sim/environment/ament_prefix_path.sh
-- Symlinking: /data/home/yanzezhang/Documents/roboClaw/RoboClaw_Nav/robotics/ros_ws/install/roboclaw_tb3_sim/share/roboclaw_tb3_sim/environment/ament_prefix_path.dsv
-- Symlinking: /data/home/yanzezhang/Documents/roboClaw/RoboClaw_Nav/robotics/ros_ws/install/roboclaw_tb3_sim/share/roboclaw_tb3_sim/environment/path.sh
-- Symlinking: /data/home/yanzezhang/Documents/roboClaw/RoboClaw_Nav/robotics/ros_ws/install/roboclaw_tb3_sim/share/roboclaw_tb3_sim/environment/path.dsv
-- Symlinking: /data/home/yanzezhang/Documents/roboClaw/RoboClaw_Nav/robotics/ros_ws/install/roboclaw_tb3_sim/share/roboclaw_tb3_sim/local_setup.bash
-- Symlinking: /data/home/yanzezhang/Documents/roboClaw/RoboClaw_Nav/robotics/ros_ws/install/roboclaw_tb3_sim/share/roboclaw_tb3_sim/local_setup.sh
-- Symlinking: /data/home/yanzezhang/Documents/roboClaw/RoboClaw_Nav/robotics/ros_ws/install/roboclaw_tb3_sim/share/roboclaw_tb3_sim/local_setup.zsh
-- Symlinking: /data/home/yanzezhang/Documents/roboClaw/RoboClaw_Nav/robotics/ros_ws/install/roboclaw_tb3_sim/share/roboclaw_tb3_sim/local_setup.dsv
-- Symlinking: /data/home/yanzezhang/Documents/roboClaw/RoboClaw_Nav/robotics/ros_ws/install/roboclaw_tb3_sim/share/roboclaw_tb3_sim/package.dsv
-- Symlinking: /data/home/yanzezhang/Documents/roboClaw/RoboClaw_Nav/robotics/ros_ws/install/roboclaw_tb3_sim/share/ament_index/resource_index/packages/roboclaw_tb3_sim
-- Symlinking: /data/home/yanzezhang/Documents/roboClaw/RoboClaw_Nav/robotics/ros_ws/install/roboclaw_tb3_sim/share/roboclaw_tb3_sim/cmake/roboclaw_tb3_simConfig.cmake
-- Symlinking: /data/home/yanzezhang/Documents/roboClaw/RoboClaw_Nav/robotics/ros_ws/install/roboclaw_tb3_sim/share/roboclaw_tb3_sim/cmake/roboclaw_tb3_simConfig-version.cmake
-- Symlinking: /data/home/yanzezhang/Documents/roboClaw/RoboClaw_Nav/robotics/ros_ws/install/roboclaw_tb3_sim/share/roboclaw_tb3_sim/package.xml
