[0.192s] Invoking command in '/data/home/yanzezhang/Documents/roboClaw/RoboClaw_Nav/robotics/ros_ws/build/turtlebot3_fake_node': AMENT_PREFIX_PATH=/data/home/yanzezhang/Documents/roboClaw/RoboClaw_Nav/robotics/ros_ws/install/turtlebot3_msgs:${AMENT_PREFIX_PATH} CMAKE_PREFIX_PATH=/data/home/yanzezhang/Documents/roboClaw/RoboClaw_Nav/robotics/ros_ws/install/turtlebot3_msgs:/data/home/yanzezhang/turtlebot3_ws/install/turtlebot3:/data/home/yanzezhang/turtlebot3_ws/install/turtlebot3_simulations:/data/home/yanzezhang/turtlebot3_ws/install/turtlebot3_bringup:/data/home/yanzezhang/turtlebot3_ws/install/turtlebot3_node:/data/home/yanzezhang/turtlebot3_ws/install/turtlebot3_navigation2:/data/home/yanzezhang/turtlebot3_ws/install/turtlebot3_fake_node:/data/home/yanzezhang/turtlebot3_ws/install/turtlebot3_msgs:/data/home/yanzezhang/turtlebot3_ws/install/turtlebot3_manipulation_gazebo:/data/home/yanzezhang/turtlebot3_ws/install/turtlebot3_gazebo:/data/home/yanzezhang/turtlebot3_ws/install/turtlebot3_description:/data/home/yanzezhang/turtlebot3_ws/install/turtlebot3_cartographer:/data/home/yanzezhang/turtlebot3_ws/install/dynamixel_sdk_examples:/data/home/yanzezhang/turtlebot3_ws/install/dynamixel_sdk_custom_interfaces:/data/home/yanzezhang/turtlebot3_ws/install/dynamixel_sdk:/data/home/yanzezhang/turtlebot3_ws/install/turtlebot3_teleop:/data/home/yanzezhang/turtlebot3_ws/install/turtlebot3_example:/opt/ros/humble LD_LIBRARY_PATH=/data/home/yanzezhang/Documents/roboClaw/RoboClaw_Nav/robotics/ros_ws/install/turtlebot3_msgs/lib:/data/home/yanzezhang/turtlebot3_ws/install/turtlebot3_msgs/lib:/data/home/yanzezhang/turtlebot3_ws/install/dynamixel_sdk_custom_interfaces/lib:/data/home/yanzezhang/turtlebot3_ws/install/dynamixel_sdk/lib:/usr/lib/x86_64-linux-gnu/gazebo-11/plugins:/opt/ros/humble/opt/rviz_ogre_vendor/lib:/opt/ros/humble/lib/x86_64-linux-gnu:/opt/ros/humble/lib:/usr/lib/x86_64-linux-gnu/gazebo-11/plugins PYTHONPATH=/data/home/yanzezhang/Documents/roboClaw/RoboClaw_Nav/robotics/ros_ws/install/turtlebot3_msgs/local/lib/python3.10/dist-packages:${PYTHONPATH} /usr/bin/cmake /data/home/yanzezhang/Documents/roboClaw/RoboClaw_Nav/robotics/ros_ws/src/turtlebot3_simulations/turtlebot3_fake_node -DAMENT_CMAKE_SYMLINK_INSTALL=1 -DCMAKE_INSTALL_PREFIX=/data/home/yanzezhang/Documents/roboClaw/RoboClaw_Nav/robotics/ros_ws/install/turtlebot3_fake_node
[0.251s] -- The C compiler identification is GNU 11.4.0
[0.302s] -- The CXX compiler identification is GNU 11.4.0
[0.309s] -- Detecting C compiler ABI info
[0.389s] -- Detecting C compiler ABI info - done
[0.393s] -- Check for working C compiler: /usr/bin/cc - skipped
[0.394s] -- Detecting C compile features
[0.394s] -- Detecting C compile features - done
[0.395s] -- Detecting CXX compiler ABI info
[0.482s] -- Detecting CXX compiler ABI info - done
[0.486s] -- Check for working CXX compiler: /usr/bin/c++ - skipped
[0.486s] -- Detecting CXX compile features
[0.486s] -- Detecting CXX compile features - done
[0.489s] -- Found ament_cmake: 1.3.11 (/opt/ros/humble/share/ament_cmake/cmake)
[0.617s] -- Found Python3: /usr/bin/python3 (found version "3.10.12") found components: Interpreter 
[0.661s] -- Override CMake install command with custom implementation using symlinks instead of copying resources
[0.704s] -- Found geometry_msgs: 4.8.0 (/opt/ros/humble/share/geometry_msgs/cmake)
[0.744s] -- Found rosidl_generator_c: 3.1.6 (/opt/ros/humble/share/rosidl_generator_c/cmake)
[0.750s] -- Found rosidl_adapter: 3.1.6 (/opt/ros/humble/share/rosidl_adapter/cmake)
[0.758s] -- Found rosidl_generator_cpp: 3.1.6 (/opt/ros/humble/share/rosidl_generator_cpp/cmake)
[0.769s] -- Using all available rosidl_typesupport_c: rosidl_typesupport_fastrtps_c;rosidl_typesupport_introspection_c
[0.783s] -- Using all available rosidl_typesupport_cpp: rosidl_typesupport_fastrtps_cpp;rosidl_typesupport_introspection_cpp
[0.809s] -- Found nav_msgs: 4.8.0 (/opt/ros/humble/share/nav_msgs/cmake)
[0.821s] -- Found rclcpp: 16.0.12 (/opt/ros/humble/share/rclcpp/cmake)
[0.857s] -- Found rmw_implementation_cmake: 6.1.2 (/opt/ros/humble/share/rmw_implementation_cmake/cmake)
[0.861s] -- Found rmw_cyclonedds_cpp: 1.3.4 (/opt/ros/humble/share/rmw_cyclonedds_cpp/cmake)
[0.881s] -- Using RMW implementation 'rmw_cyclonedds_cpp' as default
[0.891s] -- Looking for pthread.h
[0.977s] -- Looking for pthread.h - found
[0.977s] -- Performing Test CMAKE_HAVE_LIBC_PTHREAD
[1.061s] -- Performing Test CMAKE_HAVE_LIBC_PTHREAD - Success
[1.061s] -- Found Threads: TRUE  
[1.091s] -- Found sensor_msgs: 4.8.0 (/opt/ros/humble/share/sensor_msgs/cmake)
[1.103s] -- Found tf2: 0.25.16 (/opt/ros/humble/share/tf2/cmake)
[1.114s] -- Found tf2_msgs: 0.25.12 (/opt/ros/humble/share/tf2_msgs/cmake)
[1.143s] -- Found turtlebot3_msgs: 2.4.0 (/data/home/yanzezhang/Documents/roboClaw/RoboClaw_Nav/robotics/ros_ws/install/turtlebot3_msgs/share/turtlebot3_msgs/cmake)
[1.207s] -- Configuring done
[1.216s] -- Generating done
[1.219s] -- Build files have been written to: /data/home/yanzezhang/Documents/roboClaw/RoboClaw_Nav/robotics/ros_ws/build/turtlebot3_fake_node
[1.227s] Invoked command in '/data/home/yanzezhang/Documents/roboClaw/RoboClaw_Nav/robotics/ros_ws/build/turtlebot3_fake_node' returned '0': AMENT_PREFIX_PATH=/data/home/yanzezhang/Documents/roboClaw/RoboClaw_Nav/robotics/ros_ws/install/turtlebot3_msgs:${AMENT_PREFIX_PATH} CMAKE_PREFIX_PATH=/data/home/yanzezhang/Documents/roboClaw/RoboClaw_Nav/robotics/ros_ws/install/turtlebot3_msgs:/data/home/yanzezhang/turtlebot3_ws/install/turtlebot3:/data/home/yanzezhang/turtlebot3_ws/install/turtlebot3_simulations:/data/home/yanzezhang/turtlebot3_ws/install/turtlebot3_bringup:/data/home/yanzezhang/turtlebot3_ws/install/turtlebot3_node:/data/home/yanzezhang/turtlebot3_ws/install/turtlebot3_navigation2:/data/home/yanzezhang/turtlebot3_ws/install/turtlebot3_fake_node:/data/home/yanzezhang/turtlebot3_ws/install/turtlebot3_msgs:/data/home/yanzezhang/turtlebot3_ws/install/turtlebot3_manipulation_gazebo:/data/home/yanzezhang/turtlebot3_ws/install/turtlebot3_gazebo:/data/home/yanzezhang/turtlebot3_ws/install/turtlebot3_description:/data/home/yanzezhang/turtlebot3_ws/install/turtlebot3_cartographer:/data/home/yanzezhang/turtlebot3_ws/install/dynamixel_sdk_examples:/data/home/yanzezhang/turtlebot3_ws/install/dynamixel_sdk_custom_interfaces:/data/home/yanzezhang/turtlebot3_ws/install/dynamixel_sdk:/data/home/yanzezhang/turtlebot3_ws/install/turtlebot3_teleop:/data/home/yanzezhang/turtlebot3_ws/install/turtlebot3_example:/opt/ros/humble LD_LIBRARY_PATH=/data/home/yanzezhang/Documents/roboClaw/RoboClaw_Nav/robotics/ros_ws/install/turtlebot3_msgs/lib:/data/home/yanzezhang/turtlebot3_ws/install/turtlebot3_msgs/lib:/data/home/yanzezhang/turtlebot3_ws/install/dynamixel_sdk_custom_interfaces/lib:/data/home/yanzezhang/turtlebot3_ws/install/dynamixel_sdk/lib:/usr/lib/x86_64-linux-gnu/gazebo-11/plugins:/opt/ros/humble/opt/rviz_ogre_vendor/lib:/opt/ros/humble/lib/x86_64-linux-gnu:/opt/ros/humble/lib:/usr/lib/x86_64-linux-gnu/gazebo-11/plugins PYTHONPATH=/data/home/yanzezhang/Documents/roboClaw/RoboClaw_Nav/robotics/ros_ws/install/turtlebot3_msgs/local/lib/python3.10/dist-packages:${PYTHONPATH} /usr/bin/cmake /data/home/yanzezhang/Documents/roboClaw/RoboClaw_Nav/robotics/ros_ws/src/turtlebot3_simulations/turtlebot3_fake_node -DAMENT_CMAKE_SYMLINK_INSTALL=1 -DCMAKE_INSTALL_PREFIX=/data/home/yanzezhang/Documents/roboClaw/RoboClaw_Nav/robotics/ros_ws/install/turtlebot3_fake_node
[1.228s] Invoking command in '/data/home/yanzezhang/Documents/roboClaw/RoboClaw_Nav/robotics/ros_ws/build/turtlebot3_fake_node': AMENT_PREFIX_PATH=/data/home/yanzezhang/Documents/roboClaw/RoboClaw_Nav/robotics/ros_ws/install/turtlebot3_msgs:${AMENT_PREFIX_PATH} CMAKE_PREFIX_PATH=/data/home/yanzezhang/Documents/roboClaw/RoboClaw_Nav/robotics/ros_ws/install/turtlebot3_msgs:/data/home/yanzezhang/turtlebot3_ws/install/turtlebot3:/data/home/yanzezhang/turtlebot3_ws/install/turtlebot3_simulations:/data/home/yanzezhang/turtlebot3_ws/install/turtlebot3_bringup:/data/home/yanzezhang/turtlebot3_ws/install/turtlebot3_node:/data/home/yanzezhang/turtlebot3_ws/install/turtlebot3_navigation2:/data/home/yanzezhang/turtlebot3_ws/install/turtlebot3_fake_node:/data/home/yanzezhang/turtlebot3_ws/install/turtlebot3_msgs:/data/home/yanzezhang/turtlebot3_ws/install/turtlebot3_manipulation_gazebo:/data/home/yanzezhang/turtlebot3_ws/install/turtlebot3_gazebo:/data/home/yanzezhang/turtlebot3_ws/install/turtlebot3_description:/data/home/yanzezhang/turtlebot3_ws/install/turtlebot3_cartographer:/data/home/yanzezhang/turtlebot3_ws/install/dynamixel_sdk_examples:/data/home/yanzezhang/turtlebot3_ws/install/dynamixel_sdk_custom_interfaces:/data/home/yanzezhang/turtlebot3_ws/install/dynamixel_sdk:/data/home/yanzezhang/turtlebot3_ws/install/turtlebot3_teleop:/data/home/yanzezhang/turtlebot3_ws/install/turtlebot3_example:/opt/ros/humble LD_LIBRARY_PATH=/data/home/yanzezhang/Documents/roboClaw/RoboClaw_Nav/robotics/ros_ws/install/turtlebot3_msgs/lib:/data/home/yanzezhang/turtlebot3_ws/install/turtlebot3_msgs/lib:/data/home/yanzezhang/turtlebot3_ws/install/dynamixel_sdk_custom_interfaces/lib:/data/home/yanzezhang/turtlebot3_ws/install/dynamixel_sdk/lib:/usr/lib/x86_64-linux-gnu/gazebo-11/plugins:/opt/ros/humble/opt/rviz_ogre_vendor/lib:/opt/ros/humble/lib/x86_64-linux-gnu:/opt/ros/humble/lib:/usr/lib/x86_64-linux-gnu/gazebo-11/plugins PYTHONPATH=/data/home/yanzezhang/Documents/roboClaw/RoboClaw_Nav/robotics/ros_ws/install/turtlebot3_msgs/local/lib/python3.10/dist-packages:${PYTHONPATH} /usr/bin/cmake --build /data/home/yanzezhang/Documents/roboClaw/RoboClaw_Nav/robotics/ros_ws/build/turtlebot3_fake_node -- -j48 -l48
[1.292s] [ 50%] [32mBuilding CXX object CMakeFiles/turtlebot3_fake_node.dir/src/turtlebot3_fake_node.cpp.o[0m
[7.141s] [100%] [32m[1mLinking CXX executable turtlebot3_fake_node[0m
[7.440s] [100%] Built target turtlebot3_fake_node
[7.453s] Invoked command in '/data/home/yanzezhang/Documents/roboClaw/RoboClaw_Nav/robotics/ros_ws/build/turtlebot3_fake_node' returned '0': AMENT_PREFIX_PATH=/data/home/yanzezhang/Documents/roboClaw/RoboClaw_Nav/robotics/ros_ws/install/turtlebot3_msgs:${AMENT_PREFIX_PATH} CMAKE_PREFIX_PATH=/data/home/yanzezhang/Documents/roboClaw/RoboClaw_Nav/robotics/ros_ws/install/turtlebot3_msgs:/data/home/yanzezhang/turtlebot3_ws/install/turtlebot3:/data/home/yanzezhang/turtlebot3_ws/install/turtlebot3_simulations:/data/home/yanzezhang/turtlebot3_ws/install/turtlebot3_bringup:/data/home/yanzezhang/turtlebot3_ws/install/turtlebot3_node:/data/home/yanzezhang/turtlebot3_ws/install/turtlebot3_navigation2:/data/home/yanzezhang/turtlebot3_ws/install/turtlebot3_fake_node:/data/home/yanzezhang/turtlebot3_ws/install/turtlebot3_msgs:/data/home/yanzezhang/turtlebot3_ws/install/turtlebot3_manipulation_gazebo:/data/home/yanzezhang/turtlebot3_ws/install/turtlebot3_gazebo:/data/home/yanzezhang/turtlebot3_ws/install/turtlebot3_description:/data/home/yanzezhang/turtlebot3_ws/install/turtlebot3_cartographer:/data/home/yanzezhang/turtlebot3_ws/install/dynamixel_sdk_examples:/data/home/yanzezhang/turtlebot3_ws/install/dynamixel_sdk_custom_interfaces:/data/home/yanzezhang/turtlebot3_ws/install/dynamixel_sdk:/data/home/yanzezhang/turtlebot3_ws/install/turtlebot3_teleop:/data/home/yanzezhang/turtlebot3_ws/install/turtlebot3_example:/opt/ros/humble LD_LIBRARY_PATH=/data/home/yanzezhang/Documents/roboClaw/RoboClaw_Nav/robotics/ros_ws/install/turtlebot3_msgs/lib:/data/home/yanzezhang/turtlebot3_ws/install/turtlebot3_msgs/lib:/data/home/yanzezhang/turtlebot3_ws/install/dynamixel_sdk_custom_interfaces/lib:/data/home/yanzezhang/turtlebot3_ws/install/dynamixel_sdk/lib:/usr/lib/x86_64-linux-gnu/gazebo-11/plugins:/opt/ros/humble/opt/rviz_ogre_vendor/lib:/opt/ros/humble/lib/x86_64-linux-gnu:/opt/ros/humble/lib:/usr/lib/x86_64-linux-gnu/gazebo-11/plugins PYTHONPATH=/data/home/yanzezhang/Documents/roboClaw/RoboClaw_Nav/robotics/ros_ws/install/turtlebot3_msgs/local/lib/python3.10/dist-packages:${PYTHONPATH} /usr/bin/cmake --build /data/home/yanzezhang/Documents/roboClaw/RoboClaw_Nav/robotics/ros_ws/build/turtlebot3_fake_node -- -j48 -l48
[7.454s] Invoking command in '/data/home/yanzezhang/Documents/roboClaw/RoboClaw_Nav/robotics/ros_ws/build/turtlebot3_fake_node': AMENT_PREFIX_PATH=/data/home/yanzezhang/Documents/roboClaw/RoboClaw_Nav/robotics/ros_ws/install/turtlebot3_msgs:${AMENT_PREFIX_PATH} CMAKE_PREFIX_PATH=/data/home/yanzezhang/Documents/roboClaw/RoboClaw_Nav/robotics/ros_ws/install/turtlebot3_msgs:/data/home/yanzezhang/turtlebot3_ws/install/turtlebot3:/data/home/yanzezhang/turtlebot3_ws/install/turtlebot3_simulations:/data/home/yanzezhang/turtlebot3_ws/install/turtlebot3_bringup:/data/home/yanzezhang/turtlebot3_ws/install/turtlebot3_node:/data/home/yanzezhang/turtlebot3_ws/install/turtlebot3_navigation2:/data/home/yanzezhang/turtlebot3_ws/install/turtlebot3_fake_node:/data/home/yanzezhang/turtlebot3_ws/install/turtlebot3_msgs:/data/home/yanzezhang/turtlebot3_ws/install/turtlebot3_manipulation_gazebo:/data/home/yanzezhang/turtlebot3_ws/install/turtlebot3_gazebo:/data/home/yanzezhang/turtlebot3_ws/install/turtlebot3_description:/data/home/yanzezhang/turtlebot3_ws/install/turtlebot3_cartographer:/data/home/yanzezhang/turtlebot3_ws/install/dynamixel_sdk_examples:/data/home/yanzezhang/turtlebot3_ws/install/dynamixel_sdk_custom_interfaces:/data/home/yanzezhang/turtlebot3_ws/install/dynamixel_sdk:/data/home/yanzezhang/turtlebot3_ws/install/turtlebot3_teleop:/data/home/yanzezhang/turtlebot3_ws/install/turtlebot3_example:/opt/ros/humble LD_LIBRARY_PATH=/data/home/yanzezhang/Documents/roboClaw/RoboClaw_Nav/robotics/ros_ws/install/turtlebot3_msgs/lib:/data/home/yanzezhang/turtlebot3_ws/install/turtlebot3_msgs/lib:/data/home/yanzezhang/turtlebot3_ws/install/dynamixel_sdk_custom_interfaces/lib:/data/home/yanzezhang/turtlebot3_ws/install/dynamixel_sdk/lib:/usr/lib/x86_64-linux-gnu/gazebo-11/plugins:/opt/ros/humble/opt/rviz_ogre_vendor/lib:/opt/ros/humble/lib/x86_64-linux-gnu:/opt/ros/humble/lib:/usr/lib/x86_64-linux-gnu/gazebo-11/plugins PYTHONPATH=/data/home/yanzezhang/Documents/roboClaw/RoboClaw_Nav/robotics/ros_ws/install/turtlebot3_msgs/local/lib/python3.10/dist-packages:${PYTHONPATH} /usr/bin/cmake --install /data/home/yanzezhang/Documents/roboClaw/RoboClaw_Nav/robotics/ros_ws/build/turtlebot3_fake_node
[7.462s] -- Install configuration: ""
[7.463s] -- Execute custom install script
[7.463s] -- Symlinking: /data/home/yanzezhang/Documents/roboClaw/RoboClaw_Nav/robotics/ros_ws/install/turtlebot3_fake_node/lib/turtlebot3_fake_node/turtlebot3_fake_node
[7.472s] -- Symlinking: /data/home/yanzezhang/Documents/roboClaw/RoboClaw_Nav/robotics/ros_ws/install/turtlebot3_fake_node/share/turtlebot3_fake_node/launch/rviz2.launch.py
[7.482s] -- Symlinking: /data/home/yanzezhang/Documents/roboClaw/RoboClaw_Nav/robotics/ros_ws/install/turtlebot3_fake_node/share/turtlebot3_fake_node/launch/turtlebot3_fake_node.launch.py
[7.490s] -- Symlinking: /data/home/yanzezhang/Documents/roboClaw/RoboClaw_Nav/robotics/ros_ws/install/turtlebot3_fake_node/share/turtlebot3_fake_node/param/burger.yaml
[7.499s] -- Symlinking: /data/home/yanzezhang/Documents/roboClaw/RoboClaw_Nav/robotics/ros_ws/install/turtlebot3_fake_node/share/turtlebot3_fake_node/param/waffle.yaml
[7.509s] -- Symlinking: /data/home/yanzezhang/Documents/roboClaw/RoboClaw_Nav/robotics/ros_ws/install/turtlebot3_fake_node/share/turtlebot3_fake_node/param/waffle_pi.yaml
[7.519s] -- Symlinking: /data/home/yanzezhang/Documents/roboClaw/RoboClaw_Nav/robotics/ros_ws/install/turtlebot3_fake_node/include//turtlebot3_fake_node/turtlebot3_fake_node.hpp
[7.529s] -- Symlinking: /data/home/yanzezhang/Documents/roboClaw/RoboClaw_Nav/robotics/ros_ws/install/turtlebot3_fake_node/share/ament_index/resource_index/package_run_dependencies/turtlebot3_fake_node
[7.538s] -- Symlinking: /data/home/yanzezhang/Documents/roboClaw/RoboClaw_Nav/robotics/ros_ws/install/turtlebot3_fake_node/share/ament_index/resource_index/parent_prefix_path/turtlebot3_fake_node
[7.548s] -- Symlinking: /data/home/yanzezhang/Documents/roboClaw/RoboClaw_Nav/robotics/ros_ws/install/turtlebot3_fake_node/share/turtlebot3_fake_node/environment/ament_prefix_path.sh
[7.558s] -- Symlinking: /data/home/yanzezhang/Documents/roboClaw/RoboClaw_Nav/robotics/ros_ws/install/turtlebot3_fake_node/share/turtlebot3_fake_node/environment/ament_prefix_path.dsv
[7.568s] -- Symlinking: /data/home/yanzezhang/Documents/roboClaw/RoboClaw_Nav/robotics/ros_ws/install/turtlebot3_fake_node/share/turtlebot3_fake_node/environment/path.sh
[7.577s] -- Symlinking: /data/home/yanzezhang/Documents/roboClaw/RoboClaw_Nav/robotics/ros_ws/install/turtlebot3_fake_node/share/turtlebot3_fake_node/environment/path.dsv
[7.586s] -- Symlinking: /data/home/yanzezhang/Documents/roboClaw/RoboClaw_Nav/robotics/ros_ws/install/turtlebot3_fake_node/share/turtlebot3_fake_node/local_setup.bash
[7.596s] -- Symlinking: /data/home/yanzezhang/Documents/roboClaw/RoboClaw_Nav/robotics/ros_ws/install/turtlebot3_fake_node/share/turtlebot3_fake_node/local_setup.sh
[7.605s] -- Symlinking: /data/home/yanzezhang/Documents/roboClaw/RoboClaw_Nav/robotics/ros_ws/install/turtlebot3_fake_node/share/turtlebot3_fake_node/local_setup.zsh
[7.615s] -- Symlinking: /data/home/yanzezhang/Documents/roboClaw/RoboClaw_Nav/robotics/ros_ws/install/turtlebot3_fake_node/share/turtlebot3_fake_node/local_setup.dsv
[7.624s] -- Symlinking: /data/home/yanzezhang/Documents/roboClaw/RoboClaw_Nav/robotics/ros_ws/install/turtlebot3_fake_node/share/turtlebot3_fake_node/package.dsv
[7.634s] -- Symlinking: /data/home/yanzezhang/Documents/roboClaw/RoboClaw_Nav/robotics/ros_ws/install/turtlebot3_fake_node/share/ament_index/resource_index/packages/turtlebot3_fake_node
[7.643s] -- Symlinking: /data/home/yanzezhang/Documents/roboClaw/RoboClaw_Nav/robotics/ros_ws/install/turtlebot3_fake_node/share/turtlebot3_fake_node/cmake/ament_cmake_export_include_directories-extras.cmake
[7.652s] -- Symlinking: /data/home/yanzezhang/Documents/roboClaw/RoboClaw_Nav/robotics/ros_ws/install/turtlebot3_fake_node/share/turtlebot3_fake_node/cmake/ament_cmake_export_dependencies-extras.cmake
[7.663s] -- Symlinking: /data/home/yanzezhang/Documents/roboClaw/RoboClaw_Nav/robotics/ros_ws/install/turtlebot3_fake_node/share/turtlebot3_fake_node/cmake/turtlebot3_fake_nodeConfig.cmake
[7.673s] -- Symlinking: /data/home/yanzezhang/Documents/roboClaw/RoboClaw_Nav/robotics/ros_ws/install/turtlebot3_fake_node/share/turtlebot3_fake_node/cmake/turtlebot3_fake_nodeConfig-version.cmake
[7.682s] -- Symlinking: /data/home/yanzezhang/Documents/roboClaw/RoboClaw_Nav/robotics/ros_ws/install/turtlebot3_fake_node/share/turtlebot3_fake_node/package.xml
[7.693s] Invoked command in '/data/home/yanzezhang/Documents/roboClaw/RoboClaw_Nav/robotics/ros_ws/build/turtlebot3_fake_node' returned '0': AMENT_PREFIX_PATH=/data/home/yanzezhang/Documents/roboClaw/RoboClaw_Nav/robotics/ros_ws/install/turtlebot3_msgs:${AMENT_PREFIX_PATH} CMAKE_PREFIX_PATH=/data/home/yanzezhang/Documents/roboClaw/RoboClaw_Nav/robotics/ros_ws/install/turtlebot3_msgs:/data/home/yanzezhang/turtlebot3_ws/install/turtlebot3:/data/home/yanzezhang/turtlebot3_ws/install/turtlebot3_simulations:/data/home/yanzezhang/turtlebot3_ws/install/turtlebot3_bringup:/data/home/yanzezhang/turtlebot3_ws/install/turtlebot3_node:/data/home/yanzezhang/turtlebot3_ws/install/turtlebot3_navigation2:/data/home/yanzezhang/turtlebot3_ws/install/turtlebot3_fake_node:/data/home/yanzezhang/turtlebot3_ws/install/turtlebot3_msgs:/data/home/yanzezhang/turtlebot3_ws/install/turtlebot3_manipulation_gazebo:/data/home/yanzezhang/turtlebot3_ws/install/turtlebot3_gazebo:/data/home/yanzezhang/turtlebot3_ws/install/turtlebot3_description:/data/home/yanzezhang/turtlebot3_ws/install/turtlebot3_cartographer:/data/home/yanzezhang/turtlebot3_ws/install/dynamixel_sdk_examples:/data/home/yanzezhang/turtlebot3_ws/install/dynamixel_sdk_custom_interfaces:/data/home/yanzezhang/turtlebot3_ws/install/dynamixel_sdk:/data/home/yanzezhang/turtlebot3_ws/install/turtlebot3_teleop:/data/home/yanzezhang/turtlebot3_ws/install/turtlebot3_example:/opt/ros/humble LD_LIBRARY_PATH=/data/home/yanzezhang/Documents/roboClaw/RoboClaw_Nav/robotics/ros_ws/install/turtlebot3_msgs/lib:/data/home/yanzezhang/turtlebot3_ws/install/turtlebot3_msgs/lib:/data/home/yanzezhang/turtlebot3_ws/install/dynamixel_sdk_custom_interfaces/lib:/data/home/yanzezhang/turtlebot3_ws/install/dynamixel_sdk/lib:/usr/lib/x86_64-linux-gnu/gazebo-11/plugins:/opt/ros/humble/opt/rviz_ogre_vendor/lib:/opt/ros/humble/lib/x86_64-linux-gnu:/opt/ros/humble/lib:/usr/lib/x86_64-linux-gnu/gazebo-11/plugins PYTHONPATH=/data/home/yanzezhang/Documents/roboClaw/RoboClaw_Nav/robotics/ros_ws/install/turtlebot3_msgs/local/lib/python3.10/dist-packages:${PYTHONPATH} /usr/bin/cmake --install /data/home/yanzezhang/Documents/roboClaw/RoboClaw_Nav/robotics/ros_ws/build/turtlebot3_fake_node
